Log file open, 08/12/24 23:41:35
LogInit:Display: Running engine for game: UAM_Uproject
LogPlatformFile: Not using cached read wrapper
LogInit:Display: RandInit(-404424616) SRandInit(-404424612).
LogInit: Using version manifest at CL 0 with build ID '320bd2db-b20f-4847-b110-546ed0ad14b7'
LogTaskGraph: Started task graph with 4 named threads and 11 total threads.
LogStats: Stats thread started at 0.169906
LogInit: Version: 4.11.2-0+UE4
LogInit: API Version: 0
LogInit: Compiled (64-bit): Jun 29 2024 20:51:17
LogInit: Compiled with Visual C++: 19.00.24215.01
LogInit: Build Configuration: Development
LogInit: Branch Name: UE4
LogInit: Command line:  
LogInit: Base directory: D:/unreal_engine_installs/UE_4.11_source_build/Engine/Binaries/Win64/
LogInit: Installed Engine Build: 0
LogInit: Using libcurl 7.41.0
LogInit:  - built for x86_64-pc-win32
LogInit:  - supports SSL with WinSSL
LogInit:  - other features:
LogInit:      CURL_VERSION_SSL
LogInit:      CURL_VERSION_IPV6
LogInit:      CURL_VERSION_ASYNCHDNS
LogInit:      CURL_VERSION_LARGEFILE
LogInit:      CURL_VERSION_IDN
LogInit:  CurlRequestOptions (configurable via config and command line):
LogInit:  - bVerifyPeer = true  - Libcurl will verify peer certificate
LogInit:  - bUseHttpProxy = false  - Libcurl will NOT use HTTP proxy
LogInit:  - bDontReuseConnections = false  - Libcurl will reuse connections
LogInit:  - CertBundlePath = nullptr  - Libcurl will use whatever was configured at build time.
LogInit: Presizing for max 16777216 objects, including 0 objects not considered by GC, pre-allocating 0 bytes for permanent pool.
LogInit: Object subsystem initialized
[2024.08.13-03.41.35:942][  0]LogInit: Selected Device Profile: [Windows]
[2024.08.13-03.41.35:942][  0]LogInit: Applying CVar settings loaded from the selected device profile: [Windows]
[2024.08.13-03.41.35:949][  0]LogInit: Computer: DESKTOP-H8M04FC
[2024.08.13-03.41.35:949][  0]LogInit: User: Mythical
[2024.08.13-03.41.35:949][  0]LogInit: CPU Page size=65536, Cores=8
[2024.08.13-03.41.35:949][  0]LogInit: High frequency timer resolution =10.000000 MHz
[2024.08.13-03.41.35:949][  0]LogMemory: Memory total: Physical=15.7GB (16GB approx)
[2024.08.13-03.41.35:949][  0]LogMemory: Platform Memory Stats for Windows
[2024.08.13-03.41.35:949][  0]LogMemory: Process Physical Memory: 316.62 MB used, 316.62 MB peak
[2024.08.13-03.41.35:949][  0]LogMemory: Process Virtual Memory: 316.61 MB used, 316.61 MB peak
[2024.08.13-03.41.35:949][  0]LogMemory: Physical Memory: 11178.70 MB used, 16085.50 MB total
[2024.08.13-03.41.35:949][  0]LogMemory: Virtual Memory: 4769.20 MB used, 134217728.00 MB total
[2024.08.13-03.41.36:029][  0]LogTextLocalizationManager: No specific translations for ('en-US') exist, so ('en') translations will be used.
[2024.08.13-03.41.36:378][  0]LogD3D11RHI: D3D11 adapters:
[2024.08.13-03.41.36:549][  0]LogD3D11RHI:    0. 'NVIDIA GeForce RTX 3070 Laptop GPU' (Feature Level 11_0)
[2024.08.13-03.41.36:549][  0]LogD3D11RHI:       8020MB of dedicated video memory, 0MB of dedicated system memory, and 8042MB of shared system memory, 1 output[s]
[2024.08.13-03.41.36:586][  0]LogD3D11RHI:    1. 'Intel(R) UHD Graphics' (Feature Level 11_0)
[2024.08.13-03.41.36:586][  0]LogD3D11RHI:       128MB of dedicated video memory, 0MB of dedicated system memory, and 8042MB of shared system memory, 1 output[s]
[2024.08.13-03.41.36:589][  0]LogD3D11RHI:    2. 'Microsoft Basic Render Driver' (Feature Level 11_0)
[2024.08.13-03.41.36:589][  0]LogD3D11RHI:       0MB of dedicated video memory, 0MB of dedicated system memory, and 8042MB of shared system memory, 0 output[s]
[2024.08.13-03.41.36:589][  0]LogD3D11RHI: Chosen D3D11 Adapter: 0
[2024.08.13-03.41.36:601][  0]LogD3D11RHI: Creating new Direct3DDevice
[2024.08.13-03.41.36:601][  0]LogD3D11RHI:     Adapter Name: NVIDIA GeForce RTX 3070 Laptop GPU
[2024.08.13-03.41.36:601][  0]LogD3D11RHI:   Driver Version: Unknown (internal Unknown)
[2024.08.13-03.41.36:601][  0]LogD3D11RHI:      Driver Date: Unknown
[2024.08.13-03.41.36:601][  0]LogRHI: Texture pool is 1361 MB (70% of 1945 MB)
[2024.08.13-03.41.36:724][  0]LogD3D11RHI: Async texture creation enabled
[2024.08.13-03.41.36:741][  0]LogShaderCompilers: Guid format shader working directory is -8 characters bigger than the processId version (C:/Users/Mythical/Documents/GitHub/UnrealAutoModInEditor/Intermediate/Shaders/WorkingDirectory/35788/).
[2024.08.13-03.41.36:741][  0]LogShaderCompilers: Cleaned the shader compiler working directory 'C:/Users/Mythical/AppData/Local/Temp/UnrealShaderWorkingDir/265F72874F1E55FAC9AFCC8FB439D322/'.
[2024.08.13-03.41.36:741][  0]LogShaderCompilers:Display: Using Local Shader Compiler.
[2024.08.13-03.41.37:575][  0]LogTemp:Display: Loaded TP WindowsTargetPlatform
[2024.08.13-03.41.37:580][  0]LogTemp:Display: Loaded TP WindowsNoEditorTargetPlatform
[2024.08.13-03.41.37:584][  0]LogTemp:Display: Loaded TP WindowsServerTargetPlatform
[2024.08.13-03.41.37:589][  0]LogTemp:Display: Loaded TP WindowsClientTargetPlatform
[2024.08.13-03.41.37:594][  0]LogTemp:Display: Loaded TP AllDesktopTargetPlatform
[2024.08.13-03.41.37:598][  0]LogTemp:Display: Loaded TP AndroidTargetPlatform
[2024.08.13-03.41.37:602][  0]LogTemp:Display: Loaded TP Android_PVRTCTargetPlatform
[2024.08.13-03.41.37:606][  0]LogTemp:Display: Loaded TP Android_ATCTargetPlatform
[2024.08.13-03.41.37:609][  0]LogTemp:Display: Loaded TP Android_DXTTargetPlatform
[2024.08.13-03.41.37:613][  0]LogTemp:Display: Loaded TP Android_ETC1TargetPlatform
[2024.08.13-03.41.37:617][  0]LogTemp:Display: Loaded TP Android_ETC2TargetPlatform
[2024.08.13-03.41.37:621][  0]LogTemp:Display: Loaded TP Android_ASTCTargetPlatform
[2024.08.13-03.41.37:626][  0]LogTemp:Display: Loaded TP Android_MultiTargetPlatform
[2024.08.13-03.41.37:627][  0]LogTemp:Display: Loaded TP HTML5TargetPlatform
[2024.08.13-03.41.37:646][  0]LogTemp:Display: Loaded TP IOSTargetPlatform
[2024.08.13-03.41.37:650][  0]LogTemp:Display: Loaded TP TVOSTargetPlatform
[2024.08.13-03.41.37:650][  0]LogTargetPlatformManager:Display: Building Assets For Windows
[2024.08.13-03.41.37:740][  0]LogDerivedDataCache:Display: Max Cache Size: 512 MB
[2024.08.13-03.41.37:777][  0]LogDerivedDataCache: Loaded boot cache 0.04s 46MB C:/Users/Mythical/Documents/GitHub/UnrealAutoModInEditor/DerivedDataCache/Boot.ddc.
[2024.08.13-03.41.37:777][  0]LogDerivedDataCache:Display: Loaded Boot cache: C:/Users/Mythical/Documents/GitHub/UnrealAutoModInEditor/DerivedDataCache/Boot.ddc
[2024.08.13-03.41.37:777][  0]LogDerivedDataCache: FDerivedDataBackendGraph:  Pak pak cache file C:/Users/Mythical/Documents/GitHub/UnrealAutoModInEditor/DerivedDataCache/DDC.ddp not found, will not use a pak cache.
[2024.08.13-03.41.37:777][  0]LogDerivedDataCache: Unable to find inner node Pak for hierarchical cache Hierarchy.
[2024.08.13-03.41.37:777][  0]LogDerivedDataCache: FDerivedDataBackendGraph:  EnginePak pak cache file ../../../Engine/DerivedDataCache/DDC.ddp not found, will not use a pak cache.
[2024.08.13-03.41.37:777][  0]LogDerivedDataCache: Unable to find inner node EnginePak for hierarchical cache Hierarchy.
[2024.08.13-03.41.37:790][  0]LogDerivedDataCache: Using Local data cache path ../../../Engine/DerivedDataCache: Writable
[2024.08.13-03.41.37:790][  0]LogDerivedDataCache: Shared data cache path not found in *engine.ini, will not use an Shared cache.
[2024.08.13-03.41.37:790][  0]LogDerivedDataCache: Unable to find inner node Shared for hierarchical cache Hierarchy.
[2024.08.13-03.41.37:963][  0]LogInit: Selected Device Profile: [Windows]
[2024.08.13-03.41.37:964][  0]LogContentStreaming: Texture pool size is 0.00 MB
[2024.08.13-03.41.38:002][  0]LogMaterial: Uniform references updated for custom material expression Custom.
[2024.08.13-03.41.38:150][  0]LogMeshUtilities: No automatic mesh reduction module available
[2024.08.13-03.41.38:150][  0]LogMeshUtilities: No automatic mesh merging module available
[2024.08.13-03.41.38:150][  0]LogMeshUtilities: No distributed automatic mesh merging module available
[2024.08.13-03.41.38:381][  0]LogUObjectArray: 27672 objects as part of root set at end of initial load.
[2024.08.13-03.41.38:382][  0]LogUObjectAllocator: 5590152 out of 0 bytes used by permanent object pool.
[2024.08.13-03.41.38:382][  0]LogUObjectArray: CloseDisregardForGC: 0/0 objects in disregard for GC pool
[2024.08.13-03.41.38:387][  0]LogInit: WinSock: version 1.1 (2.2), MaxSocks=32767, MaxUdp=65467
[2024.08.13-03.41.38:482][  0]LogSlate: SlateFontCache - WITH_FREETYPE: 1, WITH_HARFBUZZ: 1
[2024.08.13-03.41.38:482][  0]LogSlate: SlateFontCache - WITH_FREETYPE: 1, WITH_HARFBUZZ: 1
[2024.08.13-03.41.38:585][  0]LogStreaming:Warning: Failed to read file '../../../Engine/Content/Editor/Slate/Common/Selection_16x.png' error.
[2024.08.13-03.41.38:585][  0]LogSlate: Could not find file for Slate resource: ../../../Engine/Content/Editor/Slate/Common/Selection_16x.png
[2024.08.13-03.41.38:585][  0]LogStreaming:Warning: Failed to read file '../../../Engine/Content/Editor/Slate/Common/Selection_16x.png' error.
[2024.08.13-03.41.38:585][  0]LogSlate: Could not find file for Slate resource: ../../../Engine/Content/Editor/Slate/Common/Selection_16x.png
[2024.08.13-03.41.38:585][  0]LogStreaming:Warning: Failed to read file '../../../Engine/Content/Editor/Slate/Common/Selection_16x.png' error.
[2024.08.13-03.41.38:585][  0]LogSlate: Could not find file for Slate resource: ../../../Engine/Content/Editor/Slate/Common/Selection_16x.png
[2024.08.13-03.41.39:179][  0]LogUdpMessaging: Initializing bridge on interface 0.0.0.0:0 to multicast group 230.0.0.1:6666.
[2024.08.13-03.41.39:303][  0]LogAssetRegistry: FAssetRegistry took 0.0221 seconds to start up
[2024.08.13-03.41.39:450][  0]SourceControl: Info Source control is disabled
[2024.08.13-03.41.39:513][  0]SourceControl: Info Source control is disabled
[2024.08.13-03.41.39:526][  0]SourceControl: Info Source control is disabled
[2024.08.13-03.41.39:539][  0]SourceControl: Info Source control is disabled
[2024.08.13-03.41.39:739][  0]LogHMD: Failed to initialize OpenVR with code 110
[2024.08.13-03.41.39:891][  0]LogStreaming:Warning: Failed to read file '../../../Engine/Content/Editor/Slate/Common/Selection_16x.png' error.
[2024.08.13-03.41.39:891][  0]LogSlate: Could not find file for Slate resource: ../../../Engine/Content/Editor/Slate/Common/Selection_16x.png
[2024.08.13-03.41.39:891][  0]LogStreaming:Warning: Failed to read file '../../../Engine/Content/Editor/Slate/Common/Selection_16x.png' error.
[2024.08.13-03.41.39:891][  0]LogSlate: Could not find file for Slate resource: ../../../Engine/Content/Editor/Slate/Common/Selection_16x.png
[2024.08.13-03.41.39:891][  0]LogStreaming:Warning: Failed to read file '../../../Engine/Content/Editor/Slate/Common/Selection_16x.png' error.
[2024.08.13-03.41.39:891][  0]LogSlate: Could not find file for Slate resource: ../../../Engine/Content/Editor/Slate/Common/Selection_16x.png
[2024.08.13-03.41.40:434][  0]LogEngine: Initializing Engine...
[2024.08.13-03.41.40:563][  0]LogAIModule: Creating AISystem for world NewWorld
[2024.08.13-03.41.40:579][  0]LogInit: XAudio2 using 'Speakers (Realtek(R) Audio)' : 2 channels at 48 kHz using 32 bits per sample (channel mask 0x3)
[2024.08.13-03.41.40:627][  0]LogInit: FAudioDevice initialized.
[2024.08.13-03.41.40:647][  0]LogDerivedDataCache: Saved boot cache 0.02s 46MB C:/Users/Mythical/Documents/GitHub/UnrealAutoModInEditor/DerivedDataCache/Boot.ddc.
[2024.08.13-03.41.40:649][  0]LogInit: Texture streaming: Enabled
[2024.08.13-03.41.40:674][  0]LogInit: Transaction tracking system initialized
[2024.08.13-03.41.40:695][  0]BlueprintLog: New page: Editor Load
[2024.08.13-03.41.40:764][  0]LocalizationService: Info Localization service is disabled
[2024.08.13-03.41.40:843][  0]LogConsoleResponse:Display: 
[2024.08.13-03.41.40:943][  0]LogCook:Display: Max memory allowance for cook 8192mb
[2024.08.13-03.41.40:943][  0]LogCook:Display: Mobile HDR setting 1
[2024.08.13-03.41.40:943][  0]LogCook:Display: Done creating registry. It took  0.00s.
[2024.08.13-03.41.40:999][  0]LogFileCache: Scanning file cache for directory 'C:/Users/Mythical/Documents/GitHub/UnrealAutoModInEditor/Content/' took 0.01s
[2024.08.13-03.41.40:999][  0]SourceControl: Info Source control is disabled
[2024.08.13-03.41.40:999][  0]Cmd: MAP LOAD FILE="C:/Users/Mythical/Documents/GitHub/UnrealAutoModInEditor/Plugins/UnrealAutoMod/Content/NewWorld.umap" TEMPLATE=0 SHOWPROGRESS=1 FEATURELEVEL=3
[2024.08.13-03.41.40:999][  0]LogEditorServer:Warning: Can't find file 'C:/Users/Mythical/Documents/GitHub/UnrealAutoModInEditor/Plugins/UnrealAutoMod/Content/NewWorld.umap'
[2024.08.13-03.41.40:999][  0]Cmd: MAP CHECKDEP NOCLEARLOG
[2024.08.13-03.41.41:063][  0]MapCheck: Info Map check complete: 0 Error(s), 0 Warning(s), took 63.885ms to complete.
[2024.08.13-03.41.41:063][  0]LogFileHelpers: Loading map 'NewWorld' took 0.064
[2024.08.13-03.41.41:139][  0]LogCollectionManager: Loaded 0 collections in 0.001093 seconds
[2024.08.13-03.41.41:177][  0]LogFileCache: Scanning file cache for directory 'C:/Users/Mythical/Documents/GitHub/UnrealAutoModInEditor/Saved/Collections/' took 0.01s
[2024.08.13-03.41.41:177][  0]LogFileCache: Scanning file cache for directory 'C:/Users/Mythical/Documents/GitHub/UnrealAutoModInEditor/Content/Developers/Mythical/Collections/' took 0.01s
[2024.08.13-03.41.41:177][  0]LogFileCache: Scanning file cache for directory 'C:/Users/Mythical/Documents/GitHub/UnrealAutoModInEditor/Content/Collections/' took 0.01s
[2024.08.13-03.41.41:177][  0]LogCollectionManager: Rebuilt the GUID cache for 0 collections in 0.000002 seconds
[2024.08.13-03.41.41:182][  0]LogContentBrowser: Native class hierarchy populated in 0.0054 seconds. Added 1981 classes and 346 folders.
[2024.08.13-03.41.41:185][  0]LogStats: UGameplayTagsManager::ConstructGameplayTagTree: Construct from data asset -  0.000 s
[2024.08.13-03.41.41:185][  0]LogStats: UGameplayTagsManager::ConstructGameplayTagTree: GameplayTagTreeChangedEvent.Broadcast -  0.000 s
[2024.08.13-03.41.41:186][  0]LogContentBrowser: Native class hierarchy updated for 'GameplayTags' in 0.0012 seconds. Added 12 classes and 0 folders.
[2024.08.13-03.41.41:190][  0]LogContentBrowser: Native class hierarchy updated for 'WidgetCarousel' in 0.0011 seconds. Added 0 classes and 0 folders.
[2024.08.13-03.41.41:196][  0]LogContentBrowser: Native class hierarchy updated for 'SuperSearch' in 0.0012 seconds. Added 1 classes and 2 folders.
[2024.08.13-03.41.41:247][  0]LogContentBrowser: Native class hierarchy updated for 'AddContentDialog' in 0.0015 seconds. Added 0 classes and 0 folders.
[2024.08.13-03.41.41:288][  0]LogCrashTracker: Crashtracker disabled due to settings.
[2024.08.13-03.41.41:297][  0]LogUObjectGlobals:Warning: Failed to find object 'Class None.'
[2024.08.13-03.41.41:323][  0]LogContentBrowser: Native class hierarchy updated for 'HierarchicalLODOutliner' in 0.0012 seconds. Added 1 classes and 2 folders.
[2024.08.13-03.41.41:323][  0]LogLoad: Full Startup: 6.65 seconds (BP compile: 0.00 seconds)
[2024.08.13-03.41.41:323][  0]LogExternalProfiler:Warning: No registered external profiler was matched with a command-line switch (or the DLL could not be loaded).  External profiling features will not be available.
[2024.08.13-03.41.41:663][  0]LogOcInput: OculusInput pre-init called
[2024.08.13-03.41.41:674][  0]LogAssetRegistry: Asset discovery search completed in 2.3927 seconds
[2024.08.13-03.41.41:674][  0]LogCollectionManager: Rebuilt the object cache for 0 collections in 0.000001 seconds (found 0 objects)
[2024.08.13-03.41.41:674][  0]LogCollectionManager: Fixed up redirectors for 0 collections in 0.000048 seconds (updated 0 objects)
[2024.08.13-03.41.41:700][  0]LogContentStreaming: Texture pool size now 1000 MB
[2024.08.13-03.41.41:814][  0]LogRenderer: Reallocating scene render targets to support 1628x460 (Frame:2).
[2024.08.13-03.42.05:123][645]LogContentBrowser: Native class hierarchy updated for 'BlueprintGraph' in 0.0020 seconds. Added 108 classes and 0 folders.
[2024.08.13-03.43.33:851][627]BlueprintLog: New page: Compile WBP_UnrealAutoModMini
[2024.08.13-03.43.34:073][627]BlueprintEditorCompileResults: Info [0119.40] Compile of WBP_UnrealAutoModMini successful! [in 220 ms]
[2024.08.13-03.43.34:668][646]LogSavePackage: Save=222.56ms
[2024.08.13-03.43.34:669][646]LogSavePackage: Moving 'C:/Users/Mythical/Documents/GitHub/UnrealAutoModInEditor/Saved/WBP_UnrealAutoModMini84E39C584B518D152BD991B3BB8E4C88.tmp' to 'C:/Users/Mythical/Documents/GitHub/UnrealAutoModInEditor/Plugins/UnrealAutoMod/Content/Widgets/WBP_UnrealAutoModMini.uasset'
[2024.08.13-03.43.34:671][646]LogSavePackage: Total save time: 226.17ms
[2024.08.13-03.43.34:671][646]LogSavePackage:Display: Finished SavePackage C:/Users/Mythical/Documents/GitHub/UnrealAutoModInEditor/Plugins/UnrealAutoMod/Content/Widgets/WBP_UnrealAutoModMini.uasset
[2024.08.13-03.43.36:191][735]LogPlayLevel: PlayLevel: No blueprints needed recompiling
[2024.08.13-03.43.36:196][735]PIE: New page: PIE session: Untitled_0 (Aug 12, 2024, 6:43:36 PM)
[2024.08.13-03.43.36:196][735]LogPlayLevel: Creating play world package: /Temp/UEDPIE_0_Untitled_0
[2024.08.13-03.43.36:198][735]LogPlayLevel: PIE: StaticDuplicateObject took: (0.001920s)
[2024.08.13-03.43.36:199][735]LogAIModule: Creating AISystem for world NewWorld
[2024.08.13-03.43.36:199][735]LogPlayLevel: PIE: World Init took: (0.000581s)
[2024.08.13-03.43.36:199][735]LogPlayLevel: PIE: Created PIE world by copying editor world from /Temp/Untitled_0.NewWorld to /Temp/UEDPIE_0_Untitled_0.NewWorld (0.002951s)
[2024.08.13-03.43.36:233][735]LogInit: XAudio2 using 'Speakers (Realtek(R) Audio)' : 2 channels at 48 kHz using 32 bits per sample (channel mask 0x3)
[2024.08.13-03.43.36:276][735]LogInit: FAudioDevice initialized.
[2024.08.13-03.43.36:314][735]LogAudioDerivedData:Display: Building compressed audio format OGG wave StartPlayInEditor...
[2024.08.13-03.43.36:393][735]LogWorld: Game class is 'UAM_UprojectGameMode'
[2024.08.13-03.43.36:395][735]LogWorld: Bringing World /Temp/UEDPIE_0_Untitled_0.NewWorld up for play (max tick rate 60) at 2024.08.12-23.43.36
[2024.08.13-03.43.36:397][735]LogWorld: Bringing up level for play took: 0.002602
[2024.08.13-03.43.36:426][735]LogContentBrowser: Native class hierarchy updated for 'MovieSceneCapture' in 0.0012 seconds. Added 9 classes and 0 folders.
[2024.08.13-03.43.36:434][735]PIE: Info Play in editor start time for /Temp/UEDPIE_0_Untitled_0 0.743
[2024.08.13-03.43.37:432][792]LogAudioDerivedData:Display: Building compressed audio format OGG wave EndPlayInEditor...
[2024.08.13-03.43.38:706][826]LogCrashTracker: 


[2024.08.13-03.43.38:904][826]LogCrashTracker: 


[2024.08.13-03.43.38:904][826]LogWindows:Error: === Critical error: ===
Fatal error!

Unhandled Exception: EXCEPTION_ACCESS_VIOLATION reading address 0xffffffff

UE4Editor-UMG.dll!UWidget::TakeWidget() [d:\unreal_engine_installs\ue_4.11_source_build\engine\source\runtime\umg\private\components\widget.cpp:481]
UE4Editor-UnrealAutoMod.dll
UE4Editor-UnrealAutoMod.dll
UE4Editor-UnrealAutoMod.dll
UE4Editor-UnrealAutoMod.dll
UE4Editor-Slate.dll!TBaseDelegate<TSharedRef<SDockTab,0>,FSpawnTabArgs const & __ptr64>::Execute() [d:\unreal_engine_installs\ue_4.11_source_build\engine\source\runtime\core\public\delegates\delegatesignatureimpl_variadics.inl:521]
UE4Editor-Slate.dll!FTabManager::SpawnTab() [d:\unreal_engine_installs\ue_4.11_source_build\engine\source\runtime\slate\private\framework\docking\tabmanager.cpp:1214]
UE4Editor-Slate.dll!FTabManager::InvokeTab_Internal() [d:\unreal_engine_installs\ue_4.11_source_build\engine\source\runtime\slate\private\framework\docking\tabmanager.cpp:942]
UE4Editor-Slate.dll!FTabManager::InvokeTab() [d:\unreal_engine_installs\ue_4.11_source_build\engine\source\runtime\slate\private\framework\docking\tabmanager.cpp:882]
UE4Editor-UnrealAutoMod.dll
UE4Editor-UnrealAutoMod.dll
UE4Editor-Slate.dll!FUICommandList::ExecuteAction() [d:\unreal_engine_installs\ue_4.11_source_build\engine\source\runtime\slate\private\framework\commands\uicommandlist.cpp:87]
UE4Editor-Slate.dll!SToolBarButtonBlock::OnClicked() [d:\unreal_engine_installs\ue_4.11_source_build\engine\source\runtime\slate\private\framework\multibox\stoolbarbuttonblock.cpp:300]
UE4Editor-Slate.dll!TMemberFunctionCaller<SToolBarButtonBlock,FReply (__cdecl SToolBarButtonBlock::*)(void) __ptr64>::operator()<>() [d:\unreal_engine_installs\ue_4.11_source_build\engine\source\runtime\core\public\delegates\delegateinstanceinterface_variadics.h:161]
UE4Editor-Slate.dll!TTupleImpl<TIntegerSequence<unsigned int> >::ApplyAfter_ExplicitReturnType<FReply,TMemberFunctionCaller<SToolBarButtonBlock,FReply (__cdecl SToolBarButtonBlock::*)(void) __ptr64> >() [d:\unreal_engine_installs\ue_4.11_source_build\engine\source\runtime\core\public\delegates\tuple.h:128]
UE4Editor-Slate.dll!TBaseSPMethodDelegateInstance<0,SToolBarButtonBlock,0,FReply __cdecl(void)>::Execute() [d:\unreal_engine_installs\ue_4.11_source_build\engine\source\runtime\core\public\delegates\delegateinstancesimpl_variadics.inl:321]
UE4Editor-Slate.dll!TBaseDelegate<FReply>::Execute() [d:\unreal_engine_installs\ue_4.11_source_build\engine\source\runtime\core\public\delegates\delegatesignatureimpl_variadics.inl:521]
UE4Editor-Slate.dll!SButton::OnMouseButtonUp() [d:\unreal_engine_installs\ue_4.11_source_build\engine\source\runtime\slate\private\widgets\input\sbutton.cpp:273]
UE4Editor-Slate.dll!<lambda_9ed539f2a96fd1ccd6d2214174cc7705>::operator()() [d:\unreal_engine_installs\ue_4.11_source_build\engine\source\runtime\slate\private\framework\application\slateapplication.cpp:4540]
UE4Editor-Slate.dll!FEventRouter::Route<FReply,FEventRouter::FToLeafmostPolicy,FPointerEvent,<lambda_9ed539f2a96fd1ccd6d2214174cc7705> >() [d:\unreal_engine_installs\ue_4.11_source_build\engine\source\runtime\slate\private\framework\application\slateapplication.cpp:214]
UE4Editor-Slate.dll!FSlateApplication::RoutePointerUpEvent() [d:\unreal_engine_installs\ue_4.11_source_build\engine\source\runtime\slate\private\framework\application\slateapplication.cpp:4530]
UE4Editor-Slate.dll!FSlateApplication::ProcessMouseButtonUpEvent() [d:\unreal_engine_installs\ue_4.11_source_build\engine\source\runtime\slate\private\framework\application\slateapplication.cpp:4947]
UE4Editor-Slate.dll!FSlateApplication::OnMouseUp() [d:\unreal_engine_installs\ue_4.11_source_build\engine\source\runtime\slate\private\framework\application\slateapplication.cpp:4923]
UE4Editor-Core.dll!FWindowsApplication::ProcessDeferredMessage() [d:\unreal_engine_installs\ue_4.11_source_build\engine\source\runtime\core\private\windows\windowsapplication.cpp:1415]
UE4Editor-Core.dll!FWindowsApplication::DeferMessage() [d:\unreal_engine_installs\ue_4.11_source_build\engine\source\runtime\core\private\windows\windowsapplication.cpp:1732]
UE4Editor-Core.dll!FWindowsApplication::ProcessMessage() [d:\unreal_engine_installs\ue_4.11_source_build\engine\source\runtime\core\private\windows\windowsapplication.cpp:697]
UE4Editor-Core.dll!FWindowsApplication::AppWndProc() [d:\unreal_engine_installs\ue_4.11_source_build\engine\source\runtime\core\private\windows\windowsapplication.cpp:619]
USER32.dll
USER32.dll
UE4Editor-Core.dll!FWindowsPlatformMisc::PumpMessages() [d:\unreal_engine_installs\ue_4.11_source_build\engine\source\runtime\core\private\windows\windowsplatformmisc.cpp:884]
UE4Editor.exe!FEngineLoop::Tick() [d:\unreal_engine_installs\ue_4.11_source_build\engine\source\runtime\launch\private\launchengineloop.cpp:2611]
UE4Editor.exe!GuardedMain() [d:\unreal_engine_installs\ue_4.11_source_build\engine\source\runtime\launch\private\launch.cpp:142]
UE4Editor.exe!GuardedMainWrapper() [d:\unreal_engine_installs\ue_4.11_source_build\engine\source\runtime\launch\private\windows\launchwindows.cpp:126]
UE4Editor.exe!WinMain() [d:\unreal_engine_installs\ue_4.11_source_build\engine\source\runtime\launch\private\windows\launchwindows.cpp:200]
UE4Editor.exe!__scrt_common_main_seh() [f:\dd\vctools\crt\vcstartup\src\startup\exe_common.inl:253]
KERNEL32.DLL
ntdll.dll
ntdll.dll


[2024.08.13-03.43.38:934][826]LogExit: Executing StaticShutdownAfterError
[2024.08.13-03.43.38:937][826]LogPhysics:Warning: PHYSX: ..\..\PhysX\src\NpScene.cpp (2946) 8 : PxScene::unlockWrite() called without matching call to PxScene::lockWrite(), behaviour will be undefined.
[2024.08.13-03.43.38:937][826]LogPhysics:Warning: PHYSX: ..\..\PhysX\src\NpScene.cpp (2946) 8 : PxScene::unlockWrite() called without matching call to PxScene::lockWrite(), behaviour will be undefined.
[2024.08.13-03.43.38:937][826]LogPhysics:Warning: PHYSX: ..\..\PhysX\src\NpScene.cpp (2946) 8 : PxScene::unlockWrite() called without matching call to PxScene::lockWrite(), behaviour will be undefined.
[2024.08.13-03.43.38:937][826]LogPhysics:Warning: PHYSX: ..\..\PhysX\src\NpScene.cpp (2946) 8 : PxScene::unlockWrite() called without matching call to PxScene::lockWrite(), behaviour will be undefined.
[2024.08.13-03.43.38:937][826]LogWindows: FPlatformMisc::RequestExit(1)
[2024.08.13-03.43.38:937][826]Log file closed, 08/12/24 23:43:38
