Log file open, 08/12/24 23:34:06
LogInit:Display: Running engine for game: UAM_Uproject
LogPlatformFile: Not using cached read wrapper
LogInit:Display: RandInit(-600664598) SRandInit(-600664595).
LogInit: Using version manifest at CL 0 with build ID '320bd2db-b20f-4847-b110-546ed0ad14b7'
LogTaskGraph: Started task graph with 4 named threads and 11 total threads.
LogStats: Stats thread started at 0.153164
LogInit: Version: 4.11.2-0+UE4
LogInit: API Version: 0
LogInit: Compiled (64-bit): Jun 29 2024 20:51:17
LogInit: Compiled with Visual C++: 19.00.24215.01
LogInit: Build Configuration: Development
LogInit: Branch Name: UE4
LogInit: Command line:  
LogInit: Base directory: D:/unreal_engine_installs/UE_4.11_source_build/Engine/Binaries/Win64/
LogInit: Installed Engine Build: 0
LogInit: Using libcurl 7.41.0
LogInit:  - built for x86_64-pc-win32
LogInit:  - supports SSL with WinSSL
LogInit:  - other features:
LogInit:      CURL_VERSION_SSL
LogInit:      CURL_VERSION_IPV6
LogInit:      CURL_VERSION_ASYNCHDNS
LogInit:      CURL_VERSION_LARGEFILE
LogInit:      CURL_VERSION_IDN
LogInit:  CurlRequestOptions (configurable via config and command line):
LogInit:  - bVerifyPeer = true  - Libcurl will verify peer certificate
LogInit:  - bUseHttpProxy = false  - Libcurl will NOT use HTTP proxy
LogInit:  - bDontReuseConnections = false  - Libcurl will reuse connections
LogInit:  - CertBundlePath = nullptr  - Libcurl will use whatever was configured at build time.
LogInit: Presizing for max 16777216 objects, including 0 objects not considered by GC, pre-allocating 0 bytes for permanent pool.
LogInit: Object subsystem initialized
[2024.08.13-03.34.06:721][  0]LogInit: Selected Device Profile: [Windows]
[2024.08.13-03.34.06:721][  0]LogInit: Applying CVar settings loaded from the selected device profile: [Windows]
[2024.08.13-03.34.06:725][  0]LogInit: Computer: DESKTOP-H8M04FC
[2024.08.13-03.34.06:725][  0]LogInit: User: Mythical
[2024.08.13-03.34.06:725][  0]LogInit: CPU Page size=65536, Cores=8
[2024.08.13-03.34.06:725][  0]LogInit: High frequency timer resolution =10.000000 MHz
[2024.08.13-03.34.06:725][  0]LogMemory: Memory total: Physical=15.7GB (16GB approx)
[2024.08.13-03.34.06:725][  0]LogMemory: Platform Memory Stats for Windows
[2024.08.13-03.34.06:725][  0]LogMemory: Process Physical Memory: 316.45 MB used, 316.45 MB peak
[2024.08.13-03.34.06:725][  0]LogMemory: Process Virtual Memory: 316.58 MB used, 316.58 MB peak
[2024.08.13-03.34.06:725][  0]LogMemory: Physical Memory: 11054.55 MB used, 16085.50 MB total
[2024.08.13-03.34.06:725][  0]LogMemory: Virtual Memory: 4770.20 MB used, 134217728.00 MB total
[2024.08.13-03.34.06:798][  0]LogTextLocalizationManager: No specific translations for ('en-US') exist, so ('en') translations will be used.
[2024.08.13-03.34.07:144][  0]LogD3D11RHI: D3D11 adapters:
[2024.08.13-03.34.07:285][  0]LogD3D11RHI:    0. 'NVIDIA GeForce RTX 3070 Laptop GPU' (Feature Level 11_0)
[2024.08.13-03.34.07:285][  0]LogD3D11RHI:       8020MB of dedicated video memory, 0MB of dedicated system memory, and 8042MB of shared system memory, 1 output[s]
[2024.08.13-03.34.07:312][  0]LogD3D11RHI:    1. 'Intel(R) UHD Graphics' (Feature Level 11_0)
[2024.08.13-03.34.07:312][  0]LogD3D11RHI:       128MB of dedicated video memory, 0MB of dedicated system memory, and 8042MB of shared system memory, 1 output[s]
[2024.08.13-03.34.07:314][  0]LogD3D11RHI:    2. 'Microsoft Basic Render Driver' (Feature Level 11_0)
[2024.08.13-03.34.07:314][  0]LogD3D11RHI:       0MB of dedicated video memory, 0MB of dedicated system memory, and 8042MB of shared system memory, 0 output[s]
[2024.08.13-03.34.07:314][  0]LogD3D11RHI: Chosen D3D11 Adapter: 0
[2024.08.13-03.34.07:322][  0]LogD3D11RHI: Creating new Direct3DDevice
[2024.08.13-03.34.07:322][  0]LogD3D11RHI:     Adapter Name: NVIDIA GeForce RTX 3070 Laptop GPU
[2024.08.13-03.34.07:322][  0]LogD3D11RHI:   Driver Version: Unknown (internal Unknown)
[2024.08.13-03.34.07:322][  0]LogD3D11RHI:      Driver Date: Unknown
[2024.08.13-03.34.07:322][  0]LogRHI: Texture pool is 1361 MB (70% of 1945 MB)
[2024.08.13-03.34.07:413][  0]LogD3D11RHI: Async texture creation enabled
[2024.08.13-03.34.07:428][  0]LogShaderCompilers: Guid format shader working directory is -8 characters bigger than the processId version (C:/Users/Mythical/Documents/GitHub/UnrealAutoModInEditor/Intermediate/Shaders/WorkingDirectory/33220/).
[2024.08.13-03.34.07:428][  0]LogShaderCompilers: Cleaned the shader compiler working directory 'C:/Users/Mythical/AppData/Local/Temp/UnrealShaderWorkingDir/ECA01675475DBD1E0953FAB63A40A51A/'.
[2024.08.13-03.34.07:428][  0]LogShaderCompilers:Display: Using Local Shader Compiler.
[2024.08.13-03.34.08:171][  0]LogTemp:Display: Loaded TP WindowsTargetPlatform
[2024.08.13-03.34.08:176][  0]LogTemp:Display: Loaded TP WindowsNoEditorTargetPlatform
[2024.08.13-03.34.08:181][  0]LogTemp:Display: Loaded TP WindowsServerTargetPlatform
[2024.08.13-03.34.08:185][  0]LogTemp:Display: Loaded TP WindowsClientTargetPlatform
[2024.08.13-03.34.08:190][  0]LogTemp:Display: Loaded TP AllDesktopTargetPlatform
[2024.08.13-03.34.08:194][  0]LogTemp:Display: Loaded TP AndroidTargetPlatform
[2024.08.13-03.34.08:197][  0]LogTemp:Display: Loaded TP Android_PVRTCTargetPlatform
[2024.08.13-03.34.08:201][  0]LogTemp:Display: Loaded TP Android_ATCTargetPlatform
[2024.08.13-03.34.08:204][  0]LogTemp:Display: Loaded TP Android_DXTTargetPlatform
[2024.08.13-03.34.08:208][  0]LogTemp:Display: Loaded TP Android_ETC1TargetPlatform
[2024.08.13-03.34.08:212][  0]LogTemp:Display: Loaded TP Android_ETC2TargetPlatform
[2024.08.13-03.34.08:216][  0]LogTemp:Display: Loaded TP Android_ASTCTargetPlatform
[2024.08.13-03.34.08:220][  0]LogTemp:Display: Loaded TP Android_MultiTargetPlatform
[2024.08.13-03.34.08:221][  0]LogTemp:Display: Loaded TP HTML5TargetPlatform
[2024.08.13-03.34.08:239][  0]LogTemp:Display: Loaded TP IOSTargetPlatform
[2024.08.13-03.34.08:242][  0]LogTemp:Display: Loaded TP TVOSTargetPlatform
[2024.08.13-03.34.08:242][  0]LogTargetPlatformManager:Display: Building Assets For Windows
[2024.08.13-03.34.08:319][  0]LogDerivedDataCache:Display: Max Cache Size: 512 MB
[2024.08.13-03.34.08:350][  0]LogDerivedDataCache: Loaded boot cache 0.03s 46MB C:/Users/Mythical/Documents/GitHub/UnrealAutoModInEditor/DerivedDataCache/Boot.ddc.
[2024.08.13-03.34.08:350][  0]LogDerivedDataCache:Display: Loaded Boot cache: C:/Users/Mythical/Documents/GitHub/UnrealAutoModInEditor/DerivedDataCache/Boot.ddc
[2024.08.13-03.34.08:350][  0]LogDerivedDataCache: FDerivedDataBackendGraph:  Pak pak cache file C:/Users/Mythical/Documents/GitHub/UnrealAutoModInEditor/DerivedDataCache/DDC.ddp not found, will not use a pak cache.
[2024.08.13-03.34.08:350][  0]LogDerivedDataCache: Unable to find inner node Pak for hierarchical cache Hierarchy.
[2024.08.13-03.34.08:350][  0]LogDerivedDataCache: FDerivedDataBackendGraph:  EnginePak pak cache file ../../../Engine/DerivedDataCache/DDC.ddp not found, will not use a pak cache.
[2024.08.13-03.34.08:350][  0]LogDerivedDataCache: Unable to find inner node EnginePak for hierarchical cache Hierarchy.
[2024.08.13-03.34.08:363][  0]LogDerivedDataCache: Using Local data cache path ../../../Engine/DerivedDataCache: Writable
[2024.08.13-03.34.08:363][  0]LogDerivedDataCache: Shared data cache path not found in *engine.ini, will not use an Shared cache.
[2024.08.13-03.34.08:363][  0]LogDerivedDataCache: Unable to find inner node Shared for hierarchical cache Hierarchy.
[2024.08.13-03.34.08:519][  0]LogInit: Selected Device Profile: [Windows]
[2024.08.13-03.34.08:520][  0]LogContentStreaming: Texture pool size is 0.00 MB
[2024.08.13-03.34.08:555][  0]LogMaterial: Uniform references updated for custom material expression Custom.
[2024.08.13-03.34.08:700][  0]LogMeshUtilities: No automatic mesh reduction module available
[2024.08.13-03.34.08:700][  0]LogMeshUtilities: No automatic mesh merging module available
[2024.08.13-03.34.08:700][  0]LogMeshUtilities: No distributed automatic mesh merging module available
[2024.08.13-03.34.08:966][  0]LogUObjectArray: 27672 objects as part of root set at end of initial load.
[2024.08.13-03.34.08:966][  0]LogUObjectAllocator: 5590144 out of 0 bytes used by permanent object pool.
[2024.08.13-03.34.08:966][  0]LogUObjectArray: CloseDisregardForGC: 0/0 objects in disregard for GC pool
[2024.08.13-03.34.08:973][  0]LogInit: WinSock: version 1.1 (2.2), MaxSocks=32767, MaxUdp=65467
[2024.08.13-03.34.09:099][  0]LogSlate: SlateFontCache - WITH_FREETYPE: 1, WITH_HARFBUZZ: 1
[2024.08.13-03.34.09:099][  0]LogSlate: SlateFontCache - WITH_FREETYPE: 1, WITH_HARFBUZZ: 1
[2024.08.13-03.34.09:236][  0]LogStreaming:Warning: Failed to read file '../../../Engine/Content/Editor/Slate/Common/Selection_16x.png' error.
[2024.08.13-03.34.09:236][  0]LogSlate: Could not find file for Slate resource: ../../../Engine/Content/Editor/Slate/Common/Selection_16x.png
[2024.08.13-03.34.09:236][  0]LogStreaming:Warning: Failed to read file '../../../Engine/Content/Editor/Slate/Common/Selection_16x.png' error.
[2024.08.13-03.34.09:236][  0]LogSlate: Could not find file for Slate resource: ../../../Engine/Content/Editor/Slate/Common/Selection_16x.png
[2024.08.13-03.34.09:236][  0]LogStreaming:Warning: Failed to read file '../../../Engine/Content/Editor/Slate/Common/Selection_16x.png' error.
[2024.08.13-03.34.09:236][  0]LogSlate: Could not find file for Slate resource: ../../../Engine/Content/Editor/Slate/Common/Selection_16x.png
[2024.08.13-03.34.09:892][  0]LogUdpMessaging: Initializing bridge on interface 0.0.0.0:0 to multicast group 230.0.0.1:6666.
[2024.08.13-03.34.10:004][  0]LogAssetRegistry: FAssetRegistry took 0.0223 seconds to start up
[2024.08.13-03.34.10:153][  0]SourceControl: Info Source control is disabled
[2024.08.13-03.34.10:207][  0]SourceControl: Info Source control is disabled
[2024.08.13-03.34.10:220][  0]SourceControl: Info Source control is disabled
[2024.08.13-03.34.10:233][  0]SourceControl: Info Source control is disabled
[2024.08.13-03.34.10:422][  0]LogHMD: Failed to initialize OpenVR with code 110
[2024.08.13-03.34.10:593][  0]LogStreaming:Warning: Failed to read file '../../../Engine/Content/Editor/Slate/Common/Selection_16x.png' error.
[2024.08.13-03.34.10:593][  0]LogSlate: Could not find file for Slate resource: ../../../Engine/Content/Editor/Slate/Common/Selection_16x.png
[2024.08.13-03.34.10:593][  0]LogStreaming:Warning: Failed to read file '../../../Engine/Content/Editor/Slate/Common/Selection_16x.png' error.
[2024.08.13-03.34.10:593][  0]LogSlate: Could not find file for Slate resource: ../../../Engine/Content/Editor/Slate/Common/Selection_16x.png
[2024.08.13-03.34.10:593][  0]LogStreaming:Warning: Failed to read file '../../../Engine/Content/Editor/Slate/Common/Selection_16x.png' error.
[2024.08.13-03.34.10:593][  0]LogSlate: Could not find file for Slate resource: ../../../Engine/Content/Editor/Slate/Common/Selection_16x.png
[2024.08.13-03.34.11:177][  0]LogEngine: Initializing Engine...
[2024.08.13-03.34.11:322][  0]LogAIModule: Creating AISystem for world NewWorld
[2024.08.13-03.34.11:335][  0]LogInit: XAudio2 using 'Speakers (Realtek(R) Audio)' : 2 channels at 48 kHz using 32 bits per sample (channel mask 0x3)
[2024.08.13-03.34.11:383][  0]LogInit: FAudioDevice initialized.
[2024.08.13-03.34.11:404][  0]LogDerivedDataCache: Saved boot cache 0.02s 46MB C:/Users/Mythical/Documents/GitHub/UnrealAutoModInEditor/DerivedDataCache/Boot.ddc.
[2024.08.13-03.34.11:407][  0]LogInit: Texture streaming: Enabled
[2024.08.13-03.34.11:433][  0]LogInit: Transaction tracking system initialized
[2024.08.13-03.34.11:450][  0]BlueprintLog: New page: Editor Load
[2024.08.13-03.34.11:509][  0]LocalizationService: Info Localization service is disabled
[2024.08.13-03.34.11:583][  0]LogConsoleResponse:Display: 
[2024.08.13-03.34.11:685][  0]LogCook:Display: Max memory allowance for cook 8192mb
[2024.08.13-03.34.11:685][  0]LogCook:Display: Mobile HDR setting 1
[2024.08.13-03.34.11:685][  0]LogCook:Display: Done creating registry. It took  0.00s.
[2024.08.13-03.34.11:755][  0]LogFileCache: Scanning file cache for directory 'C:/Users/Mythical/Documents/GitHub/UnrealAutoModInEditor/Content/' took 0.01s
[2024.08.13-03.34.11:755][  0]SourceControl: Info Source control is disabled
[2024.08.13-03.34.11:755][  0]Cmd: MAP LOAD FILE="C:/Users/Mythical/Documents/GitHub/UnrealAutoModInEditor/Plugins/UnrealAutoMod/Content/NewWorld.umap" TEMPLATE=0 SHOWPROGRESS=1 FEATURELEVEL=3
[2024.08.13-03.34.11:755][  0]LogEditorServer:Warning: Can't find file 'C:/Users/Mythical/Documents/GitHub/UnrealAutoModInEditor/Plugins/UnrealAutoMod/Content/NewWorld.umap'
[2024.08.13-03.34.11:755][  0]Cmd: MAP CHECKDEP NOCLEARLOG
[2024.08.13-03.34.11:814][  0]MapCheck: Info Map check complete: 0 Error(s), 0 Warning(s), took 58.94ms to complete.
[2024.08.13-03.34.11:814][  0]LogFileHelpers: Loading map 'NewWorld' took 0.059
[2024.08.13-03.34.11:901][  0]LogCollectionManager: Loaded 0 collections in 0.001117 seconds
[2024.08.13-03.34.11:939][  0]LogFileCache: Scanning file cache for directory 'C:/Users/Mythical/Documents/GitHub/UnrealAutoModInEditor/Saved/Collections/' took 0.01s
[2024.08.13-03.34.11:939][  0]LogFileCache: Scanning file cache for directory 'C:/Users/Mythical/Documents/GitHub/UnrealAutoModInEditor/Content/Developers/Mythical/Collections/' took 0.01s
[2024.08.13-03.34.11:939][  0]LogFileCache: Scanning file cache for directory 'C:/Users/Mythical/Documents/GitHub/UnrealAutoModInEditor/Content/Collections/' took 0.01s
[2024.08.13-03.34.11:939][  0]LogCollectionManager: Rebuilt the GUID cache for 0 collections in 0.000002 seconds
[2024.08.13-03.34.11:948][  0]LogContentBrowser: Native class hierarchy populated in 0.0081 seconds. Added 1981 classes and 346 folders.
[2024.08.13-03.34.11:950][  0]LogStats: UGameplayTagsManager::ConstructGameplayTagTree: Construct from data asset -  0.000 s
[2024.08.13-03.34.11:950][  0]LogStats: UGameplayTagsManager::ConstructGameplayTagTree: GameplayTagTreeChangedEvent.Broadcast -  0.000 s
[2024.08.13-03.34.11:952][  0]LogContentBrowser: Native class hierarchy updated for 'GameplayTags' in 0.0013 seconds. Added 12 classes and 0 folders.
[2024.08.13-03.34.11:956][  0]LogContentBrowser: Native class hierarchy updated for 'WidgetCarousel' in 0.0012 seconds. Added 0 classes and 0 folders.
[2024.08.13-03.34.11:962][  0]LogContentBrowser: Native class hierarchy updated for 'SuperSearch' in 0.0012 seconds. Added 1 classes and 2 folders.
[2024.08.13-03.34.12:006][  0]LogContentBrowser: Native class hierarchy updated for 'AddContentDialog' in 0.0014 seconds. Added 0 classes and 0 folders.
[2024.08.13-03.34.13:114][  0]LogCrashTracker: Crashtracker disabled due to settings.
[2024.08.13-03.34.13:121][  0]LogUObjectGlobals:Warning: Failed to find object 'Class None.'
[2024.08.13-03.34.13:147][  0]LogContentBrowser: Native class hierarchy updated for 'HierarchicalLODOutliner' in 0.0012 seconds. Added 1 classes and 2 folders.
[2024.08.13-03.34.13:147][  0]LogLoad: Full Startup: 7.59 seconds (BP compile: 0.52 seconds)
[2024.08.13-03.34.13:147][  0]LogExternalProfiler:Warning: No registered external profiler was matched with a command-line switch (or the DLL could not be loaded).  External profiling features will not be available.
[2024.08.13-03.34.13:488][  0]LogOcInput: OculusInput pre-init called
[2024.08.13-03.34.13:500][  0]LogAssetRegistry: Asset discovery search completed in 3.5179 seconds
[2024.08.13-03.34.13:500][  0]LogCollectionManager: Rebuilt the object cache for 0 collections in 0.000001 seconds (found 0 objects)
[2024.08.13-03.34.13:500][  0]LogCollectionManager: Fixed up redirectors for 0 collections in 0.000046 seconds (updated 0 objects)
[2024.08.13-03.34.13:598][  0]LogContentStreaming: Texture pool size now 1000 MB
[2024.08.13-03.34.13:668][  0]LogTemp:Warning: Failed to read file: C:/Users/Mythical/Documents/GitHub/UnrealAutoModInEditor/Plugins/UnrealAutoMod/Resources/UnrealAutoMod/logs/unreal_auto_mod_07_31_2024_1818.log
[2024.08.13-03.34.13:705][  0]LogRenderer: Reallocating scene render targets to support 1208x688 (Frame:2).
[2024.08.13-03.34.44:697][333]LogRenderer: Reallocating scene render targets to support 1628x688 (Frame:247).
[2024.08.13-03.35.14:271][674]LogContentBrowser: Native class hierarchy updated for 'BlueprintGraph' in 0.0016 seconds. Added 108 classes and 0 folders.
[2024.08.13-03.36.01:831][918]LogCrashTracker: 


[2024.08.13-03.36.02:393][918]LogCrashTracker: 


[2024.08.13-03.36.02:393][918]LogWindows:Error: === Critical error: ===
Fatal error!

Unhandled Exception: EXCEPTION_ACCESS_VIOLATION reading address 0xffffffff

UE4Editor-UMG.dll!UWidget::TakeWidget() [d:\unreal_engine_installs\ue_4.11_source_build\engine\source\runtime\umg\private\components\widget.cpp:481]
UE4Editor-UnrealAutoMod.dll
UE4Editor-UnrealAutoMod.dll
UE4Editor-UnrealAutoMod.dll
UE4Editor-UnrealAutoMod.dll
UE4Editor-Slate.dll!TBaseDelegate<TSharedRef<SDockTab,0>,FSpawnTabArgs const & __ptr64>::Execute() [d:\unreal_engine_installs\ue_4.11_source_build\engine\source\runtime\core\public\delegates\delegatesignatureimpl_variadics.inl:521]
UE4Editor-Slate.dll!FTabManager::SpawnTab() [d:\unreal_engine_installs\ue_4.11_source_build\engine\source\runtime\slate\private\framework\docking\tabmanager.cpp:1214]
UE4Editor-Slate.dll!FTabManager::RestoreArea_Helper() [d:\unreal_engine_installs\ue_4.11_source_build\engine\source\runtime\slate\private\framework\docking\tabmanager.cpp:1073]
UE4Editor-Slate.dll!FTabManager::RestoreSplitterContent() [d:\unreal_engine_installs\ue_4.11_source_build\engine\source\runtime\slate\private\framework\docking\tabmanager.cpp:1188]
UE4Editor-Slate.dll!FTabManager::RestoreArea_Helper() [d:\unreal_engine_installs\ue_4.11_source_build\engine\source\runtime\slate\private\framework\docking\tabmanager.cpp:1142]
UE4Editor-Slate.dll!FTabManager::RestoreArea() [d:\unreal_engine_installs\ue_4.11_source_build\engine\source\runtime\slate\private\framework\docking\tabmanager.cpp:1049]
UE4Editor-Slate.dll!FTabManager::InvokeTab_Internal() [d:\unreal_engine_installs\ue_4.11_source_build\engine\source\runtime\slate\private\framework\docking\tabmanager.cpp:963]
UE4Editor-Slate.dll!FTabManager::InvokeTab() [d:\unreal_engine_installs\ue_4.11_source_build\engine\source\runtime\slate\private\framework\docking\tabmanager.cpp:882]
UE4Editor-UnrealAutoMod.dll
UE4Editor-UnrealAutoMod.dll
UE4Editor-Slate.dll!FUICommandList::ExecuteAction() [d:\unreal_engine_installs\ue_4.11_source_build\engine\source\runtime\slate\private\framework\commands\uicommandlist.cpp:87]
UE4Editor-Slate.dll!SToolBarButtonBlock::OnClicked() [d:\unreal_engine_installs\ue_4.11_source_build\engine\source\runtime\slate\private\framework\multibox\stoolbarbuttonblock.cpp:300]
UE4Editor-Slate.dll!TMemberFunctionCaller<SToolBarButtonBlock,FReply (__cdecl SToolBarButtonBlock::*)(void) __ptr64>::operator()<>() [d:\unreal_engine_installs\ue_4.11_source_build\engine\source\runtime\core\public\delegates\delegateinstanceinterface_variadics.h:161]
UE4Editor-Slate.dll!TTupleImpl<TIntegerSequence<unsigned int> >::ApplyAfter_ExplicitReturnType<FReply,TMemberFunctionCaller<SToolBarButtonBlock,FReply (__cdecl SToolBarButtonBlock::*)(void) __ptr64> >() [d:\unreal_engine_installs\ue_4.11_source_build\engine\source\runtime\core\public\delegates\tuple.h:128]
UE4Editor-Slate.dll!TBaseSPMethodDelegateInstance<0,SToolBarButtonBlock,0,FReply __cdecl(void)>::Execute() [d:\unreal_engine_installs\ue_4.11_source_build\engine\source\runtime\core\public\delegates\delegateinstancesimpl_variadics.inl:321]
UE4Editor-Slate.dll!TBaseDelegate<FReply>::Execute() [d:\unreal_engine_installs\ue_4.11_source_build\engine\source\runtime\core\public\delegates\delegatesignatureimpl_variadics.inl:521]
UE4Editor-Slate.dll!SButton::OnMouseButtonUp() [d:\unreal_engine_installs\ue_4.11_source_build\engine\source\runtime\slate\private\widgets\input\sbutton.cpp:273]
UE4Editor-Slate.dll!<lambda_9ed539f2a96fd1ccd6d2214174cc7705>::operator()() [d:\unreal_engine_installs\ue_4.11_source_build\engine\source\runtime\slate\private\framework\application\slateapplication.cpp:4540]
UE4Editor-Slate.dll!FEventRouter::Route<FReply,FEventRouter::FToLeafmostPolicy,FPointerEvent,<lambda_9ed539f2a96fd1ccd6d2214174cc7705> >() [d:\unreal_engine_installs\ue_4.11_source_build\engine\source\runtime\slate\private\framework\application\slateapplication.cpp:214]
UE4Editor-Slate.dll!FSlateApplication::RoutePointerUpEvent() [d:\unreal_engine_installs\ue_4.11_source_build\engine\source\runtime\slate\private\framework\application\slateapplication.cpp:4530]
UE4Editor-Slate.dll!FSlateApplication::ProcessMouseButtonUpEvent() [d:\unreal_engine_installs\ue_4.11_source_build\engine\source\runtime\slate\private\framework\application\slateapplication.cpp:4947]
UE4Editor-Slate.dll!FSlateApplication::OnMouseUp() [d:\unreal_engine_installs\ue_4.11_source_build\engine\source\runtime\slate\private\framework\application\slateapplication.cpp:4923]
UE4Editor-Core.dll!FWindowsApplication::ProcessDeferredMessage() [d:\unreal_engine_installs\ue_4.11_source_build\engine\source\runtime\core\private\windows\windowsapplication.cpp:1415]
UE4Editor-Core.dll!FWindowsApplication::DeferMessage() [d:\unreal_engine_installs\ue_4.11_source_build\engine\source\runtime\core\private\windows\windowsapplication.cpp:1732]
UE4Editor-Core.dll!FWindowsApplication::ProcessMessage() [d:\unreal_engine_installs\ue_4.11_source_build\engine\source\runtime\core\private\windows\windowsapplication.cpp:697]
UE4Editor-Core.dll!FWindowsApplication::AppWndProc() [d:\unreal_engine_installs\ue_4.11_source_build\engine\source\runtime\core\private\windows\windowsapplication.cpp:619]
USER32.dll
USER32.dll
UE4Editor-Core.dll!FWindowsPlatformMisc::PumpMessages() [d:\unreal_engine_installs\ue_4.11_source_build\engine\source\runtime\core\private\windows\windowsplatformmisc.cpp:884]
UE4Editor.exe!FEngineLoop::Tick() [d:\unreal_engine_installs\ue_4.11_source_build\engine\source\runtime\launch\private\launchengineloop.cpp:2611]
UE4Editor.exe!GuardedMain() [d:\unreal_engine_installs\ue_4.11_source_build\engine\source\runtime\launch\private\launch.cpp:142]
UE4Editor.exe!GuardedMainWrapper() [d:\unreal_engine_installs\ue_4.11_source_build\engine\source\runtime\launch\private\windows\launchwindows.cpp:126]
UE4Editor.exe!WinMain() [d:\unreal_engine_installs\ue_4.11_source_build\engine\source\runtime\launch\private\windows\launchwindows.cpp:200]
UE4Editor.exe!__scrt_common_main_seh() [f:\dd\vctools\crt\vcstartup\src\startup\exe_common.inl:253]
KERNEL32.DLL
ntdll.dll
ntdll.dll


[2024.08.13-03.36.02:421][918]LogExit: Executing StaticShutdownAfterError
[2024.08.13-03.36.02:425][918]LogPhysics:Warning: PHYSX: ..\..\PhysX\src\NpScene.cpp (2946) 8 : PxScene::unlockWrite() called without matching call to PxScene::lockWrite(), behaviour will be undefined.
[2024.08.13-03.36.02:425][918]LogPhysics:Warning: PHYSX: ..\..\PhysX\src\NpScene.cpp (2946) 8 : PxScene::unlockWrite() called without matching call to PxScene::lockWrite(), behaviour will be undefined.
[2024.08.13-03.36.02:425][918]LogPhysics:Warning: PHYSX: ..\..\PhysX\src\NpScene.cpp (2946) 8 : PxScene::unlockWrite() called without matching call to PxScene::lockWrite(), behaviour will be undefined.
[2024.08.13-03.36.02:425][918]LogPhysics:Warning: PHYSX: ..\..\PhysX\src\NpScene.cpp (2946) 8 : PxScene::unlockWrite() called without matching call to PxScene::lockWrite(), behaviour will be undefined.
[2024.08.13-03.36.02:426][918]LogPhysics:Warning: PHYSX: ..\..\PhysX\src\NpScene.cpp (2946) 8 : PxScene::unlockWrite() called without matching call to PxScene::lockWrite(), behaviour will be undefined.
[2024.08.13-03.36.02:426][918]LogPhysics:Warning: PHYSX: ..\..\PhysX\src\NpScene.cpp (2946) 8 : PxScene::unlockWrite() called without matching call to PxScene::lockWrite(), behaviour will be undefined.
[2024.08.13-03.36.02:426][918]LogPhysics:Warning: PHYSX: ..\..\PhysX\src\NpScene.cpp (2946) 8 : PxScene::unlockWrite() called without matching call to PxScene::lockWrite(), behaviour will be undefined.
[2024.08.13-03.36.02:426][918]LogPhysics:Warning: PHYSX: ..\..\PhysX\src\NpScene.cpp (2946) 8 : PxScene::unlockWrite() called without matching call to PxScene::lockWrite(), behaviour will be undefined.
[2024.08.13-03.36.02:426][918]LogPhysics:Warning: PHYSX: ..\..\PhysX\src\NpScene.cpp (2946) 8 : PxScene::unlockWrite() called without matching call to PxScene::lockWrite(), behaviour will be undefined.
[2024.08.13-03.36.02:427][918]LogPhysics:Warning: PHYSX: ..\..\PhysX\src\NpScene.cpp (2946) 8 : PxScene::unlockWrite() called without matching call to PxScene::lockWrite(), behaviour will be undefined.
[2024.08.13-03.36.02:427][918]LogPhysics:Warning: PHYSX: ..\..\PhysX\src\NpScene.cpp (2946) 8 : PxScene::unlockWrite() called without matching call to PxScene::lockWrite(), behaviour will be undefined.
[2024.08.13-03.36.02:427][918]LogPhysics:Warning: PHYSX: ..\..\PhysX\src\NpScene.cpp (2946) 8 : PxScene::unlockWrite() called without matching call to PxScene::lockWrite(), behaviour will be undefined.
[2024.08.13-03.36.02:427][918]LogPhysics:Warning: PHYSX: ..\..\PhysX\src\NpScene.cpp (2946) 8 : PxScene::unlockWrite() called without matching call to PxScene::lockWrite(), behaviour will be undefined.
[2024.08.13-03.36.02:427][918]LogPhysics:Warning: PHYSX: ..\..\PhysX\src\NpScene.cpp (2946) 8 : PxScene::unlockWrite() called without matching call to PxScene::lockWrite(), behaviour will be undefined.
[2024.08.13-03.36.02:428][918]LogWindows: FPlatformMisc::RequestExit(1)
[2024.08.13-03.36.02:428][918]Log file closed, 08/12/24 23:36:02
