Log file open, 08/12/24 23:56:26
LogInit:Display: Running engine for game: UAM_Uproject
LogPlatformFile: Not using cached read wrapper
LogInit:Display: RandInit(-85347110) SRandInit(-85347107).
LogInit: Using version manifest at CL 0 with build ID '320bd2db-b20f-4847-b110-546ed0ad14b7'
LogTaskGraph: Started task graph with 4 named threads and 11 total threads.
LogStats: Stats thread started at 0.157141
LogInit: Version: 4.11.2-0+UE4
LogInit: API Version: 0
LogInit: Compiled (64-bit): Jun 29 2024 20:51:17
LogInit: Compiled with Visual C++: 19.00.24215.01
LogInit: Build Configuration: Development
LogInit: Branch Name: UE4
LogInit: Command line:  
LogInit: Base directory: D:/unreal_engine_installs/UE_4.11_source_build/Engine/Binaries/Win64/
LogInit: Installed Engine Build: 0
LogInit: Using libcurl 7.41.0
LogInit:  - built for x86_64-pc-win32
LogInit:  - supports SSL with WinSSL
LogInit:  - other features:
LogInit:      CURL_VERSION_SSL
LogInit:      CURL_VERSION_IPV6
LogInit:      CURL_VERSION_ASYNCHDNS
LogInit:      CURL_VERSION_LARGEFILE
LogInit:      CURL_VERSION_IDN
LogInit:  CurlRequestOptions (configurable via config and command line):
LogInit:  - bVerifyPeer = true  - Libcurl will verify peer certificate
LogInit:  - bUseHttpProxy = false  - Libcurl will NOT use HTTP proxy
LogInit:  - bDontReuseConnections = false  - Libcurl will reuse connections
LogInit:  - CertBundlePath = nullptr  - Libcurl will use whatever was configured at build time.
LogInit: Presizing for max 16777216 objects, including 0 objects not considered by GC, pre-allocating 0 bytes for permanent pool.
LogInit: Object subsystem initialized
[2024.08.13-03.56.26:661][  0]LogInit: Selected Device Profile: [Windows]
[2024.08.13-03.56.26:661][  0]LogInit: Applying CVar settings loaded from the selected device profile: [Windows]
[2024.08.13-03.56.26:666][  0]LogInit: Computer: DESKTOP-H8M04FC
[2024.08.13-03.56.26:666][  0]LogInit: User: Mythical
[2024.08.13-03.56.26:666][  0]LogInit: CPU Page size=65536, Cores=8
[2024.08.13-03.56.26:666][  0]LogInit: High frequency timer resolution =10.000000 MHz
[2024.08.13-03.56.26:666][  0]LogMemory: Memory total: Physical=15.7GB (16GB approx)
[2024.08.13-03.56.26:666][  0]LogMemory: Platform Memory Stats for Windows
[2024.08.13-03.56.26:666][  0]LogMemory: Process Physical Memory: 316.64 MB used, 316.64 MB peak
[2024.08.13-03.56.26:666][  0]LogMemory: Process Virtual Memory: 316.54 MB used, 316.54 MB peak
[2024.08.13-03.56.26:666][  0]LogMemory: Physical Memory: 12657.78 MB used, 16085.50 MB total
[2024.08.13-03.56.26:666][  0]LogMemory: Virtual Memory: 4769.20 MB used, 134217728.00 MB total
[2024.08.13-03.56.26:731][  0]LogTextLocalizationManager: No specific translations for ('en-US') exist, so ('en') translations will be used.
[2024.08.13-03.56.27:030][  0]LogD3D11RHI: D3D11 adapters:
[2024.08.13-03.56.27:168][  0]LogD3D11RHI:    0. 'NVIDIA GeForce RTX 3070 Laptop GPU' (Feature Level 11_0)
[2024.08.13-03.56.27:168][  0]LogD3D11RHI:       8020MB of dedicated video memory, 0MB of dedicated system memory, and 8042MB of shared system memory, 1 output[s]
[2024.08.13-03.56.27:202][  0]LogD3D11RHI:    1. 'Intel(R) UHD Graphics' (Feature Level 11_0)
[2024.08.13-03.56.27:202][  0]LogD3D11RHI:       128MB of dedicated video memory, 0MB of dedicated system memory, and 8042MB of shared system memory, 1 output[s]
[2024.08.13-03.56.27:205][  0]LogD3D11RHI:    2. 'Microsoft Basic Render Driver' (Feature Level 11_0)
[2024.08.13-03.56.27:205][  0]LogD3D11RHI:       0MB of dedicated video memory, 0MB of dedicated system memory, and 8042MB of shared system memory, 0 output[s]
[2024.08.13-03.56.27:205][  0]LogD3D11RHI: Chosen D3D11 Adapter: 0
[2024.08.13-03.56.27:214][  0]LogD3D11RHI: Creating new Direct3DDevice
[2024.08.13-03.56.27:214][  0]LogD3D11RHI:     Adapter Name: NVIDIA GeForce RTX 3070 Laptop GPU
[2024.08.13-03.56.27:214][  0]LogD3D11RHI:   Driver Version: Unknown (internal Unknown)
[2024.08.13-03.56.27:214][  0]LogD3D11RHI:      Driver Date: Unknown
[2024.08.13-03.56.27:214][  0]LogRHI: Texture pool is 1361 MB (70% of 1945 MB)
[2024.08.13-03.56.27:305][  0]LogD3D11RHI: Async texture creation enabled
[2024.08.13-03.56.27:315][  0]LogShaderCompilers: Guid format shader working directory is -8 characters bigger than the processId version (C:/Users/Mythical/Documents/GitHub/UnrealAutoModInEditor/Intermediate/Shaders/WorkingDirectory/37720/).
[2024.08.13-03.56.27:315][  0]LogShaderCompilers: Cleaned the shader compiler working directory 'C:/Users/Mythical/AppData/Local/Temp/UnrealShaderWorkingDir/3CDA9DF74C1251757F0D98949F32BBFD/'.
[2024.08.13-03.56.27:315][  0]LogShaderCompilers:Display: Using Local Shader Compiler.
[2024.08.13-03.56.27:981][  0]LogTemp:Display: Loaded TP WindowsTargetPlatform
[2024.08.13-03.56.27:984][  0]LogTemp:Display: Loaded TP WindowsNoEditorTargetPlatform
[2024.08.13-03.56.27:988][  0]LogTemp:Display: Loaded TP WindowsServerTargetPlatform
[2024.08.13-03.56.27:992][  0]LogTemp:Display: Loaded TP WindowsClientTargetPlatform
[2024.08.13-03.56.27:995][  0]LogTemp:Display: Loaded TP AllDesktopTargetPlatform
[2024.08.13-03.56.27:998][  0]LogTemp:Display: Loaded TP AndroidTargetPlatform
[2024.08.13-03.56.28:002][  0]LogTemp:Display: Loaded TP Android_PVRTCTargetPlatform
[2024.08.13-03.56.28:005][  0]LogTemp:Display: Loaded TP Android_ATCTargetPlatform
[2024.08.13-03.56.28:007][  0]LogTemp:Display: Loaded TP Android_DXTTargetPlatform
[2024.08.13-03.56.28:010][  0]LogTemp:Display: Loaded TP Android_ETC1TargetPlatform
[2024.08.13-03.56.28:014][  0]LogTemp:Display: Loaded TP Android_ETC2TargetPlatform
[2024.08.13-03.56.28:017][  0]LogTemp:Display: Loaded TP Android_ASTCTargetPlatform
[2024.08.13-03.56.28:021][  0]LogTemp:Display: Loaded TP Android_MultiTargetPlatform
[2024.08.13-03.56.28:022][  0]LogTemp:Display: Loaded TP HTML5TargetPlatform
[2024.08.13-03.56.28:039][  0]LogTemp:Display: Loaded TP IOSTargetPlatform
[2024.08.13-03.56.28:042][  0]LogTemp:Display: Loaded TP TVOSTargetPlatform
[2024.08.13-03.56.28:042][  0]LogTargetPlatformManager:Display: Building Assets For Windows
[2024.08.13-03.56.28:113][  0]LogDerivedDataCache:Display: Max Cache Size: 512 MB
[2024.08.13-03.56.28:152][  0]LogDerivedDataCache: Loaded boot cache 0.04s 46MB C:/Users/Mythical/Documents/GitHub/UnrealAutoModInEditor/DerivedDataCache/Boot.ddc.
[2024.08.13-03.56.28:152][  0]LogDerivedDataCache:Display: Loaded Boot cache: C:/Users/Mythical/Documents/GitHub/UnrealAutoModInEditor/DerivedDataCache/Boot.ddc
[2024.08.13-03.56.28:152][  0]LogDerivedDataCache: FDerivedDataBackendGraph:  Pak pak cache file C:/Users/Mythical/Documents/GitHub/UnrealAutoModInEditor/DerivedDataCache/DDC.ddp not found, will not use a pak cache.
[2024.08.13-03.56.28:152][  0]LogDerivedDataCache: Unable to find inner node Pak for hierarchical cache Hierarchy.
[2024.08.13-03.56.28:153][  0]LogDerivedDataCache: FDerivedDataBackendGraph:  EnginePak pak cache file ../../../Engine/DerivedDataCache/DDC.ddp not found, will not use a pak cache.
[2024.08.13-03.56.28:153][  0]LogDerivedDataCache: Unable to find inner node EnginePak for hierarchical cache Hierarchy.
[2024.08.13-03.56.28:165][  0]LogDerivedDataCache: Using Local data cache path ../../../Engine/DerivedDataCache: Writable
[2024.08.13-03.56.28:165][  0]LogDerivedDataCache: Shared data cache path not found in *engine.ini, will not use an Shared cache.
[2024.08.13-03.56.28:165][  0]LogDerivedDataCache: Unable to find inner node Shared for hierarchical cache Hierarchy.
[2024.08.13-03.56.28:313][  0]LogInit: Selected Device Profile: [Windows]
[2024.08.13-03.56.28:313][  0]LogContentStreaming: Texture pool size is 0.00 MB
[2024.08.13-03.56.28:341][  0]LogMaterial: Uniform references updated for custom material expression Custom.
[2024.08.13-03.56.28:433][  0]LogMeshUtilities: No automatic mesh reduction module available
[2024.08.13-03.56.28:433][  0]LogMeshUtilities: No automatic mesh merging module available
[2024.08.13-03.56.28:433][  0]LogMeshUtilities: No distributed automatic mesh merging module available
[2024.08.13-03.56.28:643][  0]LogUObjectArray: 27672 objects as part of root set at end of initial load.
[2024.08.13-03.56.28:643][  0]LogUObjectAllocator: 5590152 out of 0 bytes used by permanent object pool.
[2024.08.13-03.56.28:643][  0]LogUObjectArray: CloseDisregardForGC: 0/0 objects in disregard for GC pool
[2024.08.13-03.56.28:647][  0]LogInit: WinSock: version 1.1 (2.2), MaxSocks=32767, MaxUdp=65467
[2024.08.13-03.56.28:726][  0]LogSlate: SlateFontCache - WITH_FREETYPE: 1, WITH_HARFBUZZ: 1
[2024.08.13-03.56.28:726][  0]LogSlate: SlateFontCache - WITH_FREETYPE: 1, WITH_HARFBUZZ: 1
[2024.08.13-03.56.28:820][  0]LogStreaming:Warning: Failed to read file '../../../Engine/Content/Editor/Slate/Common/Selection_16x.png' error.
[2024.08.13-03.56.28:820][  0]LogSlate: Could not find file for Slate resource: ../../../Engine/Content/Editor/Slate/Common/Selection_16x.png
[2024.08.13-03.56.28:821][  0]LogStreaming:Warning: Failed to read file '../../../Engine/Content/Editor/Slate/Common/Selection_16x.png' error.
[2024.08.13-03.56.28:821][  0]LogSlate: Could not find file for Slate resource: ../../../Engine/Content/Editor/Slate/Common/Selection_16x.png
[2024.08.13-03.56.28:821][  0]LogStreaming:Warning: Failed to read file '../../../Engine/Content/Editor/Slate/Common/Selection_16x.png' error.
[2024.08.13-03.56.28:821][  0]LogSlate: Could not find file for Slate resource: ../../../Engine/Content/Editor/Slate/Common/Selection_16x.png
[2024.08.13-03.56.29:367][  0]LogUdpMessaging: Initializing bridge on interface 0.0.0.0:0 to multicast group 230.0.0.1:6666.
[2024.08.13-03.56.29:477][  0]LogAssetRegistry: FAssetRegistry took 0.0218 seconds to start up
[2024.08.13-03.56.29:594][  0]SourceControl: Info Source control is disabled
[2024.08.13-03.56.29:650][  0]SourceControl: Info Source control is disabled
[2024.08.13-03.56.29:665][  0]SourceControl: Info Source control is disabled
[2024.08.13-03.56.29:680][  0]SourceControl: Info Source control is disabled
[2024.08.13-03.56.29:844][  0]LogHMD: Failed to initialize OpenVR with code 110
[2024.08.13-03.56.29:972][  0]LogStreaming:Warning: Failed to read file '../../../Engine/Content/Editor/Slate/Common/Selection_16x.png' error.
[2024.08.13-03.56.29:972][  0]LogSlate: Could not find file for Slate resource: ../../../Engine/Content/Editor/Slate/Common/Selection_16x.png
[2024.08.13-03.56.29:972][  0]LogStreaming:Warning: Failed to read file '../../../Engine/Content/Editor/Slate/Common/Selection_16x.png' error.
[2024.08.13-03.56.29:972][  0]LogSlate: Could not find file for Slate resource: ../../../Engine/Content/Editor/Slate/Common/Selection_16x.png
[2024.08.13-03.56.29:972][  0]LogStreaming:Warning: Failed to read file '../../../Engine/Content/Editor/Slate/Common/Selection_16x.png' error.
[2024.08.13-03.56.29:972][  0]LogSlate: Could not find file for Slate resource: ../../../Engine/Content/Editor/Slate/Common/Selection_16x.png
[2024.08.13-03.56.30:447][  0]LogEngine: Initializing Engine...
[2024.08.13-03.56.30:568][  0]LogAIModule: Creating AISystem for world NewWorld
[2024.08.13-03.56.30:581][  0]LogInit: XAudio2 using 'Speakers (Realtek(R) Audio)' : 2 channels at 48 kHz using 32 bits per sample (channel mask 0x3)
[2024.08.13-03.56.30:623][  0]LogInit: FAudioDevice initialized.
[2024.08.13-03.56.30:643][  0]LogDerivedDataCache: Saved boot cache 0.02s 46MB C:/Users/Mythical/Documents/GitHub/UnrealAutoModInEditor/DerivedDataCache/Boot.ddc.
[2024.08.13-03.56.30:646][  0]LogInit: Texture streaming: Enabled
[2024.08.13-03.56.30:670][  0]LogInit: Transaction tracking system initialized
[2024.08.13-03.56.30:685][  0]BlueprintLog: New page: Editor Load
[2024.08.13-03.56.30:740][  0]LocalizationService: Info Localization service is disabled
[2024.08.13-03.56.30:802][  0]LogConsoleResponse:Display: 
[2024.08.13-03.56.30:888][  0]LogCook:Display: Max memory allowance for cook 8192mb
[2024.08.13-03.56.30:888][  0]LogCook:Display: Mobile HDR setting 1
[2024.08.13-03.56.30:888][  0]LogCook:Display: Done creating registry. It took  0.00s.
[2024.08.13-03.56.30:941][  0]LogFileCache: Scanning file cache for directory 'C:/Users/Mythical/Documents/GitHub/UnrealAutoModInEditor/Content/' took 0.01s
[2024.08.13-03.56.30:941][  0]SourceControl: Info Source control is disabled
[2024.08.13-03.56.30:941][  0]Cmd: MAP LOAD FILE="C:/Users/Mythical/Documents/GitHub/UnrealAutoModInEditor/Plugins/UnrealAutoMod/Content/NewWorld.umap" TEMPLATE=0 SHOWPROGRESS=1 FEATURELEVEL=3
[2024.08.13-03.56.30:942][  0]LogEditorServer:Warning: Can't find file 'C:/Users/Mythical/Documents/GitHub/UnrealAutoModInEditor/Plugins/UnrealAutoMod/Content/NewWorld.umap'
[2024.08.13-03.56.30:942][  0]Cmd: MAP CHECKDEP NOCLEARLOG
[2024.08.13-03.56.30:991][  0]MapCheck: Info Map check complete: 0 Error(s), 0 Warning(s), took 49.25ms to complete.
[2024.08.13-03.56.30:991][  0]LogFileHelpers: Loading map 'NewWorld' took 0.050
[2024.08.13-03.56.31:060][  0]LogCollectionManager: Loaded 0 collections in 0.000931 seconds
[2024.08.13-03.56.31:097][  0]LogFileCache: Scanning file cache for directory 'C:/Users/Mythical/Documents/GitHub/UnrealAutoModInEditor/Saved/Collections/' took 0.01s
[2024.08.13-03.56.31:097][  0]LogFileCache: Scanning file cache for directory 'C:/Users/Mythical/Documents/GitHub/UnrealAutoModInEditor/Content/Developers/Mythical/Collections/' took 0.01s
[2024.08.13-03.56.31:097][  0]LogFileCache: Scanning file cache for directory 'C:/Users/Mythical/Documents/GitHub/UnrealAutoModInEditor/Content/Collections/' took 0.01s
[2024.08.13-03.56.31:097][  0]LogCollectionManager: Rebuilt the GUID cache for 0 collections in 0.000001 seconds
[2024.08.13-03.56.31:103][  0]LogContentBrowser: Native class hierarchy populated in 0.0054 seconds. Added 1981 classes and 346 folders.
[2024.08.13-03.56.31:105][  0]LogStats: UGameplayTagsManager::ConstructGameplayTagTree: Construct from data asset -  0.000 s
[2024.08.13-03.56.31:105][  0]LogStats: UGameplayTagsManager::ConstructGameplayTagTree: GameplayTagTreeChangedEvent.Broadcast -  0.000 s
[2024.08.13-03.56.31:106][  0]LogContentBrowser: Native class hierarchy updated for 'GameplayTags' in 0.0010 seconds. Added 12 classes and 0 folders.
[2024.08.13-03.56.31:109][  0]LogContentBrowser: Native class hierarchy updated for 'WidgetCarousel' in 0.0009 seconds. Added 0 classes and 0 folders.
[2024.08.13-03.56.31:114][  0]LogContentBrowser: Native class hierarchy updated for 'SuperSearch' in 0.0010 seconds. Added 1 classes and 2 folders.
[2024.08.13-03.56.31:159][  0]LogContentBrowser: Native class hierarchy updated for 'AddContentDialog' in 0.0015 seconds. Added 0 classes and 0 folders.
[2024.08.13-03.56.31:195][  0]LogCrashTracker: Crashtracker disabled due to settings.
[2024.08.13-03.56.31:203][  0]LogUObjectGlobals:Warning: Failed to find object 'Class None.'
[2024.08.13-03.56.31:229][  0]LogContentBrowser: Native class hierarchy updated for 'HierarchicalLODOutliner' in 0.0013 seconds. Added 1 classes and 2 folders.
[2024.08.13-03.56.31:230][  0]LogLoad: Full Startup: 5.65 seconds (BP compile: 0.00 seconds)
[2024.08.13-03.56.31:230][  0]LogExternalProfiler:Warning: No registered external profiler was matched with a command-line switch (or the DLL could not be loaded).  External profiling features will not be available.
[2024.08.13-03.56.31:569][  0]LogOcInput: OculusInput pre-init called
[2024.08.13-03.56.31:581][  0]LogAssetRegistry: Asset discovery search completed in 2.1257 seconds
[2024.08.13-03.56.31:581][  0]LogCollectionManager: Rebuilt the object cache for 0 collections in 0.000000 seconds (found 0 objects)
[2024.08.13-03.56.31:581][  0]LogCollectionManager: Fixed up redirectors for 0 collections in 0.000049 seconds (updated 0 objects)
[2024.08.13-03.56.31:605][  0]LogContentStreaming: Texture pool size now 1000 MB
[2024.08.13-03.56.31:704][  0]LogRenderer: Reallocating scene render targets to support 1628x460 (Frame:2).
[2024.08.13-03.56.51:764][105]LogBlueprint:Error: [compiler WBP_Base_Button] Error Could not find a function named "GetAllInstancedObjectsOfClass" in 'UnrealAutoModUtilities'.
Make sure 'UnrealAutoModUtilities' has been compiled for  Get All Instanced Objects Of Class 
[2024.08.13-03.56.51:771][105]LogBlueprint:Warning: [compiler WBP_Base_Button] Warning [0026.19] Compile of WBP_Base_Button failed. 1 Fatal Issue(s) 0 Warning(s) [in 17 ms]
[2024.08.13-03.56.51:771][105]LogBlueprint:Warning: [compiler WBP_Base_Button] Warning [0026.19] Compile of WBP_Base_Button failed. 1 Fatal Issue(s) 1 Warning(s) [in 0 ms]
[2024.08.13-03.56.51:771][105]LogBlueprint:Warning: [compiler WBP_Base_Button] Warning [0026.19] Compile of WBP_Base_Button failed. 1 Fatal Issue(s) 2 Warning(s) [in 0 ms]
[2024.08.13-04.00.09:985][963]LogContentBrowser: Native class hierarchy updated for 'BlueprintGraph' in 0.0019 seconds. Added 108 classes and 0 folders.
[2024.08.13-04.00.34:961][408]LogLinker:Warning: Can't find file '/UnrealAutoMod/DataTables/DT_UnrealAutoModThemes'
[2024.08.13-04.00.34:962][408]LogLinker:Warning: Can't find file for asset '/UnrealAutoMod/DataTables/DT_UnrealAutoModThemes' while loading C:/Users/Mythical/Documents/GitHub/UnrealAutoModInEditor/Plugins/UnrealAutoMod/Content/Widgets/Bases/WBP_BaseBackground.uasset.
[2024.08.13-04.00.34:962][408]LoadErrors:Error: Error /UnrealAutoMod/Widgets/Bases/WBP_BaseBackground : Can't find file for asset. /UnrealAutoMod/DataTables/DT_UnrealAutoModThemes
[2024.08.13-04.00.34:968][408]LogLinker:Warning: Can't find file '/UnrealAutoMod/DataTables/DT_UnrealAutoModThemes'
[2024.08.13-04.00.34:968][408]LogLinker:Warning: Can't find file for asset '/UnrealAutoMod/DataTables/DT_UnrealAutoModThemes' while loading C:/Users/Mythical/Documents/GitHub/UnrealAutoModInEditor/Plugins/UnrealAutoMod/Content/Widgets/Bases/WBP_BaseBackground.uasset.
[2024.08.13-04.00.34:969][408]LogLinker:Warning: Can't find file '/UnrealAutoMod/DataTables/DT_UnrealAutoModThemes'
[2024.08.13-04.00.34:970][408]LogLinker:Warning: Can't find file for asset '/UnrealAutoMod/DataTables/DT_UnrealAutoModThemes' while loading NULL.
[2024.08.13-04.00.34:970][408]LogLinker:Warning: Can't find file '/UnrealAutoMod/DataTables/DT_UnrealAutoModThemes'
[2024.08.13-04.00.34:970][408]LogLinker:Warning: Can't find file for asset '/UnrealAutoMod/DataTables/DT_UnrealAutoModThemes' while loading NULL.
[2024.08.13-04.00.34:972][408]LogLinker:Warning: Can't find file '/UnrealAutoMod/DataTables/DT_UnrealAutoModThemes'
[2024.08.13-04.00.34:972][408]LoadErrors: Info Failed to load /UnrealAutoMod/DataTables/DT_UnrealAutoModThemes.DT_UnrealAutoModThemes Referenced by EdGraphPin_11019
[2024.08.13-04.00.34:973][408]LogLinker:Warning: Can't find file for asset '/UnrealAutoMod/DataTables/DT_UnrealAutoModThemes' while loading NULL.
[2024.08.13-04.00.34:978][408]LogBlueprint:Error: [compiler WBP_BaseBackground] Error No DataTable in  Get Data Table Row NONE 
[2024.08.13-04.00.34:987][408]LogBlueprint:Error: [compiler WBP_BaseBackground] Error GetDataTableRow must have a DataTable specified.
[2024.08.13-04.00.34:992][408]LogBlueprint:Warning: [compiler WBP_BaseBackground] Warning [0249.41] Compile of WBP_BaseBackground failed. 2 Fatal Issue(s) 0 Warning(s) [in 13 ms]
[2024.08.13-04.00.34:992][408]LogBlueprint:Warning: [compiler WBP_BaseBackground] Warning [0249.41] Compile of WBP_BaseBackground failed. 2 Fatal Issue(s) 1 Warning(s) [in 0 ms]
[2024.08.13-04.00.34:992][408]LogBlueprint:Warning: [compiler WBP_BaseBackground] Warning [0249.41] Compile of WBP_BaseBackground failed. 2 Fatal Issue(s) 2 Warning(s) [in 0 ms]
[2024.08.13-04.00.43:964][937]BlueprintLog: New page: Compile WBP_UnrealAutoModMini
[2024.08.13-04.00.44:191][937]BlueprintEditorCompileResults: Info [0258.61] Compile of WBP_UnrealAutoModMini successful! [in 226 ms]
[2024.08.13-04.00.44:785][956]LogSavePackage: Save=216.17ms
[2024.08.13-04.00.44:786][956]LogSavePackage: Moving 'C:/Users/Mythical/Documents/GitHub/UnrealAutoModInEditor/Saved/WBP_UnrealAutoModMini478E580C484DE66F5CE23D800E958837.tmp' to 'C:/Users/Mythical/Documents/GitHub/UnrealAutoModInEditor/Plugins/UnrealAutoMod/Content/Widgets/WBP_UnrealAutoModMini.uasset'
[2024.08.13-04.00.44:788][956]LogSavePackage: Total save time: 221.00ms
[2024.08.13-04.00.44:788][956]LogSavePackage:Display: Finished SavePackage C:/Users/Mythical/Documents/GitHub/UnrealAutoModInEditor/Plugins/UnrealAutoMod/Content/Widgets/WBP_UnrealAutoModMini.uasset
[2024.08.13-04.00.49:499][208]LogRenderer: Reallocating scene render targets to support 1704x460 (Frame:13501).
[2024.08.13-04.01.24:305][726]Cmd: QUIT_EDITOR
[2024.08.13-04.01.24:349][726]LogWindowsTextInputMethodSystem:Display: IME system now deactivated.
[2024.08.13-04.01.24:386][726]LogExit: Preparing to exit.
[2024.08.13-04.01.25:646][726]LogExit: Editor shut down
[2024.08.13-04.01.25:647][726]LogExit: Transaction tracking system shut down
[2024.08.13-04.01.25:764][726]LogObj: Freed 0b from 0 cluster array pools.
[2024.08.13-04.01.25:764][726]LogExit: Object subsystem successfully closed.
[2024.08.13-04.01.25:779][726]LogD3D11RHI: Shutdown
[2024.08.13-04.01.25:779][726]LogD3D11RHI: CleanupD3DDevice
[2024.08.13-04.01.25:838][726]LogD3D11RHI: ~FD3D11DynamicRHI
[2024.08.13-04.01.25:921][726]LogDerivedDataCache: Shutdown
[2024.08.13-04.01.25:921][726]LogModuleManager: Shutting down and abandoning module SequencerWidgets (201)
[2024.08.13-04.01.25:921][726]LogModuleManager: Shutting down and abandoning module BlueprintGraph (200)
[2024.08.13-04.01.25:921][726]LogModuleManager: Shutting down and abandoning module HierarchicalLODOutliner (199)
[2024.08.13-04.01.25:921][726]LogModuleManager: Shutting down and abandoning module CrashTracker (198)
[2024.08.13-04.01.25:921][726]LogModuleManager: Shutting down and abandoning module SuperSearch (197)
[2024.08.13-04.01.25:921][726]LogModuleManager: Shutting down and abandoning module WidgetCarousel (196)
[2024.08.13-04.01.25:921][726]LogModuleManager: Shutting down and abandoning module AddContentDialog (195)
[2024.08.13-04.01.25:922][726]LogModuleManager: Shutting down and abandoning module GameplayTags (194)
[2024.08.13-04.01.25:922][726]LogModuleManager: Shutting down and abandoning module EditorWidgets (193)
[2024.08.13-04.01.25:922][726]LogModuleManager: Shutting down and abandoning module CollectionManager (192)
[2024.08.13-04.01.25:922][726]LogModuleManager: Shutting down and abandoning module FoliageEdit (191)
[2024.08.13-04.01.25:922][726]LogModuleManager: Shutting down and abandoning module LandscapeEditor (190)
[2024.08.13-04.01.25:923][726]LogModuleManager: Shutting down and abandoning module ActorPickerMode (189)
[2024.08.13-04.01.25:923][726]LogModuleManager: Shutting down and abandoning module GeometryMode (188)
[2024.08.13-04.01.25:923][726]LogModuleManager: Shutting down and abandoning module TextureAlignMode (187)
[2024.08.13-04.01.25:923][726]LogModuleManager: Shutting down and abandoning module BspMode (186)
[2024.08.13-04.01.25:923][726]LogModuleManager: Shutting down and abandoning module PlacementMode (185)
[2024.08.13-04.01.25:923][726]LogModuleManager: Shutting down and abandoning module AutomationWorker (184)
[2024.08.13-04.01.25:923][726]LogModuleManager: Shutting down and abandoning module CharacterAI (183)
[2024.08.13-04.01.25:923][726]LogModuleManager: Shutting down and abandoning module SmartSnapping (182)
[2024.08.13-04.01.25:923][726]LogModuleManager: Shutting down and abandoning module ViewportSnapping (181)
[2024.08.13-04.01.25:923][726]LogModuleManager: Shutting down and abandoning module LogVisualizer (180)
[2024.08.13-04.01.25:923][726]LogModuleManager: Shutting down and abandoning module GameProjectGeneration (179)
[2024.08.13-04.01.25:923][726]LogModuleManager: Shutting down and abandoning module IntroTutorials (178)
[2024.08.13-04.01.25:923][726]LogModuleManager: Shutting down and abandoning module EditorLiveStreaming (177)
[2024.08.13-04.01.25:923][726]LogModuleManager: Shutting down and abandoning module IOSPlatformEditor (176)
[2024.08.13-04.01.25:923][726]LogModuleManager: Shutting down and abandoning module HTML5PlatformEditor (175)
[2024.08.13-04.01.25:923][726]LogModuleManager: Shutting down and abandoning module AndroidDeviceDetection (174)
[2024.08.13-04.01.25:932][726]LogModuleManager: Shutting down and abandoning module AndroidPlatformEditor (173)
[2024.08.13-04.01.25:932][726]LogModuleManager: Shutting down and abandoning module IOSRuntimeSettings (172)
[2024.08.13-04.01.25:932][726]LogModuleManager: Shutting down and abandoning module AndroidRuntimeSettings (171)
[2024.08.13-04.01.25:932][726]LogModuleManager: Shutting down and abandoning module MergeActors (170)
[2024.08.13-04.01.25:932][726]LogModuleManager: Shutting down and abandoning module SizeMap (169)
[2024.08.13-04.01.25:932][726]LogModuleManager: Shutting down and abandoning module TreeMap (168)
[2024.08.13-04.01.25:932][726]LogModuleManager: Shutting down and abandoning module ReferenceViewer (167)
[2024.08.13-04.01.25:932][726]LogModuleManager: Shutting down and abandoning module LocalizationService (166)
[2024.08.13-04.01.25:932][726]LogModuleManager: Shutting down and abandoning module LocalizationDashboard (165)
[2024.08.13-04.01.25:932][726]LogModuleManager: Shutting down and abandoning module HardwareTargeting (164)
[2024.08.13-04.01.25:932][726]LogModuleManager: Shutting down and abandoning module DeviceProfileEditor (163)
[2024.08.13-04.01.25:932][726]LogModuleManager: Shutting down and abandoning module UndoHistory (162)
[2024.08.13-04.01.25:932][726]LogModuleManager: Shutting down and abandoning module UserFeedback (161)
[2024.08.13-04.01.25:932][726]LogModuleManager: Shutting down and abandoning module XmlParser (160)
[2024.08.13-04.01.25:932][726]LogModuleManager: Shutting down and abandoning module Blutility (159)
[2024.08.13-04.01.25:932][726]LogModuleManager: Shutting down and abandoning module ProjectTargetPlatformEditor (158)
[2024.08.13-04.01.25:932][726]LogModuleManager: Shutting down and abandoning module ProjectSettingsViewer (157)
[2024.08.13-04.01.25:932][726]LogModuleManager: Shutting down and abandoning module InputBindingEditor (156)
[2024.08.13-04.01.25:932][726]LogModuleManager: Shutting down and abandoning module EditorSettingsViewer (155)
[2024.08.13-04.01.25:932][726]LogModuleManager: Shutting down and abandoning module SettingsEditor (154)
[2024.08.13-04.01.25:932][726]LogModuleManager: Shutting down and abandoning module ProjectLauncher (153)
[2024.08.13-04.01.25:932][726]LogModuleManager: Shutting down and abandoning module SessionFrontend (152)
[2024.08.13-04.01.25:932][726]LogModuleManager: Shutting down and abandoning module ProfilerClient (151)
[2024.08.13-04.01.25:932][726]LogModuleManager: Shutting down and abandoning module TargetDeviceServices (150)
[2024.08.13-04.01.25:932][726]LogModuleManager: Shutting down and abandoning module DeviceManager (149)
[2024.08.13-04.01.25:966][726]LogModuleManager: Shutting down and abandoning module AutomationController (148)
[2024.08.13-04.01.25:966][726]LogModuleManager: Shutting down and abandoning module AutomationWindow (147)
[2024.08.13-04.01.25:966][726]LogModuleManager: Shutting down and abandoning module Layers (146)
[2024.08.13-04.01.25:966][726]LogModuleManager: Shutting down and abandoning module ComponentVisualizers (145)
[2024.08.13-04.01.25:966][726]LogModuleManager: Shutting down and abandoning module DetailCustomizations (144)
[2024.08.13-04.01.25:966][726]LogModuleManager: Shutting down and abandoning module PackagesDialog (143)
[2024.08.13-04.01.25:966][726]LogModuleManager: Shutting down and abandoning module Persona (142)
[2024.08.13-04.01.25:966][726]LogModuleManager: Shutting down and abandoning module Kismet (141)
[2024.08.13-04.01.25:966][726]LogModuleManager: Shutting down and abandoning module GraphEditor (140)
[2024.08.13-04.01.25:966][726]LogModuleManager: Shutting down and abandoning module ClassViewer (139)
[2024.08.13-04.01.25:966][726]LogModuleManager: Shutting down and abandoning module Toolbox (138)
[2024.08.13-04.01.25:966][726]LogModuleManager: Shutting down and abandoning module ModuleUI (137)
[2024.08.13-04.01.25:966][726]LogModuleManager: Shutting down and abandoning module MovieSceneTools (136)
[2024.08.13-04.01.25:966][726]LogModuleManager: Shutting down and abandoning module OutputLog (135)
[2024.08.13-04.01.25:966][726]LogModuleManager: Shutting down and abandoning module GammaUI (134)
[2024.08.13-04.01.25:966][726]LogModuleManager: Shutting down and abandoning module Documentation (133)
[2024.08.13-04.01.25:966][726]LogModuleManager: Shutting down and abandoning module StreamingPauseRendering (132)
[2024.08.13-04.01.25:966][726]LogModuleManager: Shutting down and abandoning module AnalyticsET (131)
[2024.08.13-04.01.25:966][726]LogModuleManager: Shutting down and abandoning module Analytics (130)
[2024.08.13-04.01.25:966][726]LogModuleManager: Shutting down and abandoning module PortalServices (129)
[2024.08.13-04.01.25:966][726]LogModuleManager: Shutting down and abandoning module PortalRpc (128)
[2024.08.13-04.01.25:966][726]LogModuleManager: Shutting down and abandoning module MessagingRpc (127)
[2024.08.13-04.01.25:966][726]LogModuleManager: Shutting down and abandoning module AITestSuite (126)
[2024.08.13-04.01.25:966][726]LogModuleManager: Shutting down and abandoning module GameplayDebugger (125)
[2024.08.13-04.01.25:966][726]LogModuleManager: Shutting down and abandoning module AIModule (124)
[2024.08.13-04.01.25:966][726]LogModuleManager: Shutting down and abandoning module ProfilerService (123)
[2024.08.13-04.01.26:175][726]LogModuleManager: Shutting down and abandoning module TaskGraph (122)
[2024.08.13-04.01.26:175][726]LogModuleManager: Shutting down and abandoning module UnrealAutoMod (121)
[2024.08.13-04.01.26:175][726]LogModuleManager: Shutting down and abandoning module SlateRemote (120)
[2024.08.13-04.01.26:175][726]LogModuleManager: Shutting down and abandoning module SteamVRController (119)
[2024.08.13-04.01.26:175][726]LogModuleManager: Shutting down and abandoning module SteamVR (118)
[2024.08.13-04.01.26:175][726]LogModuleManager: Shutting down and abandoning module ProceduralMeshComponent (117)
[2024.08.13-04.01.26:175][726]LogModuleManager: Shutting down and abandoning module OculusLibrary (116)
[2024.08.13-04.01.26:175][726]LogModuleManager: Shutting down and abandoning module OculusInput (115)
[2024.08.13-04.01.26:175][726]LogModuleManager: Shutting down and abandoning module CustomMeshComponent (114)
[2024.08.13-04.01.26:175][726]LogModuleManager: Shutting down and abandoning module CableComponent (113)
[2024.08.13-04.01.26:175][726]LogModuleManager: Shutting down and abandoning module ArchVisCharacter (112)
[2024.08.13-04.01.26:175][726]LogModuleManager: Shutting down and abandoning module MediaPlayerEditor (111)
[2024.08.13-04.01.26:175][726]LogModuleManager: Shutting down and abandoning module HTML5Networking (110)
[2024.08.13-04.01.26:175][726]LogModuleManager: Shutting down and abandoning module SpeedTreeImporter (109)
[2024.08.13-04.01.26:175][726]LogModuleManager: Shutting down and abandoning module PluginBrowser (108)
[2024.08.13-04.01.26:175][726]LogModuleManager: Shutting down and abandoning module EpicSurvey (107)
[2024.08.13-04.01.26:175][726]LogModuleManager: Shutting down and abandoning module DesktopPlatform (106)
[2024.08.13-04.01.26:175][726]LogModuleManager: Shutting down and abandoning module VisualStudioSourceCodeAccess (105)
[2024.08.13-04.01.26:175][726]LogModuleManager: Shutting down and abandoning module UObjectPlugin (104)
[2024.08.13-04.01.26:175][726]LogModuleManager: Shutting down and abandoning module SubversionSourceControl (103)
[2024.08.13-04.01.26:175][726]LogModuleManager: Shutting down and abandoning module PerforceSourceControl (102)
[2024.08.13-04.01.26:175][726]LogModuleManager: Shutting down and abandoning module SourceControl (101)
[2024.08.13-04.01.26:175][726]LogModuleManager: Shutting down and abandoning module GitSourceControl (100)
[2024.08.13-04.01.26:175][726]LogModuleManager: Shutting down and abandoning module LightPropagationVolumeEditor (99)
[2024.08.13-04.01.26:176][726]LogModuleManager: Shutting down and abandoning module PaperTiledImporter (98)
[2024.08.13-04.01.26:176][726]LogModuleManager: Shutting down and abandoning module PaperSpriteSheetImporter (97)
[2024.08.13-04.01.26:176][726]LogModuleManager: Shutting down and abandoning module MeshPaint (96)
[2024.08.13-04.01.26:176][726]LogModuleManager: Shutting down and abandoning module HotReload (95)
[2024.08.13-04.01.26:176][726]LogModuleManager: Shutting down and abandoning module MainFrame (94)
[2024.08.13-04.01.26:176][726]LogModuleManager: Shutting down and abandoning module LevelEditor (93)
[2024.08.13-04.01.26:176][726]LogModuleManager: Shutting down and abandoning module DirectoryWatcher (92)
[2024.08.13-04.01.26:177][726]LogModuleManager: Shutting down and abandoning module AssetRegistry (91)
[2024.08.13-04.01.26:281][726]LogModuleManager: Shutting down and abandoning module ContentBrowser (90)
[2024.08.13-04.01.26:282][726]LogModuleManager: Shutting down and abandoning module Paper2DEditor (89)
[2024.08.13-04.01.26:282][726]LogModuleManager: Shutting down and abandoning module UAM_Uproject (88)
[2024.08.13-04.01.26:282][726]LogModuleManager: Shutting down and abandoning module UdpMessaging (87)
[2024.08.13-04.01.26:382][726]LogModuleManager: Shutting down and abandoning module LightPropagationVolumeRuntime (86)
[2024.08.13-04.01.26:382][726]LogModuleManager: Shutting down and abandoning module Paper2D (85)
[2024.08.13-04.01.26:382][726]LogModuleManager: Shutting down and abandoning module WindowsMoviePlayer (84)
[2024.08.13-04.01.26:382][726]LogModuleManager: Shutting down and abandoning module Media (83)
[2024.08.13-04.01.26:382][726]LogModuleManager: Shutting down and abandoning module WmfMedia (82)
[2024.08.13-04.01.26:383][726]LogModuleManager: Shutting down and abandoning module MediaAssets (81)
[2024.08.13-04.01.26:383][726]LogModuleManager: Shutting down and abandoning module GameLiveStreaming (80)
[2024.08.13-04.01.26:383][726]LogModuleManager: Shutting down and abandoning module GameplayTagsEditor (79)
[2024.08.13-04.01.26:383][726]LogModuleManager: Shutting down and abandoning module OnlineBlueprintSupport (78)
[2024.08.13-04.01.26:383][726]LogModuleManager: Shutting down and abandoning module GameplayTasksEditor (77)
[2024.08.13-04.01.26:383][726]LogModuleManager: Shutting down and abandoning module PropertyEditor (76)
[2024.08.13-04.01.26:383][726]LogModuleManager: Shutting down and abandoning module BehaviorTreeEditor (75)
[2024.08.13-04.01.26:383][726]LogModuleManager: Shutting down and abandoning module FunctionalTesting (74)
[2024.08.13-04.01.26:383][726]LogModuleManager: Shutting down and abandoning module CollisionAnalyzer (73)
[2024.08.13-04.01.26:383][726]LogModuleManager: Shutting down and abandoning module WorkspaceMenuStructure (72)
[2024.08.13-04.01.26:383][726]LogModuleManager: Shutting down and abandoning module MessageLog (71)
[2024.08.13-04.01.26:383][726]LogModuleManager: Shutting down and abandoning module Sequencer (70)
[2024.08.13-04.01.26:383][726]LogModuleManager: Shutting down and abandoning module AssetTools (69)
[2024.08.13-04.01.26:383][726]LogModuleManager: Shutting down and abandoning module UMGEditor (68)
[2024.08.13-04.01.26:383][726]LogModuleManager: Shutting down and abandoning module UMG (67)
[2024.08.13-04.01.26:383][726]LogModuleManager: Shutting down and abandoning module SlateReflector (66)
[2024.08.13-04.01.26:383][726]LogModuleManager: Shutting down and abandoning module Slate (65)
[2024.08.13-04.01.26:383][726]LogModuleManager: Shutting down and abandoning module EditorStyle (64)
[2024.08.13-04.01.26:385][726]LogModuleManager: Shutting down and abandoning module SessionServices (63)
[2024.08.13-04.01.26:385][726]LogModuleManager: Shutting down and abandoning module SourceCodeAccess (62)
[2024.08.13-04.01.26:385][726]LogModuleManager: Shutting down and abandoning module HeadMountedDisplay (61)
[2024.08.13-04.01.26:385][726]LogModuleManager: Shutting down and abandoning module XAudio2 (60)
[2024.08.13-04.01.26:385][726]LogModuleManager: Shutting down and abandoning module Networking (58)
[2024.08.13-04.01.26:385][726]LogModuleManager: Shutting down and abandoning module Core (57)
[2024.08.13-04.01.26:385][726]LogModuleManager: Shutting down and abandoning module KismetCompiler (56)
[2024.08.13-04.01.26:385][726]LogModuleManager: Shutting down and abandoning module PhysXFormats (55)
[2024.08.13-04.01.26:385][726]LogModuleManager: Shutting down and abandoning module MeshUtilities (54)
[2024.08.13-04.01.26:385][726]LogModuleManager: Shutting down and abandoning module CookingStats (53)
[2024.08.13-04.01.26:385][726]LogModuleManager: Shutting down and abandoning module DerivedDataCache (52)
[2024.08.13-04.01.26:385][726]LogDerivedDataCache: Shutdown
[2024.08.13-04.01.26:385][726]LogModuleManager: Shutting down and abandoning module MetalShaderFormat (51)
[2024.08.13-04.01.26:385][726]LogModuleManager: Shutting down and abandoning module ShaderFormatD3D (50)
[2024.08.13-04.01.26:386][726]LogModuleManager: Shutting down and abandoning module ShaderFormatOpenGL (49)
[2024.08.13-04.01.26:386][726]LogModuleManager: Shutting down and abandoning module TextureFormatUncompressed (48)
[2024.08.13-04.01.26:386][726]LogModuleManager: Shutting down and abandoning module ImageWrapper (47)
[2024.08.13-04.01.26:386][726]LogModuleManager: Shutting down and abandoning module TextureFormatASTC (46)
[2024.08.13-04.01.26:386][726]LogModuleManager: Shutting down and abandoning module TextureFormatPVR (45)
[2024.08.13-04.01.26:386][726]LogModuleManager: Shutting down and abandoning module TextureFormatDXT (44)
[2024.08.13-04.01.26:386][726]LogModuleManager: Shutting down and abandoning module TextureFormatIntelISPCTexComp (43)
[2024.08.13-04.01.26:386][726]LogModuleManager: Shutting down and abandoning module AudioFormatOpus (42)
[2024.08.13-04.01.26:386][726]LogModuleManager: Shutting down and abandoning module AudioFormatOgg (41)
[2024.08.13-04.01.26:386][726]LogModuleManager: Shutting down and abandoning module AudioFormatADPCM (40)
[2024.08.13-04.01.26:386][726]LogModuleManager: Shutting down and abandoning module TVOSTargetPlatform (39)
[2024.08.13-04.01.26:386][726]LogModuleManager: Shutting down and abandoning module Messaging (38)
[2024.08.13-04.01.26:386][726]LogModuleManager: Shutting down and abandoning module IOSTargetPlatform (37)
[2024.08.13-04.01.26:386][726]LogModuleManager: Shutting down and abandoning module HTML5TargetPlatform (36)
[2024.08.13-04.01.26:386][726]LogModuleManager: Shutting down and abandoning module Android_MultiTargetPlatform (35)
[2024.08.13-04.01.26:386][726]LogModuleManager: Shutting down and abandoning module Android_ASTCTargetPlatform (34)
[2024.08.13-04.01.26:386][726]LogModuleManager: Shutting down and abandoning module Android_ETC2TargetPlatform (33)
[2024.08.13-04.01.26:386][726]LogModuleManager: Shutting down and abandoning module Android_ETC1TargetPlatform (32)
[2024.08.13-04.01.26:386][726]LogModuleManager: Shutting down and abandoning module Android_DXTTargetPlatform (31)
[2024.08.13-04.01.26:386][726]LogModuleManager: Shutting down and abandoning module Android_ATCTargetPlatform (30)
[2024.08.13-04.01.26:386][726]LogModuleManager: Shutting down and abandoning module Android_PVRTCTargetPlatform (29)
[2024.08.13-04.01.26:386][726]LogModuleManager: Shutting down and abandoning module AndroidTargetPlatform (28)
[2024.08.13-04.01.26:386][726]LogModuleManager: Shutting down and abandoning module AllDesktopTargetPlatform (27)
[2024.08.13-04.01.26:386][726]LogModuleManager: Shutting down and abandoning module WindowsClientTargetPlatform (26)
[2024.08.13-04.01.26:386][726]LogModuleManager: Shutting down and abandoning module WindowsServerTargetPlatform (25)
[2024.08.13-04.01.26:386][726]LogModuleManager: Shutting down and abandoning module WindowsNoEditorTargetPlatform (24)
[2024.08.13-04.01.26:386][726]LogModuleManager: Shutting down and abandoning module WindowsTargetPlatform (23)
[2024.08.13-04.01.26:386][726]LogModuleManager: Shutting down and abandoning module TargetPlatform (22)
[2024.08.13-04.01.26:386][726]LogModuleManager: Shutting down and abandoning module InputCore (21)
[2024.08.13-04.01.26:386][726]LogModuleManager: Shutting down and abandoning module Settings (20)
[2024.08.13-04.01.26:386][726]LogModuleManager: Shutting down and abandoning module OnlineSubsystem (18)
[2024.08.13-04.01.26:386][726]LogModuleManager: Shutting down and abandoning module HTTP (17)
[2024.08.13-04.01.27:387][726]LogModuleManager: Shutting down and abandoning module OculusRift (16)
[2024.08.13-04.01.27:387][726]LogModuleManager: Shutting down and abandoning module ExampleDeviceProfileSelector (15)
[2024.08.13-04.01.27:387][726]LogModuleManager: Shutting down and abandoning module TextureCompressor (14)
[2024.08.13-04.01.27:387][726]LogModuleManager: Shutting down and abandoning module ShaderCore (13)
[2024.08.13-04.01.27:387][726]LogModuleManager: Shutting down and abandoning module Landscape (12)
[2024.08.13-04.01.27:387][726]LogModuleManager: Shutting down and abandoning module SlateRHIRenderer (11)
[2024.08.13-04.01.27:391][726]LogModuleManager: Shutting down and abandoning module OpenGLDrv (10)
[2024.08.13-04.01.27:391][726]LogModuleManager: Shutting down and abandoning module D3D11RHI (9)
[2024.08.13-04.01.27:391][726]LogModuleManager: Shutting down and abandoning module AnimGraphRuntime (8)
[2024.08.13-04.01.27:391][726]LogModuleManager: Shutting down and abandoning module Renderer (7)
[2024.08.13-04.01.27:391][726]LogModuleManager: Shutting down and abandoning module Engine (6)
[2024.08.13-04.01.27:391][726]LogModuleManager: Shutting down and abandoning module CoreUObject (5)
[2024.08.13-04.01.27:391][726]LogModuleManager: Shutting down and abandoning module NetworkFile (4)
[2024.08.13-04.01.27:391][726]LogModuleManager: Shutting down and abandoning module StreamingFile (3)
[2024.08.13-04.01.27:391][726]LogModuleManager: Shutting down and abandoning module SandboxFile (2)
[2024.08.13-04.01.27:391][726]LogModuleManager: Shutting down and abandoning module PakFile (1)
[2024.08.13-04.01.27:393][726]LogExit: Exiting.
[2024.08.13-04.01.27:398][726]Log file closed, 08/13/24 00:01:27
