Log file open, 08/12/24 23:36:06
LogInit:Display: Running engine for game: UAM_Uproject
LogPlatformFile: Not using cached read wrapper
LogInit:Display: RandInit(592905785) SRandInit(592905789).
LogInit: Using version manifest at CL 0 with build ID '320bd2db-b20f-4847-b110-546ed0ad14b7'
LogTaskGraph: Started task graph with 4 named threads and 11 total threads.
LogStats: Stats thread started at 0.156735
LogInit: Version: 4.11.2-0+UE4
LogInit: API Version: 0
LogInit: Compiled (64-bit): Jun 29 2024 20:51:17
LogInit: Compiled with Visual C++: 19.00.24215.01
LogInit: Build Configuration: Development
LogInit: Branch Name: UE4
LogInit: Command line:  
LogInit: Base directory: D:/unreal_engine_installs/UE_4.11_source_build/Engine/Binaries/Win64/
LogInit: Installed Engine Build: 0
LogInit: Using libcurl 7.41.0
LogInit:  - built for x86_64-pc-win32
LogInit:  - supports SSL with WinSSL
LogInit:  - other features:
LogInit:      CURL_VERSION_SSL
LogInit:      CURL_VERSION_IPV6
LogInit:      CURL_VERSION_ASYNCHDNS
LogInit:      CURL_VERSION_LARGEFILE
LogInit:      CURL_VERSION_IDN
LogInit:  CurlRequestOptions (configurable via config and command line):
LogInit:  - bVerifyPeer = true  - Libcurl will verify peer certificate
LogInit:  - bUseHttpProxy = false  - Libcurl will NOT use HTTP proxy
LogInit:  - bDontReuseConnections = false  - Libcurl will reuse connections
LogInit:  - CertBundlePath = nullptr  - Libcurl will use whatever was configured at build time.
LogInit: Presizing for max 16777216 objects, including 0 objects not considered by GC, pre-allocating 0 bytes for permanent pool.
LogInit: Object subsystem initialized
[2024.08.13-03.36.06:110][  0]LogInit: Selected Device Profile: [Windows]
[2024.08.13-03.36.06:110][  0]LogInit: Applying CVar settings loaded from the selected device profile: [Windows]
[2024.08.13-03.36.06:115][  0]LogInit: Computer: DESKTOP-H8M04FC
[2024.08.13-03.36.06:115][  0]LogInit: User: Mythical
[2024.08.13-03.36.06:115][  0]LogInit: CPU Page size=65536, Cores=8
[2024.08.13-03.36.06:115][  0]LogInit: High frequency timer resolution =10.000000 MHz
[2024.08.13-03.36.06:115][  0]LogMemory: Memory total: Physical=15.7GB (16GB approx)
[2024.08.13-03.36.06:115][  0]LogMemory: Platform Memory Stats for Windows
[2024.08.13-03.36.06:115][  0]LogMemory: Process Physical Memory: 316.48 MB used, 316.48 MB peak
[2024.08.13-03.36.06:115][  0]LogMemory: Process Virtual Memory: 316.57 MB used, 316.57 MB peak
[2024.08.13-03.36.06:115][  0]LogMemory: Physical Memory: 11203.79 MB used, 16085.50 MB total
[2024.08.13-03.36.06:115][  0]LogMemory: Virtual Memory: 4769.20 MB used, 134217728.00 MB total
[2024.08.13-03.36.06:192][  0]LogTextLocalizationManager: No specific translations for ('en-US') exist, so ('en') translations will be used.
[2024.08.13-03.36.06:528][  0]LogD3D11RHI: D3D11 adapters:
[2024.08.13-03.36.06:683][  0]LogD3D11RHI:    0. 'NVIDIA GeForce RTX 3070 Laptop GPU' (Feature Level 11_0)
[2024.08.13-03.36.06:683][  0]LogD3D11RHI:       8020MB of dedicated video memory, 0MB of dedicated system memory, and 8042MB of shared system memory, 1 output[s]
[2024.08.13-03.36.06:714][  0]LogD3D11RHI:    1. 'Intel(R) UHD Graphics' (Feature Level 11_0)
[2024.08.13-03.36.06:714][  0]LogD3D11RHI:       128MB of dedicated video memory, 0MB of dedicated system memory, and 8042MB of shared system memory, 1 output[s]
[2024.08.13-03.36.06:716][  0]LogD3D11RHI:    2. 'Microsoft Basic Render Driver' (Feature Level 11_0)
[2024.08.13-03.36.06:716][  0]LogD3D11RHI:       0MB of dedicated video memory, 0MB of dedicated system memory, and 8042MB of shared system memory, 0 output[s]
[2024.08.13-03.36.06:716][  0]LogD3D11RHI: Chosen D3D11 Adapter: 0
[2024.08.13-03.36.06:726][  0]LogD3D11RHI: Creating new Direct3DDevice
[2024.08.13-03.36.06:726][  0]LogD3D11RHI:     Adapter Name: NVIDIA GeForce RTX 3070 Laptop GPU
[2024.08.13-03.36.06:726][  0]LogD3D11RHI:   Driver Version: Unknown (internal Unknown)
[2024.08.13-03.36.06:726][  0]LogD3D11RHI:      Driver Date: Unknown
[2024.08.13-03.36.06:726][  0]LogRHI: Texture pool is 1361 MB (70% of 1945 MB)
[2024.08.13-03.36.06:822][  0]LogD3D11RHI: Async texture creation enabled
[2024.08.13-03.36.06:837][  0]LogShaderCompilers: Guid format shader working directory is -8 characters bigger than the processId version (C:/Users/Mythical/Documents/GitHub/UnrealAutoModInEditor/Intermediate/Shaders/WorkingDirectory/38216/).
[2024.08.13-03.36.06:837][  0]LogShaderCompilers: Cleaned the shader compiler working directory 'C:/Users/Mythical/AppData/Local/Temp/UnrealShaderWorkingDir/A79C8BA0449D05F586B68A817FB5DDBC/'.
[2024.08.13-03.36.06:837][  0]LogShaderCompilers:Display: Using Local Shader Compiler.
[2024.08.13-03.36.07:576][  0]LogTemp:Display: Loaded TP WindowsTargetPlatform
[2024.08.13-03.36.07:579][  0]LogTemp:Display: Loaded TP WindowsNoEditorTargetPlatform
[2024.08.13-03.36.07:583][  0]LogTemp:Display: Loaded TP WindowsServerTargetPlatform
[2024.08.13-03.36.07:587][  0]LogTemp:Display: Loaded TP WindowsClientTargetPlatform
[2024.08.13-03.36.07:590][  0]LogTemp:Display: Loaded TP AllDesktopTargetPlatform
[2024.08.13-03.36.07:594][  0]LogTemp:Display: Loaded TP AndroidTargetPlatform
[2024.08.13-03.36.07:597][  0]LogTemp:Display: Loaded TP Android_PVRTCTargetPlatform
[2024.08.13-03.36.07:599][  0]LogTemp:Display: Loaded TP Android_ATCTargetPlatform
[2024.08.13-03.36.07:602][  0]LogTemp:Display: Loaded TP Android_DXTTargetPlatform
[2024.08.13-03.36.07:605][  0]LogTemp:Display: Loaded TP Android_ETC1TargetPlatform
[2024.08.13-03.36.07:608][  0]LogTemp:Display: Loaded TP Android_ETC2TargetPlatform
[2024.08.13-03.36.07:612][  0]LogTemp:Display: Loaded TP Android_ASTCTargetPlatform
[2024.08.13-03.36.07:615][  0]LogTemp:Display: Loaded TP Android_MultiTargetPlatform
[2024.08.13-03.36.07:616][  0]LogTemp:Display: Loaded TP HTML5TargetPlatform
[2024.08.13-03.36.07:633][  0]LogTemp:Display: Loaded TP IOSTargetPlatform
[2024.08.13-03.36.07:635][  0]LogTemp:Display: Loaded TP TVOSTargetPlatform
[2024.08.13-03.36.07:635][  0]LogTargetPlatformManager:Display: Building Assets For Windows
[2024.08.13-03.36.07:714][  0]LogDerivedDataCache:Display: Max Cache Size: 512 MB
[2024.08.13-03.36.07:749][  0]LogDerivedDataCache: Loaded boot cache 0.04s 46MB C:/Users/Mythical/Documents/GitHub/UnrealAutoModInEditor/DerivedDataCache/Boot.ddc.
[2024.08.13-03.36.07:749][  0]LogDerivedDataCache:Display: Loaded Boot cache: C:/Users/Mythical/Documents/GitHub/UnrealAutoModInEditor/DerivedDataCache/Boot.ddc
[2024.08.13-03.36.07:749][  0]LogDerivedDataCache: FDerivedDataBackendGraph:  Pak pak cache file C:/Users/Mythical/Documents/GitHub/UnrealAutoModInEditor/DerivedDataCache/DDC.ddp not found, will not use a pak cache.
[2024.08.13-03.36.07:749][  0]LogDerivedDataCache: Unable to find inner node Pak for hierarchical cache Hierarchy.
[2024.08.13-03.36.07:749][  0]LogDerivedDataCache: FDerivedDataBackendGraph:  EnginePak pak cache file ../../../Engine/DerivedDataCache/DDC.ddp not found, will not use a pak cache.
[2024.08.13-03.36.07:749][  0]LogDerivedDataCache: Unable to find inner node EnginePak for hierarchical cache Hierarchy.
[2024.08.13-03.36.07:761][  0]LogDerivedDataCache: Using Local data cache path ../../../Engine/DerivedDataCache: Writable
[2024.08.13-03.36.07:761][  0]LogDerivedDataCache: Shared data cache path not found in *engine.ini, will not use an Shared cache.
[2024.08.13-03.36.07:761][  0]LogDerivedDataCache: Unable to find inner node Shared for hierarchical cache Hierarchy.
[2024.08.13-03.36.07:905][  0]LogInit: Selected Device Profile: [Windows]
[2024.08.13-03.36.07:906][  0]LogContentStreaming: Texture pool size is 0.00 MB
[2024.08.13-03.36.07:933][  0]LogMaterial: Uniform references updated for custom material expression Custom.
[2024.08.13-03.36.08:056][  0]LogMeshUtilities: No automatic mesh reduction module available
[2024.08.13-03.36.08:056][  0]LogMeshUtilities: No automatic mesh merging module available
[2024.08.13-03.36.08:056][  0]LogMeshUtilities: No distributed automatic mesh merging module available
[2024.08.13-03.36.08:254][  0]LogUObjectArray: 27672 objects as part of root set at end of initial load.
[2024.08.13-03.36.08:254][  0]LogUObjectAllocator: 5590152 out of 0 bytes used by permanent object pool.
[2024.08.13-03.36.08:254][  0]LogUObjectArray: CloseDisregardForGC: 0/0 objects in disregard for GC pool
[2024.08.13-03.36.08:259][  0]LogInit: WinSock: version 1.1 (2.2), MaxSocks=32767, MaxUdp=65467
[2024.08.13-03.36.08:339][  0]LogSlate: SlateFontCache - WITH_FREETYPE: 1, WITH_HARFBUZZ: 1
[2024.08.13-03.36.08:339][  0]LogSlate: SlateFontCache - WITH_FREETYPE: 1, WITH_HARFBUZZ: 1
[2024.08.13-03.36.08:442][  0]LogStreaming:Warning: Failed to read file '../../../Engine/Content/Editor/Slate/Common/Selection_16x.png' error.
[2024.08.13-03.36.08:442][  0]LogSlate: Could not find file for Slate resource: ../../../Engine/Content/Editor/Slate/Common/Selection_16x.png
[2024.08.13-03.36.08:442][  0]LogStreaming:Warning: Failed to read file '../../../Engine/Content/Editor/Slate/Common/Selection_16x.png' error.
[2024.08.13-03.36.08:442][  0]LogSlate: Could not find file for Slate resource: ../../../Engine/Content/Editor/Slate/Common/Selection_16x.png
[2024.08.13-03.36.08:442][  0]LogStreaming:Warning: Failed to read file '../../../Engine/Content/Editor/Slate/Common/Selection_16x.png' error.
[2024.08.13-03.36.08:442][  0]LogSlate: Could not find file for Slate resource: ../../../Engine/Content/Editor/Slate/Common/Selection_16x.png
[2024.08.13-03.36.09:011][  0]LogUdpMessaging: Initializing bridge on interface 0.0.0.0:0 to multicast group 230.0.0.1:6666.
[2024.08.13-03.36.09:122][  0]LogAssetRegistry: FAssetRegistry took 0.0226 seconds to start up
[2024.08.13-03.36.09:250][  0]SourceControl: Info Source control is disabled
[2024.08.13-03.36.09:304][  0]SourceControl: Info Source control is disabled
[2024.08.13-03.36.09:318][  0]SourceControl: Info Source control is disabled
[2024.08.13-03.36.09:331][  0]SourceControl: Info Source control is disabled
[2024.08.13-03.36.09:528][  0]LogHMD: Failed to initialize OpenVR with code 110
[2024.08.13-03.36.09:668][  0]LogStreaming:Warning: Failed to read file '../../../Engine/Content/Editor/Slate/Common/Selection_16x.png' error.
[2024.08.13-03.36.09:668][  0]LogSlate: Could not find file for Slate resource: ../../../Engine/Content/Editor/Slate/Common/Selection_16x.png
[2024.08.13-03.36.09:668][  0]LogStreaming:Warning: Failed to read file '../../../Engine/Content/Editor/Slate/Common/Selection_16x.png' error.
[2024.08.13-03.36.09:668][  0]LogSlate: Could not find file for Slate resource: ../../../Engine/Content/Editor/Slate/Common/Selection_16x.png
[2024.08.13-03.36.09:668][  0]LogStreaming:Warning: Failed to read file '../../../Engine/Content/Editor/Slate/Common/Selection_16x.png' error.
[2024.08.13-03.36.09:668][  0]LogSlate: Could not find file for Slate resource: ../../../Engine/Content/Editor/Slate/Common/Selection_16x.png
[2024.08.13-03.36.10:188][  0]LogEngine: Initializing Engine...
[2024.08.13-03.36.10:316][  0]LogAIModule: Creating AISystem for world NewWorld
[2024.08.13-03.36.10:329][  0]LogInit: XAudio2 using 'Speakers (Realtek(R) Audio)' : 2 channels at 48 kHz using 32 bits per sample (channel mask 0x3)
[2024.08.13-03.36.10:373][  0]LogInit: FAudioDevice initialized.
[2024.08.13-03.36.10:393][  0]LogDerivedDataCache: Saved boot cache 0.02s 46MB C:/Users/Mythical/Documents/GitHub/UnrealAutoModInEditor/DerivedDataCache/Boot.ddc.
[2024.08.13-03.36.10:396][  0]LogInit: Texture streaming: Enabled
[2024.08.13-03.36.10:422][  0]LogInit: Transaction tracking system initialized
[2024.08.13-03.36.10:440][  0]BlueprintLog: New page: Editor Load
[2024.08.13-03.36.10:504][  0]LocalizationService: Info Localization service is disabled
[2024.08.13-03.36.10:571][  0]LogConsoleResponse:Display: 
[2024.08.13-03.36.10:663][  0]LogCook:Display: Max memory allowance for cook 8192mb
[2024.08.13-03.36.10:663][  0]LogCook:Display: Mobile HDR setting 1
[2024.08.13-03.36.10:663][  0]LogCook:Display: Done creating registry. It took  0.00s.
[2024.08.13-03.36.10:722][  0]LogFileCache: Scanning file cache for directory 'C:/Users/Mythical/Documents/GitHub/UnrealAutoModInEditor/Content/' took 0.01s
[2024.08.13-03.36.10:722][  0]SourceControl: Info Source control is disabled
[2024.08.13-03.36.10:722][  0]Cmd: MAP LOAD FILE="C:/Users/Mythical/Documents/GitHub/UnrealAutoModInEditor/Plugins/UnrealAutoMod/Content/NewWorld.umap" TEMPLATE=0 SHOWPROGRESS=1 FEATURELEVEL=3
[2024.08.13-03.36.10:722][  0]LogEditorServer:Warning: Can't find file 'C:/Users/Mythical/Documents/GitHub/UnrealAutoModInEditor/Plugins/UnrealAutoMod/Content/NewWorld.umap'
[2024.08.13-03.36.10:722][  0]Cmd: MAP CHECKDEP NOCLEARLOG
[2024.08.13-03.36.10:786][  0]MapCheck: Info Map check complete: 0 Error(s), 0 Warning(s), took 63.735ms to complete.
[2024.08.13-03.36.10:786][  0]LogFileHelpers: Loading map 'NewWorld' took 0.064
[2024.08.13-03.36.10:870][  0]LogCollectionManager: Loaded 0 collections in 0.001207 seconds
[2024.08.13-03.36.10:911][  0]LogFileCache: Scanning file cache for directory 'C:/Users/Mythical/Documents/GitHub/UnrealAutoModInEditor/Saved/Collections/' took 0.01s
[2024.08.13-03.36.10:911][  0]LogFileCache: Scanning file cache for directory 'C:/Users/Mythical/Documents/GitHub/UnrealAutoModInEditor/Content/Developers/Mythical/Collections/' took 0.01s
[2024.08.13-03.36.10:911][  0]LogFileCache: Scanning file cache for directory 'C:/Users/Mythical/Documents/GitHub/UnrealAutoModInEditor/Content/Collections/' took 0.01s
[2024.08.13-03.36.10:911][  0]LogCollectionManager: Rebuilt the GUID cache for 0 collections in 0.000002 seconds
[2024.08.13-03.36.10:919][  0]LogContentBrowser: Native class hierarchy populated in 0.0077 seconds. Added 1981 classes and 346 folders.
[2024.08.13-03.36.10:922][  0]LogStats: UGameplayTagsManager::ConstructGameplayTagTree: Construct from data asset -  0.000 s
[2024.08.13-03.36.10:922][  0]LogStats: UGameplayTagsManager::ConstructGameplayTagTree: GameplayTagTreeChangedEvent.Broadcast -  0.000 s
[2024.08.13-03.36.10:923][  0]LogContentBrowser: Native class hierarchy updated for 'GameplayTags' in 0.0014 seconds. Added 12 classes and 0 folders.
[2024.08.13-03.36.10:928][  0]LogContentBrowser: Native class hierarchy updated for 'WidgetCarousel' in 0.0014 seconds. Added 0 classes and 0 folders.
[2024.08.13-03.36.10:934][  0]LogContentBrowser: Native class hierarchy updated for 'SuperSearch' in 0.0014 seconds. Added 1 classes and 2 folders.
[2024.08.13-03.36.10:983][  0]LogContentBrowser: Native class hierarchy updated for 'AddContentDialog' in 0.0015 seconds. Added 0 classes and 0 folders.
[2024.08.13-03.36.12:075][  0]LogCrashTracker: Crashtracker disabled due to settings.
[2024.08.13-03.36.12:083][  0]LogUObjectGlobals:Warning: Failed to find object 'Class None.'
[2024.08.13-03.36.12:109][  0]LogContentBrowser: Native class hierarchy updated for 'HierarchicalLODOutliner' in 0.0012 seconds. Added 1 classes and 2 folders.
[2024.08.13-03.36.12:109][  0]LogLoad: Full Startup: 7.20 seconds (BP compile: 0.52 seconds)
[2024.08.13-03.36.12:109][  0]LogExternalProfiler:Warning: No registered external profiler was matched with a command-line switch (or the DLL could not be loaded).  External profiling features will not be available.
[2024.08.13-03.36.12:449][  0]LogOcInput: OculusInput pre-init called
[2024.08.13-03.36.12:461][  0]LogAssetRegistry: Asset discovery search completed in 3.3622 seconds
[2024.08.13-03.36.12:461][  0]LogCollectionManager: Rebuilt the object cache for 0 collections in 0.000001 seconds (found 0 objects)
[2024.08.13-03.36.12:461][  0]LogCollectionManager: Fixed up redirectors for 0 collections in 0.000067 seconds (updated 0 objects)
[2024.08.13-03.36.12:576][  0]LogContentStreaming: Texture pool size now 1000 MB
[2024.08.13-03.36.12:652][  0]LogTemp:Warning: Failed to read file: C:/Users/Mythical/Documents/GitHub/UnrealAutoModInEditor/Plugins/UnrealAutoMod/Resources/UnrealAutoMod/logs/unreal_auto_mod_07_31_2024_1818.log
[2024.08.13-03.36.12:688][  0]LogRenderer: Reallocating scene render targets to support 1208x688 (Frame:2).
[2024.08.13-03.36.39:031][963]LogContentBrowser: Native class hierarchy updated for 'BlueprintGraph' in 0.0018 seconds. Added 108 classes and 0 folders.
[2024.08.13-03.36.48:375][476]BlueprintLog: New page: Compile WBP_UnrealAutoMod
[2024.08.13-03.36.48:517][476]BlueprintEditorCompileResults: Info [0043.61] Compile of WBP_UnrealAutoMod successful! [in 141 ms]
[2024.08.13-03.36.48:963][498]LogSavePackage: Save=47.37ms
[2024.08.13-03.36.48:963][498]LogSavePackage: Moving 'C:/Users/Mythical/Documents/GitHub/UnrealAutoModInEditor/Saved/WBP_UnrealAutoMod6747DFBA49618CA4A57884ABE8864C8F.tmp' to 'C:/Users/Mythical/Documents/GitHub/UnrealAutoModInEditor/Plugins/UnrealAutoMod/Content/Widgets/WBP_UnrealAutoMod.uasset'
[2024.08.13-03.36.48:965][498]LogSavePackage: Total save time: 51.53ms
[2024.08.13-03.36.48:966][498]LogSavePackage:Display: Finished SavePackage C:/Users/Mythical/Documents/GitHub/UnrealAutoModInEditor/Plugins/UnrealAutoMod/Content/Widgets/WBP_UnrealAutoMod.uasset
[2024.08.13-03.36.50:588][593]LogRenderer: Reallocating scene render targets to support 1628x688 (Frame:1197).
[2024.08.13-03.36.52:600][711]LogTemp: Called function: Refresh on object: WBP_UnrealAutoMod_C_0
[2024.08.13-03.36.52:600][711]LogScript:Warning: Accessed None trying to read property WBP_UnrealAutoMod
	WBP_UnrealAutoMod_C /Engine/Transient.World_4:WBP_UnrealAutoMod_C_0
	Function /UnrealAutoMod/Widgets/WBP_UnrealAutoMod.WBP_UnrealAutoMod_C:ExecuteUbergraph_WBP_UnrealAutoMod:013B
[2024.08.13-03.36.52:601][711]LogTemp: Called function: Refresh on object: WBP_UnrealAutoMod_C_0
[2024.08.13-03.36.59:700][990]LogObjectTools:Warning: ForceReplaceReferences replaced references for a transient object 'DEADCLASS_WBP_UAM_C_0' or package '/Engine/Transient'.
[2024.08.13-03.36.59:700][990]LogObjectTools:Warning: ForceReplaceReferences replaced references for a transient object 'DEADCLASS_WBP_UAM_C_1' or package '/Engine/Transient'.
[2024.08.13-03.36.59:700][990]LogObjectTools:Warning: ForceReplaceReferences replaced references for a transient object 'WBP_Base_Button' or package '/Engine/Transient'.
[2024.08.13-03.36.59:701][990]LogObjectTools:Warning: ForceReplaceReferences replaced references for a transient object 'WBP_Base_Button_C_12' or package '/Engine/Transient'.
[2024.08.13-03.36.59:701][990]LogObjectTools:Warning: ForceReplaceReferences replaced references for a transient object 'REINST_SKEL_WBP_UAM_C_69' or package '/Engine/Transient'.
[2024.08.13-03.36.59:701][990]LogObjectTools:Warning: ForceReplaceReferences replaced references for a transient object 'REINST_WBP_UAM_C_68' or package '/Engine/Transient'.
[2024.08.13-03.37.07:073][255]Cmd: QUIT_EDITOR
[2024.08.13-03.37.07:102][255]LogWindowsTextInputMethodSystem:Display: IME system now deactivated.
[2024.08.13-03.37.07:131][255]LogExit: Preparing to exit.
[2024.08.13-03.37.08:176][255]LogExit: Editor shut down
[2024.08.13-03.37.08:177][255]LogExit: Transaction tracking system shut down
[2024.08.13-03.37.08:286][255]LogObj: Freed 0b from 0 cluster array pools.
[2024.08.13-03.37.08:286][255]LogExit: Object subsystem successfully closed.
[2024.08.13-03.37.08:307][255]LogD3D11RHI: Shutdown
[2024.08.13-03.37.08:307][255]LogD3D11RHI: CleanupD3DDevice
[2024.08.13-03.37.08:352][255]LogD3D11RHI: ~FD3D11DynamicRHI
[2024.08.13-03.37.08:810][255]LogDerivedDataCache: Shutdown
[2024.08.13-03.37.08:810][255]LogModuleManager: Shutting down and abandoning module SequencerWidgets (201)
[2024.08.13-03.37.08:810][255]LogModuleManager: Shutting down and abandoning module BlueprintGraph (200)
[2024.08.13-03.37.08:810][255]LogModuleManager: Shutting down and abandoning module HierarchicalLODOutliner (199)
[2024.08.13-03.37.08:810][255]LogModuleManager: Shutting down and abandoning module CrashTracker (198)
[2024.08.13-03.37.08:810][255]LogModuleManager: Shutting down and abandoning module SuperSearch (197)
[2024.08.13-03.37.08:810][255]LogModuleManager: Shutting down and abandoning module WidgetCarousel (196)
[2024.08.13-03.37.08:810][255]LogModuleManager: Shutting down and abandoning module AddContentDialog (195)
[2024.08.13-03.37.08:811][255]LogModuleManager: Shutting down and abandoning module GameplayTags (194)
[2024.08.13-03.37.08:811][255]LogModuleManager: Shutting down and abandoning module EditorWidgets (193)
[2024.08.13-03.37.08:811][255]LogModuleManager: Shutting down and abandoning module CollectionManager (192)
[2024.08.13-03.37.08:811][255]LogModuleManager: Shutting down and abandoning module FoliageEdit (191)
[2024.08.13-03.37.08:811][255]LogModuleManager: Shutting down and abandoning module LandscapeEditor (190)
[2024.08.13-03.37.08:811][255]LogModuleManager: Shutting down and abandoning module ActorPickerMode (189)
[2024.08.13-03.37.08:811][255]LogModuleManager: Shutting down and abandoning module GeometryMode (188)
[2024.08.13-03.37.08:811][255]LogModuleManager: Shutting down and abandoning module TextureAlignMode (187)
[2024.08.13-03.37.08:811][255]LogModuleManager: Shutting down and abandoning module BspMode (186)
[2024.08.13-03.37.08:811][255]LogModuleManager: Shutting down and abandoning module PlacementMode (185)
[2024.08.13-03.37.08:811][255]LogModuleManager: Shutting down and abandoning module AutomationWorker (184)
[2024.08.13-03.37.08:811][255]LogModuleManager: Shutting down and abandoning module CharacterAI (183)
[2024.08.13-03.37.08:811][255]LogModuleManager: Shutting down and abandoning module SmartSnapping (182)
[2024.08.13-03.37.08:811][255]LogModuleManager: Shutting down and abandoning module ViewportSnapping (181)
[2024.08.13-03.37.08:811][255]LogModuleManager: Shutting down and abandoning module LogVisualizer (180)
[2024.08.13-03.37.08:811][255]LogModuleManager: Shutting down and abandoning module GameProjectGeneration (179)
[2024.08.13-03.37.08:811][255]LogModuleManager: Shutting down and abandoning module IntroTutorials (178)
[2024.08.13-03.37.08:811][255]LogModuleManager: Shutting down and abandoning module EditorLiveStreaming (177)
[2024.08.13-03.37.08:811][255]LogModuleManager: Shutting down and abandoning module IOSPlatformEditor (176)
[2024.08.13-03.37.08:811][255]LogModuleManager: Shutting down and abandoning module HTML5PlatformEditor (175)
[2024.08.13-03.37.08:811][255]LogModuleManager: Shutting down and abandoning module AndroidDeviceDetection (174)
[2024.08.13-03.37.09:576][255]LogModuleManager: Shutting down and abandoning module AndroidPlatformEditor (173)
[2024.08.13-03.37.09:576][255]LogModuleManager: Shutting down and abandoning module IOSRuntimeSettings (172)
[2024.08.13-03.37.09:576][255]LogModuleManager: Shutting down and abandoning module AndroidRuntimeSettings (171)
[2024.08.13-03.37.09:576][255]LogModuleManager: Shutting down and abandoning module MergeActors (170)
[2024.08.13-03.37.09:576][255]LogModuleManager: Shutting down and abandoning module SizeMap (169)
[2024.08.13-03.37.09:576][255]LogModuleManager: Shutting down and abandoning module TreeMap (168)
[2024.08.13-03.37.09:576][255]LogModuleManager: Shutting down and abandoning module ReferenceViewer (167)
[2024.08.13-03.37.09:576][255]LogModuleManager: Shutting down and abandoning module LocalizationService (166)
[2024.08.13-03.37.09:576][255]LogModuleManager: Shutting down and abandoning module LocalizationDashboard (165)
[2024.08.13-03.37.09:576][255]LogModuleManager: Shutting down and abandoning module HardwareTargeting (164)
[2024.08.13-03.37.09:576][255]LogModuleManager: Shutting down and abandoning module DeviceProfileEditor (163)
[2024.08.13-03.37.09:576][255]LogModuleManager: Shutting down and abandoning module UndoHistory (162)
[2024.08.13-03.37.09:576][255]LogModuleManager: Shutting down and abandoning module UserFeedback (161)
[2024.08.13-03.37.09:576][255]LogModuleManager: Shutting down and abandoning module XmlParser (160)
[2024.08.13-03.37.09:576][255]LogModuleManager: Shutting down and abandoning module Blutility (159)
[2024.08.13-03.37.09:577][255]LogModuleManager: Shutting down and abandoning module ProjectTargetPlatformEditor (158)
[2024.08.13-03.37.09:577][255]LogModuleManager: Shutting down and abandoning module ProjectSettingsViewer (157)
[2024.08.13-03.37.09:577][255]LogModuleManager: Shutting down and abandoning module InputBindingEditor (156)
[2024.08.13-03.37.09:577][255]LogModuleManager: Shutting down and abandoning module EditorSettingsViewer (155)
[2024.08.13-03.37.09:577][255]LogModuleManager: Shutting down and abandoning module SettingsEditor (154)
[2024.08.13-03.37.09:577][255]LogModuleManager: Shutting down and abandoning module ProjectLauncher (153)
[2024.08.13-03.37.09:577][255]LogModuleManager: Shutting down and abandoning module SessionFrontend (152)
[2024.08.13-03.37.09:577][255]LogModuleManager: Shutting down and abandoning module ProfilerClient (151)
[2024.08.13-03.37.09:577][255]LogModuleManager: Shutting down and abandoning module TargetDeviceServices (150)
[2024.08.13-03.37.09:577][255]LogModuleManager: Shutting down and abandoning module DeviceManager (149)
[2024.08.13-03.37.09:610][255]LogModuleManager: Shutting down and abandoning module AutomationController (148)
[2024.08.13-03.37.09:610][255]LogModuleManager: Shutting down and abandoning module AutomationWindow (147)
[2024.08.13-03.37.09:610][255]LogModuleManager: Shutting down and abandoning module Layers (146)
[2024.08.13-03.37.09:610][255]LogModuleManager: Shutting down and abandoning module ComponentVisualizers (145)
[2024.08.13-03.37.09:610][255]LogModuleManager: Shutting down and abandoning module DetailCustomizations (144)
[2024.08.13-03.37.09:610][255]LogModuleManager: Shutting down and abandoning module PackagesDialog (143)
[2024.08.13-03.37.09:610][255]LogModuleManager: Shutting down and abandoning module Persona (142)
[2024.08.13-03.37.09:610][255]LogModuleManager: Shutting down and abandoning module Kismet (141)
[2024.08.13-03.37.09:610][255]LogModuleManager: Shutting down and abandoning module GraphEditor (140)
[2024.08.13-03.37.09:610][255]LogModuleManager: Shutting down and abandoning module ClassViewer (139)
[2024.08.13-03.37.09:611][255]LogModuleManager: Shutting down and abandoning module Toolbox (138)
[2024.08.13-03.37.09:611][255]LogModuleManager: Shutting down and abandoning module ModuleUI (137)
[2024.08.13-03.37.09:611][255]LogModuleManager: Shutting down and abandoning module MovieSceneTools (136)
[2024.08.13-03.37.09:611][255]LogModuleManager: Shutting down and abandoning module OutputLog (135)
[2024.08.13-03.37.09:611][255]LogModuleManager: Shutting down and abandoning module GammaUI (134)
[2024.08.13-03.37.09:611][255]LogModuleManager: Shutting down and abandoning module Documentation (133)
[2024.08.13-03.37.09:611][255]LogModuleManager: Shutting down and abandoning module StreamingPauseRendering (132)
[2024.08.13-03.37.09:611][255]LogModuleManager: Shutting down and abandoning module AnalyticsET (131)
[2024.08.13-03.37.09:611][255]LogModuleManager: Shutting down and abandoning module Analytics (130)
[2024.08.13-03.37.09:611][255]LogModuleManager: Shutting down and abandoning module PortalServices (129)
[2024.08.13-03.37.09:611][255]LogModuleManager: Shutting down and abandoning module PortalRpc (128)
[2024.08.13-03.37.09:611][255]LogModuleManager: Shutting down and abandoning module MessagingRpc (127)
[2024.08.13-03.37.09:611][255]LogModuleManager: Shutting down and abandoning module AITestSuite (126)
[2024.08.13-03.37.09:611][255]LogModuleManager: Shutting down and abandoning module GameplayDebugger (125)
[2024.08.13-03.37.09:611][255]LogModuleManager: Shutting down and abandoning module AIModule (124)
[2024.08.13-03.37.09:611][255]LogModuleManager: Shutting down and abandoning module ProfilerService (123)
[2024.08.13-03.37.09:745][255]LogModuleManager: Shutting down and abandoning module TaskGraph (122)
[2024.08.13-03.37.09:745][255]LogModuleManager: Shutting down and abandoning module UnrealAutoMod (121)
[2024.08.13-03.37.09:745][255]LogModuleManager: Shutting down and abandoning module SlateRemote (120)
[2024.08.13-03.37.09:745][255]LogModuleManager: Shutting down and abandoning module SteamVRController (119)
[2024.08.13-03.37.09:745][255]LogModuleManager: Shutting down and abandoning module SteamVR (118)
[2024.08.13-03.37.09:745][255]LogModuleManager: Shutting down and abandoning module ProceduralMeshComponent (117)
[2024.08.13-03.37.09:745][255]LogModuleManager: Shutting down and abandoning module OculusLibrary (116)
[2024.08.13-03.37.09:745][255]LogModuleManager: Shutting down and abandoning module OculusInput (115)
[2024.08.13-03.37.09:745][255]LogModuleManager: Shutting down and abandoning module CustomMeshComponent (114)
[2024.08.13-03.37.09:745][255]LogModuleManager: Shutting down and abandoning module CableComponent (113)
[2024.08.13-03.37.09:745][255]LogModuleManager: Shutting down and abandoning module ArchVisCharacter (112)
[2024.08.13-03.37.09:745][255]LogModuleManager: Shutting down and abandoning module MediaPlayerEditor (111)
[2024.08.13-03.37.09:745][255]LogModuleManager: Shutting down and abandoning module HTML5Networking (110)
[2024.08.13-03.37.09:745][255]LogModuleManager: Shutting down and abandoning module SpeedTreeImporter (109)
[2024.08.13-03.37.09:745][255]LogModuleManager: Shutting down and abandoning module PluginBrowser (108)
[2024.08.13-03.37.09:745][255]LogModuleManager: Shutting down and abandoning module EpicSurvey (107)
[2024.08.13-03.37.09:745][255]LogModuleManager: Shutting down and abandoning module DesktopPlatform (106)
[2024.08.13-03.37.09:745][255]LogModuleManager: Shutting down and abandoning module VisualStudioSourceCodeAccess (105)
[2024.08.13-03.37.09:746][255]LogModuleManager: Shutting down and abandoning module UObjectPlugin (104)
[2024.08.13-03.37.09:746][255]LogModuleManager: Shutting down and abandoning module SubversionSourceControl (103)
[2024.08.13-03.37.09:746][255]LogModuleManager: Shutting down and abandoning module PerforceSourceControl (102)
[2024.08.13-03.37.09:746][255]LogModuleManager: Shutting down and abandoning module SourceControl (101)
[2024.08.13-03.37.09:746][255]LogModuleManager: Shutting down and abandoning module GitSourceControl (100)
[2024.08.13-03.37.09:746][255]LogModuleManager: Shutting down and abandoning module LightPropagationVolumeEditor (99)
[2024.08.13-03.37.09:746][255]LogModuleManager: Shutting down and abandoning module PaperTiledImporter (98)
[2024.08.13-03.37.09:746][255]LogModuleManager: Shutting down and abandoning module PaperSpriteSheetImporter (97)
[2024.08.13-03.37.09:746][255]LogModuleManager: Shutting down and abandoning module MeshPaint (96)
[2024.08.13-03.37.09:746][255]LogModuleManager: Shutting down and abandoning module HotReload (95)
[2024.08.13-03.37.09:746][255]LogModuleManager: Shutting down and abandoning module MainFrame (94)
[2024.08.13-03.37.09:746][255]LogModuleManager: Shutting down and abandoning module LevelEditor (93)
[2024.08.13-03.37.09:747][255]LogModuleManager: Shutting down and abandoning module DirectoryWatcher (92)
[2024.08.13-03.37.09:747][255]LogModuleManager: Shutting down and abandoning module AssetRegistry (91)
[2024.08.13-03.37.09:861][255]LogModuleManager: Shutting down and abandoning module ContentBrowser (90)
[2024.08.13-03.37.09:861][255]LogModuleManager: Shutting down and abandoning module Paper2DEditor (89)
[2024.08.13-03.37.09:861][255]LogModuleManager: Shutting down and abandoning module UAM_Uproject (88)
[2024.08.13-03.37.09:861][255]LogModuleManager: Shutting down and abandoning module UdpMessaging (87)
[2024.08.13-03.37.09:963][255]LogModuleManager: Shutting down and abandoning module LightPropagationVolumeRuntime (86)
[2024.08.13-03.37.09:963][255]LogModuleManager: Shutting down and abandoning module Paper2D (85)
[2024.08.13-03.37.09:963][255]LogModuleManager: Shutting down and abandoning module WindowsMoviePlayer (84)
[2024.08.13-03.37.09:963][255]LogModuleManager: Shutting down and abandoning module Media (83)
[2024.08.13-03.37.09:963][255]LogModuleManager: Shutting down and abandoning module WmfMedia (82)
[2024.08.13-03.37.09:964][255]LogModuleManager: Shutting down and abandoning module MediaAssets (81)
[2024.08.13-03.37.09:964][255]LogModuleManager: Shutting down and abandoning module GameLiveStreaming (80)
[2024.08.13-03.37.09:964][255]LogModuleManager: Shutting down and abandoning module GameplayTagsEditor (79)
[2024.08.13-03.37.09:964][255]LogModuleManager: Shutting down and abandoning module OnlineBlueprintSupport (78)
[2024.08.13-03.37.09:964][255]LogModuleManager: Shutting down and abandoning module GameplayTasksEditor (77)
[2024.08.13-03.37.09:964][255]LogModuleManager: Shutting down and abandoning module PropertyEditor (76)
[2024.08.13-03.37.09:965][255]LogModuleManager: Shutting down and abandoning module BehaviorTreeEditor (75)
[2024.08.13-03.37.09:965][255]LogModuleManager: Shutting down and abandoning module FunctionalTesting (74)
[2024.08.13-03.37.09:965][255]LogModuleManager: Shutting down and abandoning module CollisionAnalyzer (73)
[2024.08.13-03.37.09:965][255]LogModuleManager: Shutting down and abandoning module WorkspaceMenuStructure (72)
[2024.08.13-03.37.09:965][255]LogModuleManager: Shutting down and abandoning module MessageLog (71)
[2024.08.13-03.37.09:965][255]LogModuleManager: Shutting down and abandoning module Sequencer (70)
[2024.08.13-03.37.09:965][255]LogModuleManager: Shutting down and abandoning module AssetTools (69)
[2024.08.13-03.37.09:965][255]LogModuleManager: Shutting down and abandoning module UMGEditor (68)
[2024.08.13-03.37.09:965][255]LogModuleManager: Shutting down and abandoning module UMG (67)
[2024.08.13-03.37.09:965][255]LogModuleManager: Shutting down and abandoning module SlateReflector (66)
[2024.08.13-03.37.09:965][255]LogModuleManager: Shutting down and abandoning module Slate (65)
[2024.08.13-03.37.09:965][255]LogModuleManager: Shutting down and abandoning module EditorStyle (64)
[2024.08.13-03.37.09:967][255]LogModuleManager: Shutting down and abandoning module SessionServices (63)
[2024.08.13-03.37.09:967][255]LogModuleManager: Shutting down and abandoning module SourceCodeAccess (62)
[2024.08.13-03.37.09:967][255]LogModuleManager: Shutting down and abandoning module HeadMountedDisplay (61)
[2024.08.13-03.37.09:967][255]LogModuleManager: Shutting down and abandoning module XAudio2 (60)
[2024.08.13-03.37.09:967][255]LogModuleManager: Shutting down and abandoning module Networking (58)
[2024.08.13-03.37.09:967][255]LogModuleManager: Shutting down and abandoning module Core (57)
[2024.08.13-03.37.09:967][255]LogModuleManager: Shutting down and abandoning module KismetCompiler (56)
[2024.08.13-03.37.09:967][255]LogModuleManager: Shutting down and abandoning module PhysXFormats (55)
[2024.08.13-03.37.09:967][255]LogModuleManager: Shutting down and abandoning module MeshUtilities (54)
[2024.08.13-03.37.09:967][255]LogModuleManager: Shutting down and abandoning module CookingStats (53)
[2024.08.13-03.37.09:967][255]LogModuleManager: Shutting down and abandoning module DerivedDataCache (52)
[2024.08.13-03.37.09:967][255]LogDerivedDataCache: Shutdown
[2024.08.13-03.37.09:967][255]LogModuleManager: Shutting down and abandoning module MetalShaderFormat (51)
[2024.08.13-03.37.09:967][255]LogModuleManager: Shutting down and abandoning module ShaderFormatD3D (50)
[2024.08.13-03.37.09:967][255]LogModuleManager: Shutting down and abandoning module ShaderFormatOpenGL (49)
[2024.08.13-03.37.09:967][255]LogModuleManager: Shutting down and abandoning module TextureFormatUncompressed (48)
[2024.08.13-03.37.09:967][255]LogModuleManager: Shutting down and abandoning module ImageWrapper (47)
[2024.08.13-03.37.09:967][255]LogModuleManager: Shutting down and abandoning module TextureFormatASTC (46)
[2024.08.13-03.37.09:967][255]LogModuleManager: Shutting down and abandoning module TextureFormatPVR (45)
[2024.08.13-03.37.09:967][255]LogModuleManager: Shutting down and abandoning module TextureFormatDXT (44)
[2024.08.13-03.37.09:967][255]LogModuleManager: Shutting down and abandoning module TextureFormatIntelISPCTexComp (43)
[2024.08.13-03.37.09:967][255]LogModuleManager: Shutting down and abandoning module AudioFormatOpus (42)
[2024.08.13-03.37.09:967][255]LogModuleManager: Shutting down and abandoning module AudioFormatOgg (41)
[2024.08.13-03.37.09:967][255]LogModuleManager: Shutting down and abandoning module AudioFormatADPCM (40)
[2024.08.13-03.37.09:967][255]LogModuleManager: Shutting down and abandoning module TVOSTargetPlatform (39)
[2024.08.13-03.37.09:967][255]LogModuleManager: Shutting down and abandoning module Messaging (38)
[2024.08.13-03.37.09:967][255]LogModuleManager: Shutting down and abandoning module IOSTargetPlatform (37)
[2024.08.13-03.37.09:967][255]LogModuleManager: Shutting down and abandoning module HTML5TargetPlatform (36)
[2024.08.13-03.37.09:967][255]LogModuleManager: Shutting down and abandoning module Android_MultiTargetPlatform (35)
[2024.08.13-03.37.09:967][255]LogModuleManager: Shutting down and abandoning module Android_ASTCTargetPlatform (34)
[2024.08.13-03.37.09:967][255]LogModuleManager: Shutting down and abandoning module Android_ETC2TargetPlatform (33)
[2024.08.13-03.37.09:967][255]LogModuleManager: Shutting down and abandoning module Android_ETC1TargetPlatform (32)
[2024.08.13-03.37.09:967][255]LogModuleManager: Shutting down and abandoning module Android_DXTTargetPlatform (31)
[2024.08.13-03.37.09:967][255]LogModuleManager: Shutting down and abandoning module Android_ATCTargetPlatform (30)
[2024.08.13-03.37.09:967][255]LogModuleManager: Shutting down and abandoning module Android_PVRTCTargetPlatform (29)
[2024.08.13-03.37.09:967][255]LogModuleManager: Shutting down and abandoning module AndroidTargetPlatform (28)
[2024.08.13-03.37.09:967][255]LogModuleManager: Shutting down and abandoning module AllDesktopTargetPlatform (27)
[2024.08.13-03.37.09:967][255]LogModuleManager: Shutting down and abandoning module WindowsClientTargetPlatform (26)
[2024.08.13-03.37.09:967][255]LogModuleManager: Shutting down and abandoning module WindowsServerTargetPlatform (25)
[2024.08.13-03.37.09:967][255]LogModuleManager: Shutting down and abandoning module WindowsNoEditorTargetPlatform (24)
[2024.08.13-03.37.09:967][255]LogModuleManager: Shutting down and abandoning module WindowsTargetPlatform (23)
[2024.08.13-03.37.09:967][255]LogModuleManager: Shutting down and abandoning module TargetPlatform (22)
[2024.08.13-03.37.09:967][255]LogModuleManager: Shutting down and abandoning module InputCore (21)
[2024.08.13-03.37.09:967][255]LogModuleManager: Shutting down and abandoning module Settings (20)
[2024.08.13-03.37.09:967][255]LogModuleManager: Shutting down and abandoning module OnlineSubsystem (18)
[2024.08.13-03.37.09:967][255]LogModuleManager: Shutting down and abandoning module HTTP (17)
[2024.08.13-03.37.11:970][255]LogModuleManager: Shutting down and abandoning module OculusRift (16)
[2024.08.13-03.37.11:970][255]LogModuleManager: Shutting down and abandoning module ExampleDeviceProfileSelector (15)
[2024.08.13-03.37.11:970][255]LogModuleManager: Shutting down and abandoning module TextureCompressor (14)
[2024.08.13-03.37.11:970][255]LogModuleManager: Shutting down and abandoning module ShaderCore (13)
[2024.08.13-03.37.11:970][255]LogModuleManager: Shutting down and abandoning module Landscape (12)
[2024.08.13-03.37.11:970][255]LogModuleManager: Shutting down and abandoning module SlateRHIRenderer (11)
[2024.08.13-03.37.11:971][255]LogModuleManager: Shutting down and abandoning module OpenGLDrv (10)
[2024.08.13-03.37.11:971][255]LogModuleManager: Shutting down and abandoning module D3D11RHI (9)
[2024.08.13-03.37.11:971][255]LogModuleManager: Shutting down and abandoning module AnimGraphRuntime (8)
[2024.08.13-03.37.11:971][255]LogModuleManager: Shutting down and abandoning module Renderer (7)
[2024.08.13-03.37.11:971][255]LogModuleManager: Shutting down and abandoning module Engine (6)
[2024.08.13-03.37.11:971][255]LogModuleManager: Shutting down and abandoning module CoreUObject (5)
[2024.08.13-03.37.11:971][255]LogModuleManager: Shutting down and abandoning module NetworkFile (4)
[2024.08.13-03.37.11:971][255]LogModuleManager: Shutting down and abandoning module StreamingFile (3)
[2024.08.13-03.37.11:971][255]LogModuleManager: Shutting down and abandoning module SandboxFile (2)
[2024.08.13-03.37.11:971][255]LogModuleManager: Shutting down and abandoning module PakFile (1)
[2024.08.13-03.37.11:973][255]LogExit: Exiting.
[2024.08.13-03.37.11:977][255]Log file closed, 08/12/24 23:37:11
