Log file open, 08/12/24 23:37:14
LogInit:Display: Running engine for game: UAM_Uproject
LogPlatformFile: Not using cached read wrapper
LogInit:Display: RandInit(1274307536) SRandInit(1274307541).
LogInit: Using version manifest at CL 0 with build ID '320bd2db-b20f-4847-b110-546ed0ad14b7'
LogTaskGraph: Started task graph with 4 named threads and 11 total threads.
LogStats: Stats thread started at 0.160295
LogInit: Version: 4.11.2-0+UE4
LogInit: API Version: 0
LogInit: Compiled (64-bit): Jun 29 2024 20:51:17
LogInit: Compiled with Visual C++: 19.00.24215.01
LogInit: Build Configuration: Development
LogInit: Branch Name: UE4
LogInit: Command line:  
LogInit: Base directory: D:/unreal_engine_installs/UE_4.11_source_build/Engine/Binaries/Win64/
LogInit: Installed Engine Build: 0
LogInit: Using libcurl 7.41.0
LogInit:  - built for x86_64-pc-win32
LogInit:  - supports SSL with WinSSL
LogInit:  - other features:
LogInit:      CURL_VERSION_SSL
LogInit:      CURL_VERSION_IPV6
LogInit:      CURL_VERSION_ASYNCHDNS
LogInit:      CURL_VERSION_LARGEFILE
LogInit:      CURL_VERSION_IDN
LogInit:  CurlRequestOptions (configurable via config and command line):
LogInit:  - bVerifyPeer = true  - Libcurl will verify peer certificate
LogInit:  - bUseHttpProxy = false  - Libcurl will NOT use HTTP proxy
LogInit:  - bDontReuseConnections = false  - Libcurl will reuse connections
LogInit:  - CertBundlePath = nullptr  - Libcurl will use whatever was configured at build time.
LogInit: Presizing for max 16777216 objects, including 0 objects not considered by GC, pre-allocating 0 bytes for permanent pool.
LogInit: Object subsystem initialized
[2024.08.13-03.37.14:324][  0]LogInit: Selected Device Profile: [Windows]
[2024.08.13-03.37.14:324][  0]LogInit: Applying CVar settings loaded from the selected device profile: [Windows]
[2024.08.13-03.37.14:330][  0]LogInit: Computer: DESKTOP-H8M04FC
[2024.08.13-03.37.14:330][  0]LogInit: User: Mythical
[2024.08.13-03.37.14:330][  0]LogInit: CPU Page size=65536, Cores=8
[2024.08.13-03.37.14:330][  0]LogInit: High frequency timer resolution =10.000000 MHz
[2024.08.13-03.37.14:331][  0]LogMemory: Memory total: Physical=15.7GB (16GB approx)
[2024.08.13-03.37.14:331][  0]LogMemory: Platform Memory Stats for Windows
[2024.08.13-03.37.14:331][  0]LogMemory: Process Physical Memory: 316.46 MB used, 316.47 MB peak
[2024.08.13-03.37.14:331][  0]LogMemory: Process Virtual Memory: 316.55 MB used, 316.55 MB peak
[2024.08.13-03.37.14:331][  0]LogMemory: Physical Memory: 11289.71 MB used, 16085.50 MB total
[2024.08.13-03.37.14:331][  0]LogMemory: Virtual Memory: 4770.20 MB used, 134217728.00 MB total
[2024.08.13-03.37.14:419][  0]LogTextLocalizationManager: No specific translations for ('en-US') exist, so ('en') translations will be used.
[2024.08.13-03.37.14:786][  0]LogD3D11RHI: D3D11 adapters:
[2024.08.13-03.37.14:959][  0]LogD3D11RHI:    0. 'NVIDIA GeForce RTX 3070 Laptop GPU' (Feature Level 11_0)
[2024.08.13-03.37.14:959][  0]LogD3D11RHI:       8020MB of dedicated video memory, 0MB of dedicated system memory, and 8042MB of shared system memory, 1 output[s]
[2024.08.13-03.37.14:990][  0]LogD3D11RHI:    1. 'Intel(R) UHD Graphics' (Feature Level 11_0)
[2024.08.13-03.37.14:990][  0]LogD3D11RHI:       128MB of dedicated video memory, 0MB of dedicated system memory, and 8042MB of shared system memory, 1 output[s]
[2024.08.13-03.37.14:992][  0]LogD3D11RHI:    2. 'Microsoft Basic Render Driver' (Feature Level 11_0)
[2024.08.13-03.37.14:992][  0]LogD3D11RHI:       0MB of dedicated video memory, 0MB of dedicated system memory, and 8042MB of shared system memory, 0 output[s]
[2024.08.13-03.37.14:992][  0]LogD3D11RHI: Chosen D3D11 Adapter: 0
[2024.08.13-03.37.15:002][  0]LogD3D11RHI: Creating new Direct3DDevice
[2024.08.13-03.37.15:002][  0]LogD3D11RHI:     Adapter Name: NVIDIA GeForce RTX 3070 Laptop GPU
[2024.08.13-03.37.15:002][  0]LogD3D11RHI:   Driver Version: Unknown (internal Unknown)
[2024.08.13-03.37.15:002][  0]LogD3D11RHI:      Driver Date: Unknown
[2024.08.13-03.37.15:002][  0]LogRHI: Texture pool is 1361 MB (70% of 1945 MB)
[2024.08.13-03.37.15:115][  0]LogD3D11RHI: Async texture creation enabled
[2024.08.13-03.37.15:125][  0]LogShaderCompilers: Guid format shader working directory is -8 characters bigger than the processId version (C:/Users/Mythical/Documents/GitHub/UnrealAutoModInEditor/Intermediate/Shaders/WorkingDirectory/32236/).
[2024.08.13-03.37.15:125][  0]LogShaderCompilers: Cleaned the shader compiler working directory 'C:/Users/Mythical/AppData/Local/Temp/UnrealShaderWorkingDir/5B64BF4C41CDEE0FD92611A3C84C64A5/'.
[2024.08.13-03.37.15:125][  0]LogShaderCompilers:Display: Using Local Shader Compiler.
[2024.08.13-03.37.15:884][  0]LogTemp:Display: Loaded TP WindowsTargetPlatform
[2024.08.13-03.37.15:888][  0]LogTemp:Display: Loaded TP WindowsNoEditorTargetPlatform
[2024.08.13-03.37.15:892][  0]LogTemp:Display: Loaded TP WindowsServerTargetPlatform
[2024.08.13-03.37.15:895][  0]LogTemp:Display: Loaded TP WindowsClientTargetPlatform
[2024.08.13-03.37.15:899][  0]LogTemp:Display: Loaded TP AllDesktopTargetPlatform
[2024.08.13-03.37.15:902][  0]LogTemp:Display: Loaded TP AndroidTargetPlatform
[2024.08.13-03.37.15:905][  0]LogTemp:Display: Loaded TP Android_PVRTCTargetPlatform
[2024.08.13-03.37.15:908][  0]LogTemp:Display: Loaded TP Android_ATCTargetPlatform
[2024.08.13-03.37.15:911][  0]LogTemp:Display: Loaded TP Android_DXTTargetPlatform
[2024.08.13-03.37.15:914][  0]LogTemp:Display: Loaded TP Android_ETC1TargetPlatform
[2024.08.13-03.37.15:917][  0]LogTemp:Display: Loaded TP Android_ETC2TargetPlatform
[2024.08.13-03.37.15:920][  0]LogTemp:Display: Loaded TP Android_ASTCTargetPlatform
[2024.08.13-03.37.15:922][  0]LogTemp:Display: Loaded TP Android_MultiTargetPlatform
[2024.08.13-03.37.15:924][  0]LogTemp:Display: Loaded TP HTML5TargetPlatform
[2024.08.13-03.37.15:940][  0]LogTemp:Display: Loaded TP IOSTargetPlatform
[2024.08.13-03.37.15:943][  0]LogTemp:Display: Loaded TP TVOSTargetPlatform
[2024.08.13-03.37.15:943][  0]LogTargetPlatformManager:Display: Building Assets For Windows
[2024.08.13-03.37.16:020][  0]LogDerivedDataCache:Display: Max Cache Size: 512 MB
[2024.08.13-03.37.16:055][  0]LogDerivedDataCache: Loaded boot cache 0.04s 46MB C:/Users/Mythical/Documents/GitHub/UnrealAutoModInEditor/DerivedDataCache/Boot.ddc.
[2024.08.13-03.37.16:055][  0]LogDerivedDataCache:Display: Loaded Boot cache: C:/Users/Mythical/Documents/GitHub/UnrealAutoModInEditor/DerivedDataCache/Boot.ddc
[2024.08.13-03.37.16:056][  0]LogDerivedDataCache: FDerivedDataBackendGraph:  Pak pak cache file C:/Users/Mythical/Documents/GitHub/UnrealAutoModInEditor/DerivedDataCache/DDC.ddp not found, will not use a pak cache.
[2024.08.13-03.37.16:056][  0]LogDerivedDataCache: Unable to find inner node Pak for hierarchical cache Hierarchy.
[2024.08.13-03.37.16:056][  0]LogDerivedDataCache: FDerivedDataBackendGraph:  EnginePak pak cache file ../../../Engine/DerivedDataCache/DDC.ddp not found, will not use a pak cache.
[2024.08.13-03.37.16:056][  0]LogDerivedDataCache: Unable to find inner node EnginePak for hierarchical cache Hierarchy.
[2024.08.13-03.37.16:068][  0]LogDerivedDataCache: Using Local data cache path ../../../Engine/DerivedDataCache: Writable
[2024.08.13-03.37.16:068][  0]LogDerivedDataCache: Shared data cache path not found in *engine.ini, will not use an Shared cache.
[2024.08.13-03.37.16:068][  0]LogDerivedDataCache: Unable to find inner node Shared for hierarchical cache Hierarchy.
[2024.08.13-03.37.16:226][  0]LogInit: Selected Device Profile: [Windows]
[2024.08.13-03.37.16:227][  0]LogContentStreaming: Texture pool size is 0.00 MB
[2024.08.13-03.37.16:259][  0]LogMaterial: Uniform references updated for custom material expression Custom.
[2024.08.13-03.37.16:381][  0]LogMeshUtilities: No automatic mesh reduction module available
[2024.08.13-03.37.16:381][  0]LogMeshUtilities: No automatic mesh merging module available
[2024.08.13-03.37.16:381][  0]LogMeshUtilities: No distributed automatic mesh merging module available
[2024.08.13-03.37.16:556][  0]LogUObjectArray: 27672 objects as part of root set at end of initial load.
[2024.08.13-03.37.16:556][  0]LogUObjectAllocator: 5590152 out of 0 bytes used by permanent object pool.
[2024.08.13-03.37.16:556][  0]LogUObjectArray: CloseDisregardForGC: 0/0 objects in disregard for GC pool
[2024.08.13-03.37.16:562][  0]LogInit: WinSock: version 1.1 (2.2), MaxSocks=32767, MaxUdp=65467
[2024.08.13-03.37.16:654][  0]LogSlate: SlateFontCache - WITH_FREETYPE: 1, WITH_HARFBUZZ: 1
[2024.08.13-03.37.16:654][  0]LogSlate: SlateFontCache - WITH_FREETYPE: 1, WITH_HARFBUZZ: 1
[2024.08.13-03.37.16:759][  0]LogStreaming:Warning: Failed to read file '../../../Engine/Content/Editor/Slate/Common/Selection_16x.png' error.
[2024.08.13-03.37.16:759][  0]LogSlate: Could not find file for Slate resource: ../../../Engine/Content/Editor/Slate/Common/Selection_16x.png
[2024.08.13-03.37.16:759][  0]LogStreaming:Warning: Failed to read file '../../../Engine/Content/Editor/Slate/Common/Selection_16x.png' error.
[2024.08.13-03.37.16:759][  0]LogSlate: Could not find file for Slate resource: ../../../Engine/Content/Editor/Slate/Common/Selection_16x.png
[2024.08.13-03.37.16:759][  0]LogStreaming:Warning: Failed to read file '../../../Engine/Content/Editor/Slate/Common/Selection_16x.png' error.
[2024.08.13-03.37.16:759][  0]LogSlate: Could not find file for Slate resource: ../../../Engine/Content/Editor/Slate/Common/Selection_16x.png
[2024.08.13-03.37.17:343][  0]LogUdpMessaging: Initializing bridge on interface 0.0.0.0:0 to multicast group 230.0.0.1:6666.
[2024.08.13-03.37.17:465][  0]LogAssetRegistry: FAssetRegistry took 0.0225 seconds to start up
[2024.08.13-03.37.17:628][  0]SourceControl: Info Source control is disabled
[2024.08.13-03.37.17:684][  0]SourceControl: Info Source control is disabled
[2024.08.13-03.37.17:699][  0]SourceControl: Info Source control is disabled
[2024.08.13-03.37.17:715][  0]SourceControl: Info Source control is disabled
[2024.08.13-03.37.17:934][  0]LogHMD: Failed to initialize OpenVR with code 110
[2024.08.13-03.37.18:107][  0]LogStreaming:Warning: Failed to read file '../../../Engine/Content/Editor/Slate/Common/Selection_16x.png' error.
[2024.08.13-03.37.18:107][  0]LogSlate: Could not find file for Slate resource: ../../../Engine/Content/Editor/Slate/Common/Selection_16x.png
[2024.08.13-03.37.18:107][  0]LogStreaming:Warning: Failed to read file '../../../Engine/Content/Editor/Slate/Common/Selection_16x.png' error.
[2024.08.13-03.37.18:107][  0]LogSlate: Could not find file for Slate resource: ../../../Engine/Content/Editor/Slate/Common/Selection_16x.png
[2024.08.13-03.37.18:107][  0]LogStreaming:Warning: Failed to read file '../../../Engine/Content/Editor/Slate/Common/Selection_16x.png' error.
[2024.08.13-03.37.18:107][  0]LogSlate: Could not find file for Slate resource: ../../../Engine/Content/Editor/Slate/Common/Selection_16x.png
[2024.08.13-03.37.18:652][  0]LogEngine: Initializing Engine...
[2024.08.13-03.37.18:781][  0]LogAIModule: Creating AISystem for world NewWorld
[2024.08.13-03.37.18:794][  0]LogInit: XAudio2 using 'Speakers (Realtek(R) Audio)' : 2 channels at 48 kHz using 32 bits per sample (channel mask 0x3)
[2024.08.13-03.37.18:835][  0]LogInit: FAudioDevice initialized.
[2024.08.13-03.37.18:856][  0]LogDerivedDataCache: Saved boot cache 0.02s 46MB C:/Users/Mythical/Documents/GitHub/UnrealAutoModInEditor/DerivedDataCache/Boot.ddc.
[2024.08.13-03.37.18:859][  0]LogInit: Texture streaming: Enabled
[2024.08.13-03.37.18:885][  0]LogInit: Transaction tracking system initialized
[2024.08.13-03.37.18:902][  0]BlueprintLog: New page: Editor Load
[2024.08.13-03.37.18:969][  0]LocalizationService: Info Localization service is disabled
[2024.08.13-03.37.19:040][  0]LogConsoleResponse:Display: 
[2024.08.13-03.37.19:140][  0]LogCook:Display: Max memory allowance for cook 8192mb
[2024.08.13-03.37.19:140][  0]LogCook:Display: Mobile HDR setting 1
[2024.08.13-03.37.19:140][  0]LogCook:Display: Done creating registry. It took  0.00s.
[2024.08.13-03.37.19:200][  0]LogFileCache: Scanning file cache for directory 'C:/Users/Mythical/Documents/GitHub/UnrealAutoModInEditor/Content/' took 0.01s
[2024.08.13-03.37.19:200][  0]SourceControl: Info Source control is disabled
[2024.08.13-03.37.19:200][  0]Cmd: MAP LOAD FILE="C:/Users/Mythical/Documents/GitHub/UnrealAutoModInEditor/Plugins/UnrealAutoMod/Content/NewWorld.umap" TEMPLATE=0 SHOWPROGRESS=1 FEATURELEVEL=3
[2024.08.13-03.37.19:200][  0]LogEditorServer:Warning: Can't find file 'C:/Users/Mythical/Documents/GitHub/UnrealAutoModInEditor/Plugins/UnrealAutoMod/Content/NewWorld.umap'
[2024.08.13-03.37.19:200][  0]Cmd: MAP CHECKDEP NOCLEARLOG
[2024.08.13-03.37.19:267][  0]MapCheck: Info Map check complete: 0 Error(s), 0 Warning(s), took 66.598ms to complete.
[2024.08.13-03.37.19:267][  0]LogFileHelpers: Loading map 'NewWorld' took 0.067
[2024.08.13-03.37.19:341][  0]LogCollectionManager: Loaded 0 collections in 0.001273 seconds
[2024.08.13-03.37.19:380][  0]LogFileCache: Scanning file cache for directory 'C:/Users/Mythical/Documents/GitHub/UnrealAutoModInEditor/Saved/Collections/' took 0.01s
[2024.08.13-03.37.19:380][  0]LogFileCache: Scanning file cache for directory 'C:/Users/Mythical/Documents/GitHub/UnrealAutoModInEditor/Content/Developers/Mythical/Collections/' took 0.01s
[2024.08.13-03.37.19:380][  0]LogFileCache: Scanning file cache for directory 'C:/Users/Mythical/Documents/GitHub/UnrealAutoModInEditor/Content/Collections/' took 0.01s
[2024.08.13-03.37.19:380][  0]LogCollectionManager: Rebuilt the GUID cache for 0 collections in 0.000002 seconds
[2024.08.13-03.37.19:388][  0]LogContentBrowser: Native class hierarchy populated in 0.0080 seconds. Added 1981 classes and 346 folders.
[2024.08.13-03.37.19:391][  0]LogStats: UGameplayTagsManager::ConstructGameplayTagTree: Construct from data asset -  0.000 s
[2024.08.13-03.37.19:391][  0]LogStats: UGameplayTagsManager::ConstructGameplayTagTree: GameplayTagTreeChangedEvent.Broadcast -  0.000 s
[2024.08.13-03.37.19:391][  0]LogContentBrowser: Native class hierarchy updated for 'GameplayTags' in 0.0015 seconds. Added 12 classes and 0 folders.
[2024.08.13-03.37.19:396][  0]LogContentBrowser: Native class hierarchy updated for 'WidgetCarousel' in 0.0013 seconds. Added 0 classes and 0 folders.
[2024.08.13-03.37.19:402][  0]LogContentBrowser: Native class hierarchy updated for 'SuperSearch' in 0.0013 seconds. Added 1 classes and 2 folders.
[2024.08.13-03.37.19:450][  0]LogContentBrowser: Native class hierarchy updated for 'AddContentDialog' in 0.0017 seconds. Added 0 classes and 0 folders.
[2024.08.13-03.37.19:490][  0]LogCrashTracker: Crashtracker disabled due to settings.
[2024.08.13-03.37.19:498][  0]LogUObjectGlobals:Warning: Failed to find object 'Class None.'
[2024.08.13-03.37.19:524][  0]LogContentBrowser: Native class hierarchy updated for 'HierarchicalLODOutliner' in 0.0012 seconds. Added 1 classes and 2 folders.
[2024.08.13-03.37.19:524][  0]LogLoad: Full Startup: 6.48 seconds (BP compile: 0.00 seconds)
[2024.08.13-03.37.19:524][  0]LogExternalProfiler:Warning: No registered external profiler was matched with a command-line switch (or the DLL could not be loaded).  External profiling features will not be available.
[2024.08.13-03.37.19:864][  0]LogOcInput: OculusInput pre-init called
[2024.08.13-03.37.19:937][  0]LogContentStreaming: Texture pool size now 1000 MB
[2024.08.13-03.37.20:057][  0]LogRenderer: Reallocating scene render targets to support 1628x460 (Frame:2).
[2024.08.13-03.37.20:202][  1]LogAssetRegistry: Asset discovery search completed in 2.7604 seconds
[2024.08.13-03.37.20:202][  1]LogCollectionManager: Rebuilt the object cache for 0 collections in 0.000000 seconds (found 0 objects)
[2024.08.13-03.37.20:202][  1]LogCollectionManager: Fixed up redirectors for 0 collections in 0.000068 seconds (updated 0 objects)
[2024.08.13-03.38.05:602][502]LogSlate:Warning: Prevented a slow task dialog from being summoned while a context menu was open
[2024.08.13-03.38.05:782][502]LogAIModule: Creating AISystem for world DefaultLevel
[2024.08.13-03.38.21:085][874]LogObjectTools:Warning: ForceReplaceReferences replaced references for a transient object 'DEADCLASS_BP_FL_UnrealAutoMod_C_0' or package '/Engine/Transient'.
[2024.08.13-03.38.21:085][874]LogObjectTools:Warning: ForceReplaceReferences replaced references for a transient object 'DEADCLASS_BP_FL_UnrealAutoMod_C_1' or package '/Engine/Transient'.
[2024.08.13-03.38.21:085][874]LogObjectTools:Warning: ForceReplaceReferences replaced references for a transient object 'REINST_SKEL_BP_FL_UnrealAutoMod_C_116' or package '/Engine/Transient'.
[2024.08.13-03.38.21:085][874]LogObjectTools:Warning: ForceReplaceReferences replaced references for a transient object 'REINST_BP_FL_UnrealAutoMod_C_115' or package '/Engine/Transient'.
[2024.08.13-03.38.50:854][492]LogContentBrowser: Native class hierarchy updated for 'BlueprintGraph' in 0.0019 seconds. Added 108 classes and 0 folders.
[2024.08.13-03.39.28:108][216]LogEditorViewport: Clicking Background
[2024.08.13-03.39.46:080][291]LogMetaData: Removing '/UnrealAutoMod/Widgets/WBP_UnrealAutoModMini.WBP_UnrealAutoModMini_C' ref from Metadata '/UnrealAutoMod/TempWidget/WBP_UnrealAutoModMini.PackageMetaData'
[2024.08.13-03.39.46:080][291]LogMetaData: Removing '/UnrealAutoMod/Widgets/WBP_UnrealAutoModMini.WBP_UnrealAutoModMini:TempCallUnrealAutoMod.K2Node_FunctionEntry_39' ref from Metadata '/UnrealAutoMod/TempWidget/WBP_UnrealAutoModMini.PackageMetaData'
[2024.08.13-03.39.46:080][291]LogMetaData: Removing '/UnrealAutoMod/Widgets/WBP_UnrealAutoModMini.WBP_UnrealAutoModMini:TempTestModsAll.K2Node_FunctionEntry_56' ref from Metadata '/UnrealAutoMod/TempWidget/WBP_UnrealAutoModMini.PackageMetaData'
[2024.08.13-03.39.46:080][291]LogMetaData: Removing '/UnrealAutoMod/Widgets/WBP_UnrealAutoModMini.WBP_UnrealAutoModMini:RemoveJsonEntry.K2Node_FunctionEntry_125' ref from Metadata '/UnrealAutoMod/TempWidget/WBP_UnrealAutoModMini.PackageMetaData'
[2024.08.13-03.39.46:080][291]LogMetaData: Removing '/UnrealAutoMod/Widgets/WBP_UnrealAutoModMini.WBP_UnrealAutoModMini:AddJsonEntry.K2Node_FunctionEntry_114' ref from Metadata '/UnrealAutoMod/TempWidget/WBP_UnrealAutoModMini.PackageMetaData'
[2024.08.13-03.39.46:080][291]LogMetaData: Removing '/UnrealAutoMod/Widgets/WBP_UnrealAutoModMini.WBP_UnrealAutoModMini_C:BndEvt__ComboBoxString_47_K2Node_ComponentBoundEvent_65_OnSelectionChangedEvent__DelegateSignature' ref from Metadata '/UnrealAutoMod/TempWidget/WBP_UnrealAutoModMini.PackageMetaData'
[2024.08.13-03.39.46:080][291]LogMetaData: Removing '/UnrealAutoMod/Widgets/WBP_UnrealAutoModMini.WBP_UnrealAutoModMini_C:BndEvt__EditableText_4_K2Node_ComponentBoundEvent_366_OnEditableTextCommittedEvent__DelegateSignature' ref from Metadata '/UnrealAutoMod/TempWidget/WBP_UnrealAutoModMini.PackageMetaData'
[2024.08.13-03.39.46:081][291]LogMetaData: Removing '/UnrealAutoMod/Widgets/WBP_UnrealAutoModMini.WBP_UnrealAutoModMini_C:BndEvt__ComboBoxString_87_K2Node_ComponentBoundEvent_23_OnSelectionChangedEvent__DelegateSignature' ref from Metadata '/UnrealAutoMod/TempWidget/WBP_UnrealAutoModMini.PackageMetaData'
[2024.08.13-03.39.46:081][291]LogMetaData: Removing '/UnrealAutoMod/Widgets/WBP_UnrealAutoModMini.WBP_UnrealAutoModMini_C:ExecuteUbergraph_WBP_UnrealAutoModMini' ref from Metadata '/UnrealAutoMod/TempWidget/WBP_UnrealAutoModMini.PackageMetaData'
[2024.08.13-03.39.46:081][291]LogMetaData: Removing '/UnrealAutoMod/Widgets/WBP_UnrealAutoModMini.WBP_UnrealAutoModMini_C:TempTestModsAll.LocalArgs' ref from Metadata '/UnrealAutoMod/TempWidget/WBP_UnrealAutoModMini.PackageMetaData'
[2024.08.13-03.39.46:081][291]LogMetaData: Removing '/UnrealAutoMod/Widgets/WBP_UnrealAutoModMini.WBP_UnrealAutoModMini_C:TempCallUnrealAutoMod.LocalArgs' ref from Metadata '/UnrealAutoMod/TempWidget/WBP_UnrealAutoModMini.PackageMetaData'
[2024.08.13-03.39.46:081][291]LogMetaData: Removing '/UnrealAutoMod/Widgets/WBP_UnrealAutoModMini.WBP_UnrealAutoModMini_C:Construct' ref from Metadata '/UnrealAutoMod/TempWidget/WBP_UnrealAutoModMini.PackageMetaData'
[2024.08.13-03.39.46:081][291]LogMetaData: Removing '/UnrealAutoMod/Widgets/WBP_UnrealAutoModMini.WBP_UnrealAutoModMini_C:ComboBoxString_87' ref from Metadata '/UnrealAutoMod/TempWidget/WBP_UnrealAutoModMini.PackageMetaData'
[2024.08.13-03.39.46:081][291]LogMetaData: Removing '/UnrealAutoMod/Widgets/WBP_UnrealAutoModMini.WBP_UnrealAutoModMini_C:EditableText_4' ref from Metadata '/UnrealAutoMod/TempWidget/WBP_UnrealAutoModMini.PackageMetaData'
[2024.08.13-03.39.46:081][291]LogMetaData: Removing '/UnrealAutoMod/Widgets/WBP_UnrealAutoModMini.WBP_UnrealAutoModMini_C:Image_0' ref from Metadata '/UnrealAutoMod/TempWidget/WBP_UnrealAutoModMini.PackageMetaData'
[2024.08.13-03.39.46:081][291]LogMetaData: Removing '/UnrealAutoMod/Widgets/WBP_UnrealAutoModMini.WBP_UnrealAutoModMini_C:Image_18' ref from Metadata '/UnrealAutoMod/TempWidget/WBP_UnrealAutoModMini.PackageMetaData'
[2024.08.13-03.39.46:081][291]LogMetaData: Removing '/UnrealAutoMod/Widgets/WBP_UnrealAutoModMini.WBP_UnrealAutoModMini_C:Image_52' ref from Metadata '/UnrealAutoMod/TempWidget/WBP_UnrealAutoModMini.PackageMetaData'
[2024.08.13-03.39.46:081][291]LogMetaData: Removing '/UnrealAutoMod/Widgets/WBP_UnrealAutoModMini.WBP_UnrealAutoModMini_C:WBP_Base_Button' ref from Metadata '/UnrealAutoMod/TempWidget/WBP_UnrealAutoModMini.PackageMetaData'
[2024.08.13-03.39.46:081][291]LogMetaData: Removing '/UnrealAutoMod/Widgets/WBP_UnrealAutoModMini.WBP_UnrealAutoModMini_C:WBP_Base_Button_114' ref from Metadata '/UnrealAutoMod/TempWidget/WBP_UnrealAutoModMini.PackageMetaData'
[2024.08.13-03.39.46:081][291]LogMetaData: Removing '/UnrealAutoMod/Widgets/WBP_UnrealAutoModMini.WBP_UnrealAutoModMini_C:WBP_Base_Button_C_6' ref from Metadata '/UnrealAutoMod/TempWidget/WBP_UnrealAutoModMini.PackageMetaData'
[2024.08.13-03.39.46:081][291]LogMetaData: Removing '/UnrealAutoMod/Widgets/WBP_UnrealAutoModMini.WBP_UnrealAutoModMini_C:WBP_Base_Button_C_17' ref from Metadata '/UnrealAutoMod/TempWidget/WBP_UnrealAutoModMini.PackageMetaData'
[2024.08.13-03.39.46:082][291]LogMetaData: Removing '/UnrealAutoMod/Widgets/WBP_UnrealAutoModMini.WBP_UnrealAutoModMini_C:WBP_Base_Button_C_18' ref from Metadata '/UnrealAutoMod/TempWidget/WBP_UnrealAutoModMini.PackageMetaData'
[2024.08.13-03.39.46:082][291]LogMetaData: Removing '/UnrealAutoMod/Widgets/WBP_UnrealAutoModMini.WBP_UnrealAutoModMini_C:SG_Save' ref from Metadata '/UnrealAutoMod/TempWidget/WBP_UnrealAutoModMini.PackageMetaData'
[2024.08.13-03.39.46:082][291]LogMetaData: Removing '/UnrealAutoMod/Widgets/WBP_UnrealAutoModMini.WBP_UnrealAutoModMini_C:CurrentEditableTextValue' ref from Metadata '/UnrealAutoMod/TempWidget/WBP_UnrealAutoModMini.PackageMetaData'
[2024.08.13-03.39.46:082][291]LogMetaData: Removing '/UnrealAutoMod/Widgets/WBP_UnrealAutoModMini.SKEL_WBP_UnrealAutoModMini_C:CurrentEditableTextValue' ref from Metadata '/UnrealAutoMod/TempWidget/WBP_UnrealAutoModMini.PackageMetaData'
[2024.08.13-03.39.46:082][291]LogMetaData: Removing '/UnrealAutoMod/Widgets/WBP_UnrealAutoModMini.SKEL_WBP_UnrealAutoModMini_C:SG_Save' ref from Metadata '/UnrealAutoMod/TempWidget/WBP_UnrealAutoModMini.PackageMetaData'
[2024.08.13-03.39.46:082][291]LogMetaData: Removing '/UnrealAutoMod/Widgets/WBP_UnrealAutoModMini.SKEL_WBP_UnrealAutoModMini_C:WBP_Base_Button_C_18' ref from Metadata '/UnrealAutoMod/TempWidget/WBP_UnrealAutoModMini.PackageMetaData'
[2024.08.13-03.39.46:082][291]LogMetaData: Removing '/UnrealAutoMod/Widgets/WBP_UnrealAutoModMini.SKEL_WBP_UnrealAutoModMini_C:WBP_Base_Button_C_17' ref from Metadata '/UnrealAutoMod/TempWidget/WBP_UnrealAutoModMini.PackageMetaData'
[2024.08.13-03.39.46:082][291]LogMetaData: Removing '/UnrealAutoMod/Widgets/WBP_UnrealAutoModMini.SKEL_WBP_UnrealAutoModMini_C:WBP_Base_Button_C_6' ref from Metadata '/UnrealAutoMod/TempWidget/WBP_UnrealAutoModMini.PackageMetaData'
[2024.08.13-03.39.46:082][291]LogMetaData: Removing '/UnrealAutoMod/Widgets/WBP_UnrealAutoModMini.SKEL_WBP_UnrealAutoModMini_C:WBP_Base_Button_114' ref from Metadata '/UnrealAutoMod/TempWidget/WBP_UnrealAutoModMini.PackageMetaData'
[2024.08.13-03.39.46:082][291]LogMetaData: Removing '/UnrealAutoMod/Widgets/WBP_UnrealAutoModMini.SKEL_WBP_UnrealAutoModMini_C:WBP_Base_Button' ref from Metadata '/UnrealAutoMod/TempWidget/WBP_UnrealAutoModMini.PackageMetaData'
[2024.08.13-03.39.46:082][291]LogMetaData: Removing '/UnrealAutoMod/Widgets/WBP_UnrealAutoModMini.SKEL_WBP_UnrealAutoModMini_C:Image_52' ref from Metadata '/UnrealAutoMod/TempWidget/WBP_UnrealAutoModMini.PackageMetaData'
[2024.08.13-03.39.46:082][291]LogMetaData: Removing '/UnrealAutoMod/Widgets/WBP_UnrealAutoModMini.SKEL_WBP_UnrealAutoModMini_C:Image_18' ref from Metadata '/UnrealAutoMod/TempWidget/WBP_UnrealAutoModMini.PackageMetaData'
[2024.08.13-03.39.46:082][291]LogMetaData: Removing '/UnrealAutoMod/Widgets/WBP_UnrealAutoModMini.SKEL_WBP_UnrealAutoModMini_C:Image_0' ref from Metadata '/UnrealAutoMod/TempWidget/WBP_UnrealAutoModMini.PackageMetaData'
[2024.08.13-03.39.46:083][291]LogMetaData: Removing '/UnrealAutoMod/Widgets/WBP_UnrealAutoModMini.SKEL_WBP_UnrealAutoModMini_C:EditableText_4' ref from Metadata '/UnrealAutoMod/TempWidget/WBP_UnrealAutoModMini.PackageMetaData'
[2024.08.13-03.39.46:083][291]LogMetaData: Removing '/UnrealAutoMod/Widgets/WBP_UnrealAutoModMini.SKEL_WBP_UnrealAutoModMini_C:ComboBoxString_87' ref from Metadata '/UnrealAutoMod/TempWidget/WBP_UnrealAutoModMini.PackageMetaData'
[2024.08.13-03.39.46:083][291]LogMetaData: Removing '/UnrealAutoMod/Widgets/WBP_UnrealAutoModMini.SKEL_WBP_UnrealAutoModMini_C:Construct' ref from Metadata '/UnrealAutoMod/TempWidget/WBP_UnrealAutoModMini.PackageMetaData'
[2024.08.13-03.39.46:083][291]LogMetaData: Removing '/UnrealAutoMod/Widgets/WBP_UnrealAutoModMini.SKEL_WBP_UnrealAutoModMini_C:TempCallUnrealAutoMod.LocalArgs' ref from Metadata '/UnrealAutoMod/TempWidget/WBP_UnrealAutoModMini.PackageMetaData'
[2024.08.13-03.39.46:083][291]LogMetaData: Removing '/UnrealAutoMod/Widgets/WBP_UnrealAutoModMini.SKEL_WBP_UnrealAutoModMini_C:TempTestModsAll.LocalArgs' ref from Metadata '/UnrealAutoMod/TempWidget/WBP_UnrealAutoModMini.PackageMetaData'
[2024.08.13-03.39.46:083][291]LogMetaData: Removing '/UnrealAutoMod/Widgets/WBP_UnrealAutoModMini.SKEL_WBP_UnrealAutoModMini_C:ExecuteUbergraph_WBP_UnrealAutoModMini' ref from Metadata '/UnrealAutoMod/TempWidget/WBP_UnrealAutoModMini.PackageMetaData'
[2024.08.13-03.39.46:083][291]LogMetaData: Removing '/UnrealAutoMod/Widgets/WBP_UnrealAutoModMini.SKEL_WBP_UnrealAutoModMini_C:BndEvt__ComboBoxString_87_K2Node_ComponentBoundEvent_23_OnSelectionChangedEvent__DelegateSignature' ref from Metadata '/UnrealAutoMod/TempWidget/WBP_UnrealAutoModMini.PackageMetaData'
[2024.08.13-03.39.46:083][291]LogMetaData: Removing '/UnrealAutoMod/Widgets/WBP_UnrealAutoModMini.SKEL_WBP_UnrealAutoModMini_C:BndEvt__EditableText_4_K2Node_ComponentBoundEvent_366_OnEditableTextCommittedEvent__DelegateSignature' ref from Metadata '/UnrealAutoMod/TempWidget/WBP_UnrealAutoModMini.PackageMetaData'
[2024.08.13-03.39.46:083][291]LogMetaData: Removing '/UnrealAutoMod/Widgets/WBP_UnrealAutoModMini.SKEL_WBP_UnrealAutoModMini_C:BndEvt__ComboBoxString_47_K2Node_ComponentBoundEvent_65_OnSelectionChangedEvent__DelegateSignature' ref from Metadata '/UnrealAutoMod/TempWidget/WBP_UnrealAutoModMini.PackageMetaData'
[2024.08.13-03.39.46:083][291]LogMetaData: Removing '/UnrealAutoMod/Widgets/WBP_UnrealAutoModMini.SKEL_WBP_UnrealAutoModMini_C' ref from Metadata '/UnrealAutoMod/TempWidget/WBP_UnrealAutoModMini.PackageMetaData'
[2024.08.13-03.39.46:356][291]LogSavePackage: Save=249.79ms
[2024.08.13-03.39.46:356][291]LogSavePackage: Moving 'C:/Users/Mythical/Documents/GitHub/UnrealAutoModInEditor/Saved/WBP_UnrealAutoModMini6519A9984C4B0336414A82A4CBEE4F88.tmp' to 'C:/Users/Mythical/Documents/GitHub/UnrealAutoModInEditor/Plugins/UnrealAutoMod/Content/Widgets/WBP_UnrealAutoModMini.uasset'
[2024.08.13-03.39.46:358][291]LogSavePackage: Total save time: 252.57ms
[2024.08.13-03.39.46:359][291]LogSavePackage:Display: Finished SavePackage C:/Users/Mythical/Documents/GitHub/UnrealAutoModInEditor/Plugins/UnrealAutoMod/Content/Widgets/WBP_UnrealAutoModMini.uasset
[2024.08.13-03.39.46:537][291]LogSavePackage: Save=40.96ms
[2024.08.13-03.39.46:537][291]LogSavePackage: Moving 'C:/Users/Mythical/Documents/GitHub/UnrealAutoModInEditor/Saved/WBP_UnrealAutoModC3EB02B845509B75FE38D38FCC594588.tmp' to 'C:/Users/Mythical/Documents/GitHub/UnrealAutoModInEditor/Plugins/UnrealAutoMod/Content/Widgets/WBP_UnrealAutoMod.uasset'
[2024.08.13-03.39.46:539][291]LogSavePackage: Total save time: 43.28ms
[2024.08.13-03.39.46:539][291]LogSavePackage:Display: Finished SavePackage C:/Users/Mythical/Documents/GitHub/UnrealAutoModInEditor/Plugins/UnrealAutoMod/Content/Widgets/WBP_UnrealAutoMod.uasset
[2024.08.13-03.39.56:417][881]LogMetaData: Removing '/UnrealAutoMod/Saves/SG_Settings.SG_Settings_C' ref from Metadata '/UnrealAutoMod/TempWidget/SG_Settings.PackageMetaData'
[2024.08.13-03.39.56:417][881]LogMetaData: Removing '/UnrealAutoMod/Saves/SG_Settings.SG_Settings_C:ActiveSettingsPath' ref from Metadata '/UnrealAutoMod/TempWidget/SG_Settings.PackageMetaData'
[2024.08.13-03.39.56:417][881]LogMetaData: Removing '/UnrealAutoMod/Saves/SG_Settings.SG_Settings_C:SettingsPaths' ref from Metadata '/UnrealAutoMod/TempWidget/SG_Settings.PackageMetaData'
[2024.08.13-03.39.56:417][881]LogMetaData: Removing '/UnrealAutoMod/Saves/SG_Settings.SKEL_SG_Settings_C:SettingsPaths' ref from Metadata '/UnrealAutoMod/TempWidget/SG_Settings.PackageMetaData'
[2024.08.13-03.39.56:417][881]LogMetaData: Removing '/UnrealAutoMod/Saves/SG_Settings.SKEL_SG_Settings_C:ActiveSettingsPath' ref from Metadata '/UnrealAutoMod/TempWidget/SG_Settings.PackageMetaData'
[2024.08.13-03.39.56:417][881]LogMetaData: Removing '/UnrealAutoMod/Saves/SG_Settings.SKEL_SG_Settings_C' ref from Metadata '/UnrealAutoMod/TempWidget/SG_Settings.PackageMetaData'
[2024.08.13-03.39.56:433][881]Cmd: OBJ SAVEPACKAGE PACKAGE="/UnrealAutoMod/Saves/SG_Settings" FILE="C:/Users/Mythical/Documents/GitHub/UnrealAutoModInEditor/Plugins/UnrealAutoMod/Content/Saves/SG_Settings.uasset" SILENT=true
[2024.08.13-03.39.56:437][881]LogSavePackage: Save=2.70ms
[2024.08.13-03.39.56:437][881]LogSavePackage: Moving 'C:/Users/Mythical/Documents/GitHub/UnrealAutoModInEditor/Saved/SG_Settings90A96FE242C6CD3BD4006298136D6F42.tmp' to 'C:/Users/Mythical/Documents/GitHub/UnrealAutoModInEditor/Plugins/UnrealAutoMod/Content/Saves/SG_Settings.uasset'
[2024.08.13-03.39.56:439][881]LogSavePackage: Total save time: 4.50ms
[2024.08.13-03.39.56:439][881]LogSavePackage:Display: Finished SavePackage C:/Users/Mythical/Documents/GitHub/UnrealAutoModInEditor/Plugins/UnrealAutoMod/Content/Saves/SG_Settings.uasset
[2024.08.13-03.39.56:785][881]LogSavePackage: Save=193.07ms
[2024.08.13-03.39.56:785][881]LogSavePackage: Moving 'C:/Users/Mythical/Documents/GitHub/UnrealAutoModInEditor/Saved/WBP_UnrealAutoModMini28808A51438E6E17666CA18CED4B3370.tmp' to 'C:/Users/Mythical/Documents/GitHub/UnrealAutoModInEditor/Plugins/UnrealAutoMod/Content/Widgets/WBP_UnrealAutoModMini.uasset'
[2024.08.13-03.39.56:788][881]LogSavePackage: Total save time: 197.98ms
[2024.08.13-03.39.56:788][881]LogSavePackage:Display: Finished SavePackage C:/Users/Mythical/Documents/GitHub/UnrealAutoModInEditor/Plugins/UnrealAutoMod/Content/Widgets/WBP_UnrealAutoModMini.uasset
[2024.08.13-03.40.48:125][464]LogLinker:Warning: Can't find file '/UnrealAutoMod/DataTables/DT_UnrealAutoModThemes'
[2024.08.13-03.40.48:126][464]LogLinker:Warning: Can't find file for asset '/UnrealAutoMod/DataTables/DT_UnrealAutoModThemes' while loading C:/Users/Mythical/Documents/GitHub/UnrealAutoModInEditor/Plugins/UnrealAutoMod/Content/Widgets/Bases/WBP_BaseBackground.uasset.
[2024.08.13-03.40.48:126][464]LoadErrors:Error: Error /UnrealAutoMod/Widgets/Bases/WBP_BaseBackground : Can't find file for asset. /UnrealAutoMod/DataTables/DT_UnrealAutoModThemes
[2024.08.13-03.40.48:133][464]LogLinker:Warning: Can't find file '/UnrealAutoMod/DataTables/DT_UnrealAutoModThemes'
[2024.08.13-03.40.48:133][464]LogLinker:Warning: Can't find file for asset '/UnrealAutoMod/DataTables/DT_UnrealAutoModThemes' while loading C:/Users/Mythical/Documents/GitHub/UnrealAutoModInEditor/Plugins/UnrealAutoMod/Content/Widgets/Bases/WBP_BaseBackground.uasset.
[2024.08.13-03.40.48:134][464]LogLinker:Warning: Can't find file '/UnrealAutoMod/DataTables/DT_UnrealAutoModThemes'
[2024.08.13-03.40.48:134][464]LogLinker:Warning: Can't find file for asset '/UnrealAutoMod/DataTables/DT_UnrealAutoModThemes' while loading NULL.
[2024.08.13-03.40.48:135][464]LogLinker:Warning: Can't find file '/UnrealAutoMod/DataTables/DT_UnrealAutoModThemes'
[2024.08.13-03.40.48:135][464]LogLinker:Warning: Can't find file for asset '/UnrealAutoMod/DataTables/DT_UnrealAutoModThemes' while loading NULL.
[2024.08.13-03.40.48:137][464]LogLinker:Warning: Can't find file '/UnrealAutoMod/DataTables/DT_UnrealAutoModThemes'
[2024.08.13-03.40.48:137][464]LoadErrors: Info Failed to load /UnrealAutoMod/DataTables/DT_UnrealAutoModThemes.DT_UnrealAutoModThemes Referenced by EdGraphPin_11019
[2024.08.13-03.40.48:137][464]LogLinker:Warning: Can't find file for asset '/UnrealAutoMod/DataTables/DT_UnrealAutoModThemes' while loading NULL.
[2024.08.13-03.40.48:142][464]LogBlueprint:Error: [compiler WBP_BaseBackground] Error No DataTable in  Get Data Table Row NONE 
[2024.08.13-03.40.48:148][464]LogBlueprint:Error: [compiler WBP_BaseBackground] Error GetDataTableRow must have a DataTable specified.
[2024.08.13-03.40.48:152][464]LogBlueprint:Warning: [compiler WBP_BaseBackground] Warning [0215.10] Compile of WBP_BaseBackground failed. 2 Fatal Issue(s) 0 Warning(s) [in 10 ms]
[2024.08.13-03.40.48:152][464]LogBlueprint:Warning: [compiler WBP_BaseBackground] Warning [0215.10] Compile of WBP_BaseBackground failed. 2 Fatal Issue(s) 1 Warning(s) [in 0 ms]
[2024.08.13-03.40.48:152][464]LogBlueprint:Warning: [compiler WBP_BaseBackground] Warning [0215.10] Compile of WBP_BaseBackground failed. 2 Fatal Issue(s) 2 Warning(s) [in 0 ms]
[2024.08.13-03.41.18:917][774]BlueprintLog: New page: Compile WBP_UnrealAutoModMini
[2024.08.13-03.41.19:095][774]BlueprintEditorCompileResults: Info [0246.05] Compile of WBP_UnrealAutoModMini successful! [in 177 ms]
[2024.08.13-03.41.19:617][787]LogSavePackage: Save=251.04ms
[2024.08.13-03.41.19:617][787]LogSavePackage: Moving 'C:/Users/Mythical/Documents/GitHub/UnrealAutoModInEditor/Saved/WBP_UnrealAutoModMiniF3B96ACA41415833B85BDF9E1661A67D.tmp' to 'C:/Users/Mythical/Documents/GitHub/UnrealAutoModInEditor/Plugins/UnrealAutoMod/Content/Widgets/WBP_UnrealAutoModMini.uasset'
[2024.08.13-03.41.19:618][787]LogSavePackage: Total save time: 253.81ms
[2024.08.13-03.41.19:619][787]LogSavePackage:Display: Finished SavePackage C:/Users/Mythical/Documents/GitHub/UnrealAutoModInEditor/Plugins/UnrealAutoMod/Content/Widgets/WBP_UnrealAutoModMini.uasset
[2024.08.13-03.41.31:800][419]LogCrashTracker: 


[2024.08.13-03.41.32:020][419]LogCrashTracker: 


[2024.08.13-03.41.32:020][419]LogWindows:Error: === Critical error: ===
Fatal error!

Unhandled Exception: EXCEPTION_ACCESS_VIOLATION reading address 0xffffffff

UE4Editor-UMG.dll!UWidget::TakeWidget() [d:\unreal_engine_installs\ue_4.11_source_build\engine\source\runtime\umg\private\components\widget.cpp:481]
UE4Editor-UnrealAutoMod.dll
UE4Editor-UnrealAutoMod.dll
UE4Editor-UnrealAutoMod.dll
UE4Editor-UnrealAutoMod.dll
UE4Editor-Slate.dll!TBaseDelegate<TSharedRef<SDockTab,0>,FSpawnTabArgs const & __ptr64>::Execute() [d:\unreal_engine_installs\ue_4.11_source_build\engine\source\runtime\core\public\delegates\delegatesignatureimpl_variadics.inl:521]
UE4Editor-Slate.dll!FTabManager::SpawnTab() [d:\unreal_engine_installs\ue_4.11_source_build\engine\source\runtime\slate\private\framework\docking\tabmanager.cpp:1214]
UE4Editor-Slate.dll!FTabManager::InvokeTab_Internal() [d:\unreal_engine_installs\ue_4.11_source_build\engine\source\runtime\slate\private\framework\docking\tabmanager.cpp:942]
UE4Editor-Slate.dll!FTabManager::InvokeTab() [d:\unreal_engine_installs\ue_4.11_source_build\engine\source\runtime\slate\private\framework\docking\tabmanager.cpp:882]
UE4Editor-UnrealAutoMod.dll
UE4Editor-UnrealAutoMod.dll
UE4Editor-Slate.dll!FUICommandList::ExecuteAction() [d:\unreal_engine_installs\ue_4.11_source_build\engine\source\runtime\slate\private\framework\commands\uicommandlist.cpp:87]
UE4Editor-Slate.dll!SToolBarButtonBlock::OnClicked() [d:\unreal_engine_installs\ue_4.11_source_build\engine\source\runtime\slate\private\framework\multibox\stoolbarbuttonblock.cpp:300]
UE4Editor-Slate.dll!TMemberFunctionCaller<SToolBarButtonBlock,FReply (__cdecl SToolBarButtonBlock::*)(void) __ptr64>::operator()<>() [d:\unreal_engine_installs\ue_4.11_source_build\engine\source\runtime\core\public\delegates\delegateinstanceinterface_variadics.h:161]
UE4Editor-Slate.dll!TTupleImpl<TIntegerSequence<unsigned int> >::ApplyAfter_ExplicitReturnType<FReply,TMemberFunctionCaller<SToolBarButtonBlock,FReply (__cdecl SToolBarButtonBlock::*)(void) __ptr64> >() [d:\unreal_engine_installs\ue_4.11_source_build\engine\source\runtime\core\public\delegates\tuple.h:128]
UE4Editor-Slate.dll!TBaseSPMethodDelegateInstance<0,SToolBarButtonBlock,0,FReply __cdecl(void)>::Execute() [d:\unreal_engine_installs\ue_4.11_source_build\engine\source\runtime\core\public\delegates\delegateinstancesimpl_variadics.inl:321]
UE4Editor-Slate.dll!TBaseDelegate<FReply>::Execute() [d:\unreal_engine_installs\ue_4.11_source_build\engine\source\runtime\core\public\delegates\delegatesignatureimpl_variadics.inl:521]
UE4Editor-Slate.dll!SButton::OnMouseButtonUp() [d:\unreal_engine_installs\ue_4.11_source_build\engine\source\runtime\slate\private\widgets\input\sbutton.cpp:273]
UE4Editor-Slate.dll!<lambda_9ed539f2a96fd1ccd6d2214174cc7705>::operator()() [d:\unreal_engine_installs\ue_4.11_source_build\engine\source\runtime\slate\private\framework\application\slateapplication.cpp:4540]
UE4Editor-Slate.dll!FEventRouter::Route<FReply,FEventRouter::FToLeafmostPolicy,FPointerEvent,<lambda_9ed539f2a96fd1ccd6d2214174cc7705> >() [d:\unreal_engine_installs\ue_4.11_source_build\engine\source\runtime\slate\private\framework\application\slateapplication.cpp:214]
UE4Editor-Slate.dll!FSlateApplication::RoutePointerUpEvent() [d:\unreal_engine_installs\ue_4.11_source_build\engine\source\runtime\slate\private\framework\application\slateapplication.cpp:4530]
UE4Editor-Slate.dll!FSlateApplication::ProcessMouseButtonUpEvent() [d:\unreal_engine_installs\ue_4.11_source_build\engine\source\runtime\slate\private\framework\application\slateapplication.cpp:4947]
UE4Editor-Slate.dll!FSlateApplication::OnMouseUp() [d:\unreal_engine_installs\ue_4.11_source_build\engine\source\runtime\slate\private\framework\application\slateapplication.cpp:4923]
UE4Editor-Core.dll!FWindowsApplication::ProcessDeferredMessage() [d:\unreal_engine_installs\ue_4.11_source_build\engine\source\runtime\core\private\windows\windowsapplication.cpp:1415]
UE4Editor-Core.dll!FWindowsApplication::DeferMessage() [d:\unreal_engine_installs\ue_4.11_source_build\engine\source\runtime\core\private\windows\windowsapplication.cpp:1732]
UE4Editor-Core.dll!FWindowsApplication::ProcessMessage() [d:\unreal_engine_installs\ue_4.11_source_build\engine\source\runtime\core\private\windows\windowsapplication.cpp:697]
UE4Editor-Core.dll!FWindowsApplication::AppWndProc() [d:\unreal_engine_installs\ue_4.11_source_build\engine\source\runtime\core\private\windows\windowsapplication.cpp:619]
USER32.dll
USER32.dll
UE4Editor-Core.dll!FWindowsPlatformMisc::PumpMessages() [d:\unreal_engine_installs\ue_4.11_source_build\engine\source\runtime\core\private\windows\windowsplatformmisc.cpp:884]
UE4Editor.exe!FEngineLoop::Tick() [d:\unreal_engine_installs\ue_4.11_source_build\engine\source\runtime\launch\private\launchengineloop.cpp:2611]
UE4Editor.exe!GuardedMain() [d:\unreal_engine_installs\ue_4.11_source_build\engine\source\runtime\launch\private\launch.cpp:142]
UE4Editor.exe!GuardedMainWrapper() [d:\unreal_engine_installs\ue_4.11_source_build\engine\source\runtime\launch\private\windows\launchwindows.cpp:126]
UE4Editor.exe!WinMain() [d:\unreal_engine_installs\ue_4.11_source_build\engine\source\runtime\launch\private\windows\launchwindows.cpp:200]
UE4Editor.exe!__scrt_common_main_seh() [f:\dd\vctools\crt\vcstartup\src\startup\exe_common.inl:253]
KERNEL32.DLL
ntdll.dll
ntdll.dll


[2024.08.13-03.41.32:049][419]LogExit: Executing StaticShutdownAfterError
[2024.08.13-03.41.32:052][419]LogPhysics:Warning: PHYSX: ..\..\PhysX\src\NpScene.cpp (2946) 8 : PxScene::unlockWrite() called without matching call to PxScene::lockWrite(), behaviour will be undefined.
[2024.08.13-03.41.32:052][419]LogPhysics:Warning: PHYSX: ..\..\PhysX\src\NpScene.cpp (2946) 8 : PxScene::unlockWrite() called without matching call to PxScene::lockWrite(), behaviour will be undefined.
[2024.08.13-03.41.32:052][419]LogPhysics:Warning: PHYSX: ..\..\PhysX\src\NpScene.cpp (2946) 8 : PxScene::unlockWrite() called without matching call to PxScene::lockWrite(), behaviour will be undefined.
[2024.08.13-03.41.32:053][419]LogPhysics:Warning: PHYSX: ..\..\PhysX\src\NpScene.cpp (2946) 8 : PxScene::unlockWrite() called without matching call to PxScene::lockWrite(), behaviour will be undefined.
[2024.08.13-03.41.32:053][419]LogPhysics:Warning: PHYSX: ..\..\PhysX\src\NpScene.cpp (2946) 8 : PxScene::unlockWrite() called without matching call to PxScene::lockWrite(), behaviour will be undefined.
[2024.08.13-03.41.32:053][419]LogPhysics:Warning: PHYSX: ..\..\PhysX\src\NpScene.cpp (2946) 8 : PxScene::unlockWrite() called without matching call to PxScene::lockWrite(), behaviour will be undefined.
[2024.08.13-03.41.32:053][419]LogWindows: FPlatformMisc::RequestExit(1)
[2024.08.13-03.41.32:053][419]Log file closed, 08/12/24 23:41:32
